;  LST file generated by mikroListExporter - v.2.0 
; Date/Time: 11/6/2023 7:47:47 PM
;----------------------------------------------

;Address Opcode 	ASM
0x0000	0x2816      	GOTO       22
_____DoICP:
;__Lib_System.c,6 :: 		
;__Lib_System.c,9 :: 		
0x0003	0x1283      	BCF        STATUS, 5
0x0004	0x1303      	BCF        STATUS, 6
0x0005	0x0823      	MOVF       ___DoICPAddr+1, 0
0x0006	0x008A      	MOVWF      PCLATH
;__Lib_System.c,10 :: 		
0x0007	0x0822      	MOVF       ___DoICPAddr, 0
0x0008	0x0082      	MOVWF      PCL
;__Lib_System.c,12 :: 		
L_end_____DoICP:
0x0009	0x0008      	RETURN
; end of _____DoICP
___CC2DW:
;__Lib_System.c,134 :: 		
;__Lib_System.c,137 :: 		
_CC2D_Loop1:
;__Lib_System.c,139 :: 		
0x000A	0x2003      	CALL       _____DoICP
0x000B	0x118A      	BCF        PCLATH, 3
0x000C	0x120A      	BCF        PCLATH, 4
;__Lib_System.c,141 :: 		
0x000D	0x0080      	MOVWF      INDF
;__Lib_System.c,142 :: 		
0x000E	0x0A84      	INCF       FSR, 1
;__Lib_System.c,143 :: 		
0x000F	0x0AA2      	INCF       ___DoICPAddr, 1
;__Lib_System.c,145 :: 		
0x0010	0x1903      	BTFSC      STATUS, 2
;__Lib_System.c,146 :: 		
0x0011	0x0AA3      	INCF       ___DoICPAddr+1, 1
;__Lib_System.c,147 :: 		
0x0012	0x03F0      	DECF       R0, 1
;__Lib_System.c,149 :: 		
0x0013	0x1D03      	BTFSS      STATUS, 2
;__Lib_System.c,150 :: 		
0x0014	0x280A      	GOTO       _CC2D_Loop1
;__Lib_System.c,152 :: 		
L_end___CC2DW:
0x0015	0x0008      	RETURN
; end of ___CC2DW
_main:
0x0016	0x1283      	BCF        STATUS, 5
0x0017	0x1303      	BCF        STATUS, 6
0x0018	0x01A0      	CLRF       _i
0x0019	0x01A1      	CLRF       33
;Stepper_motor.c,2 :: 		void main() {
;Stepper_motor.c,3 :: 		TRISD = 0X00;
0x001A	0x1683      	BSF        STATUS, 5
0x001B	0x0188      	CLRF       TRISD
;Stepper_motor.c,4 :: 		portd = 0x00;
0x001C	0x1283      	BCF        STATUS, 5
0x001D	0x0188      	CLRF       PORTD
;Stepper_motor.c,5 :: 		while(1)
L_main0:
;Stepper_motor.c,8 :: 		for(i=0; i < 100; i++){
0x001E	0x01A0      	CLRF       _i
0x001F	0x01A1      	CLRF       _i+1
L_main2:
0x0020	0x3080      	MOVLW      128
0x0021	0x0621      	XORWF      _i+1, 0
0x0022	0x00F0      	MOVWF      R0
0x0023	0x3080      	MOVLW      128
0x0024	0x0270      	SUBWF      R0, 0
0x0025	0x1D03      	BTFSS      STATUS, 2
0x0026	0x2829      	GOTO       L__main19
0x0027	0x3064      	MOVLW      100
0x0028	0x0220      	SUBWF      _i, 0
L__main19:
0x0029	0x1803      	BTFSC      STATUS, 0
0x002A	0x285B      	GOTO       L_main3
;Stepper_motor.c,9 :: 		portd = 0b00001100;
0x002B	0x300C      	MOVLW      12
0x002C	0x0088      	MOVWF      PORTD
;Stepper_motor.c,10 :: 		delay_ms(10);
0x002D	0x301A      	MOVLW      26
0x002E	0x00FC      	MOVWF      R12
0x002F	0x30F8      	MOVLW      248
0x0030	0x00FD      	MOVWF      R13
L_main5:
0x0031	0x0BFD      	DECFSZ     R13, 1
0x0032	0x2831      	GOTO       L_main5
0x0033	0x0BFC      	DECFSZ     R12, 1
0x0034	0x2831      	GOTO       L_main5
0x0035	0x0000      	NOP
;Stepper_motor.c,11 :: 		portd = 0b00000110;
0x0036	0x3006      	MOVLW      6
0x0037	0x0088      	MOVWF      PORTD
;Stepper_motor.c,12 :: 		delay_ms(10);
0x0038	0x301A      	MOVLW      26
0x0039	0x00FC      	MOVWF      R12
0x003A	0x30F8      	MOVLW      248
0x003B	0x00FD      	MOVWF      R13
L_main6:
0x003C	0x0BFD      	DECFSZ     R13, 1
0x003D	0x283C      	GOTO       L_main6
0x003E	0x0BFC      	DECFSZ     R12, 1
0x003F	0x283C      	GOTO       L_main6
0x0040	0x0000      	NOP
;Stepper_motor.c,13 :: 		portd = 0b00000011;
0x0041	0x3003      	MOVLW      3
0x0042	0x0088      	MOVWF      PORTD
;Stepper_motor.c,14 :: 		delay_ms(10);
0x0043	0x301A      	MOVLW      26
0x0044	0x00FC      	MOVWF      R12
0x0045	0x30F8      	MOVLW      248
0x0046	0x00FD      	MOVWF      R13
L_main7:
0x0047	0x0BFD      	DECFSZ     R13, 1
0x0048	0x2847      	GOTO       L_main7
0x0049	0x0BFC      	DECFSZ     R12, 1
0x004A	0x2847      	GOTO       L_main7
0x004B	0x0000      	NOP
;Stepper_motor.c,15 :: 		portd = 0b00001001;
0x004C	0x3009      	MOVLW      9
0x004D	0x0088      	MOVWF      PORTD
;Stepper_motor.c,16 :: 		delay_ms(10);
0x004E	0x301A      	MOVLW      26
0x004F	0x00FC      	MOVWF      R12
0x0050	0x30F8      	MOVLW      248
0x0051	0x00FD      	MOVWF      R13
L_main8:
0x0052	0x0BFD      	DECFSZ     R13, 1
0x0053	0x2852      	GOTO       L_main8
0x0054	0x0BFC      	DECFSZ     R12, 1
0x0055	0x2852      	GOTO       L_main8
0x0056	0x0000      	NOP
;Stepper_motor.c,8 :: 		for(i=0; i < 100; i++){
0x0057	0x0AA0      	INCF       _i, 1
0x0058	0x1903      	BTFSC      STATUS, 2
0x0059	0x0AA1      	INCF       _i+1, 1
;Stepper_motor.c,17 :: 		}
0x005A	0x2820      	GOTO       L_main2
L_main3:
;Stepper_motor.c,18 :: 		delay_ms(500);
0x005B	0x3006      	MOVLW      6
0x005C	0x00FB      	MOVWF      R11
0x005D	0x3013      	MOVLW      19
0x005E	0x00FC      	MOVWF      R12
0x005F	0x30AD      	MOVLW      173
0x0060	0x00FD      	MOVWF      R13
L_main9:
0x0061	0x0BFD      	DECFSZ     R13, 1
0x0062	0x2861      	GOTO       L_main9
0x0063	0x0BFC      	DECFSZ     R12, 1
0x0064	0x2861      	GOTO       L_main9
0x0065	0x0BFB      	DECFSZ     R11, 1
0x0066	0x2861      	GOTO       L_main9
0x0067	0x0000      	NOP
0x0068	0x0000      	NOP
;Stepper_motor.c,20 :: 		for(i=0; i < 100; i++){
0x0069	0x01A0      	CLRF       _i
0x006A	0x01A1      	CLRF       _i+1
L_main10:
0x006B	0x3080      	MOVLW      128
0x006C	0x0621      	XORWF      _i+1, 0
0x006D	0x00F0      	MOVWF      R0
0x006E	0x3080      	MOVLW      128
0x006F	0x0270      	SUBWF      R0, 0
0x0070	0x1D03      	BTFSS      STATUS, 2
0x0071	0x2874      	GOTO       L__main20
0x0072	0x3064      	MOVLW      100
0x0073	0x0220      	SUBWF      _i, 0
L__main20:
0x0074	0x1803      	BTFSC      STATUS, 0
0x0075	0x28A6      	GOTO       L_main11
;Stepper_motor.c,21 :: 		portd = 0b00000011;
0x0076	0x3003      	MOVLW      3
0x0077	0x0088      	MOVWF      PORTD
;Stepper_motor.c,22 :: 		delay_ms(10);
0x0078	0x301A      	MOVLW      26
0x0079	0x00FC      	MOVWF      R12
0x007A	0x30F8      	MOVLW      248
0x007B	0x00FD      	MOVWF      R13
L_main13:
0x007C	0x0BFD      	DECFSZ     R13, 1
0x007D	0x287C      	GOTO       L_main13
0x007E	0x0BFC      	DECFSZ     R12, 1
0x007F	0x287C      	GOTO       L_main13
0x0080	0x0000      	NOP
;Stepper_motor.c,23 :: 		portd = 0b00000110;
0x0081	0x3006      	MOVLW      6
0x0082	0x0088      	MOVWF      PORTD
;Stepper_motor.c,24 :: 		delay_ms(10);
0x0083	0x301A      	MOVLW      26
0x0084	0x00FC      	MOVWF      R12
0x0085	0x30F8      	MOVLW      248
0x0086	0x00FD      	MOVWF      R13
L_main14:
0x0087	0x0BFD      	DECFSZ     R13, 1
0x0088	0x2887      	GOTO       L_main14
0x0089	0x0BFC      	DECFSZ     R12, 1
0x008A	0x2887      	GOTO       L_main14
0x008B	0x0000      	NOP
;Stepper_motor.c,25 :: 		portd = 0b00001100;
0x008C	0x300C      	MOVLW      12
0x008D	0x0088      	MOVWF      PORTD
;Stepper_motor.c,26 :: 		delay_ms(10);
0x008E	0x301A      	MOVLW      26
0x008F	0x00FC      	MOVWF      R12
0x0090	0x30F8      	MOVLW      248
0x0091	0x00FD      	MOVWF      R13
L_main15:
0x0092	0x0BFD      	DECFSZ     R13, 1
0x0093	0x2892      	GOTO       L_main15
0x0094	0x0BFC      	DECFSZ     R12, 1
0x0095	0x2892      	GOTO       L_main15
0x0096	0x0000      	NOP
;Stepper_motor.c,27 :: 		portd = 0b00001001;
0x0097	0x3009      	MOVLW      9
0x0098	0x0088      	MOVWF      PORTD
;Stepper_motor.c,28 :: 		delay_ms(10);
0x0099	0x301A      	MOVLW      26
0x009A	0x00FC      	MOVWF      R12
0x009B	0x30F8      	MOVLW      248
0x009C	0x00FD      	MOVWF      R13
L_main16:
0x009D	0x0BFD      	DECFSZ     R13, 1
0x009E	0x289D      	GOTO       L_main16
0x009F	0x0BFC      	DECFSZ     R12, 1
0x00A0	0x289D      	GOTO       L_main16
0x00A1	0x0000      	NOP
;Stepper_motor.c,20 :: 		for(i=0; i < 100; i++){
0x00A2	0x0AA0      	INCF       _i, 1
0x00A3	0x1903      	BTFSC      STATUS, 2
0x00A4	0x0AA1      	INCF       _i+1, 1
;Stepper_motor.c,29 :: 		}
0x00A5	0x286B      	GOTO       L_main10
L_main11:
;Stepper_motor.c,30 :: 		delay_ms(500);
0x00A6	0x3006      	MOVLW      6
0x00A7	0x00FB      	MOVWF      R11
0x00A8	0x3013      	MOVLW      19
0x00A9	0x00FC      	MOVWF      R12
0x00AA	0x30AD      	MOVLW      173
0x00AB	0x00FD      	MOVWF      R13
L_main17:
0x00AC	0x0BFD      	DECFSZ     R13, 1
0x00AD	0x28AC      	GOTO       L_main17
0x00AE	0x0BFC      	DECFSZ     R12, 1
0x00AF	0x28AC      	GOTO       L_main17
0x00B0	0x0BFB      	DECFSZ     R11, 1
0x00B1	0x28AC      	GOTO       L_main17
0x00B2	0x0000      	NOP
0x00B3	0x0000      	NOP
;Stepper_motor.c,31 :: 		}
0x00B4	0x281E      	GOTO       L_main0
;Stepper_motor.c,32 :: 		}
L_end_main:
0x00B5	0x28B5      	GOTO       $+0
; end of _main
Symbol List:
//** Routines locations **
//ADDRESS    SIZE    PROCEDURE
//----------------------------------------------
0x0003       [7]    _____DoICP
0x000A      [12]    ___CC2DW
0x0016     [160]    _main
//** Variables locations ** 
//ADDRESS    SIZE    VARIABLE
//----------------------------------------------
0x0000       [1]    INDF
0x0002       [1]    PCL
0x0003       [1]    STATUS
0x0004       [1]    FSR
0x0008       [1]    PORTD
0x000A       [1]    PCLATH
0x0020       [2]    _i
0x0022       [2]    ___DoICPAddr
0x0070       [1]    R0
0x0071       [1]    R1
0x0072       [1]    R2
0x0073       [1]    R3
0x0074       [1]    R4
0x0075       [1]    R5
0x0076       [1]    R6
0x0077       [1]    R7
0x0078       [1]    R8
0x0079       [1]    R9
0x007A       [1]    R10
0x007B       [1]    R11
0x007C       [1]    R12
0x007D       [1]    R13
0x007E       [1]    R14
0x007F       [1]    R15
0x0088       [1]    TRISD
