;  LST file generated by mikroListExporter - v.2.0 
; Date/Time: 8/6/2023 12:11:44 PM
;----------------------------------------------

;Address Opcode 	ASM
0x0000	0x2816      	GOTO       22
_____DoICP:
;__Lib_System.c,6 :: 		
;__Lib_System.c,9 :: 		
0x0003	0x1283      	BCF        STATUS, 5
0x0004	0x1303      	BCF        STATUS, 6
0x0005	0x082B      	MOVF       ___DoICPAddr+1, 0
0x0006	0x008A      	MOVWF      PCLATH
;__Lib_System.c,10 :: 		
0x0007	0x082A      	MOVF       ___DoICPAddr, 0
0x0008	0x0082      	MOVWF      PCL
;__Lib_System.c,12 :: 		
L_end_____DoICP:
0x0009	0x0008      	RETURN
; end of _____DoICP
___CC2DW:
;__Lib_System.c,134 :: 		
;__Lib_System.c,137 :: 		
_CC2D_Loop1:
;__Lib_System.c,139 :: 		
0x000A	0x2003      	CALL       _____DoICP
0x000B	0x118A      	BCF        PCLATH, 3
0x000C	0x120A      	BCF        PCLATH, 4
;__Lib_System.c,141 :: 		
0x000D	0x0080      	MOVWF      INDF
;__Lib_System.c,142 :: 		
0x000E	0x0A84      	INCF       FSR, 1
;__Lib_System.c,143 :: 		
0x000F	0x0AAA      	INCF       ___DoICPAddr, 1
;__Lib_System.c,145 :: 		
0x0010	0x1903      	BTFSC      STATUS, 2
;__Lib_System.c,146 :: 		
0x0011	0x0AAB      	INCF       ___DoICPAddr+1, 1
;__Lib_System.c,147 :: 		
0x0012	0x03F0      	DECF       R0, 1
;__Lib_System.c,149 :: 		
0x0013	0x1D03      	BTFSS      STATUS, 2
;__Lib_System.c,150 :: 		
0x0014	0x280A      	GOTO       _CC2D_Loop1
;__Lib_System.c,152 :: 		
L_end___CC2DW:
0x0015	0x0008      	RETURN
; end of ___CC2DW
_main:
0x0016	0x303F      	MOVLW      63
0x0017	0x1283      	BCF        STATUS, 5
0x0018	0x1303      	BCF        STATUS, 6
0x0019	0x00A0      	MOVWF      _arraCC
0x001A	0x3006      	MOVLW      6
0x001B	0x00A1      	MOVWF      33
0x001C	0x305B      	MOVLW      91
0x001D	0x00A2      	MOVWF      34
0x001E	0x304F      	MOVLW      79
0x001F	0x00A3      	MOVWF      35
0x0020	0x3066      	MOVLW      102
0x0021	0x00A4      	MOVWF      36
0x0022	0x306D      	MOVLW      109
0x0023	0x00A5      	MOVWF      37
0x0024	0x307D      	MOVLW      125
0x0025	0x00A6      	MOVWF      38
0x0026	0x3007      	MOVLW      7
0x0027	0x00A7      	MOVWF      39
0x0028	0x307F      	MOVLW      127
0x0029	0x00A8      	MOVWF      40
0x002A	0x306F      	MOVLW      111
0x002B	0x00A9      	MOVWF      41
;LabP_showing_specific_combi_by_pass.c,2 :: 		void main()
;LabP_showing_specific_combi_by_pass.c,4 :: 		int k = 0,  bt_zero = 0, bt_one = 0, bt_two = 0, bt_three  = 0;
0x002C	0x01AC      	CLRF       main_bt_zero_L0
0x002D	0x01AD      	CLRF       main_bt_zero_L0+1
0x002E	0x01AE      	CLRF       main_bt_one_L0
0x002F	0x01AF      	CLRF       main_bt_one_L0+1
0x0030	0x01B0      	CLRF       main_bt_two_L0
0x0031	0x01B1      	CLRF       main_bt_two_L0+1
0x0032	0x01B2      	CLRF       main_bt_three_L0
0x0033	0x01B3      	CLRF       main_bt_three_L0+1
;LabP_showing_specific_combi_by_pass.c,5 :: 		TRISB = 0x00;
0x0034	0x1683      	BSF        STATUS, 5
0x0035	0x0186      	CLRF       TRISB
;LabP_showing_specific_combi_by_pass.c,6 :: 		TRISC = 0x00;
0x0036	0x0187      	CLRF       TRISC
;LabP_showing_specific_combi_by_pass.c,7 :: 		TRISD = 0xff;
0x0037	0x30FF      	MOVLW      255
0x0038	0x0088      	MOVWF      TRISD
;LabP_showing_specific_combi_by_pass.c,8 :: 		portb = 0x00;
0x0039	0x1283      	BCF        STATUS, 5
0x003A	0x0186      	CLRF       PORTB
;LabP_showing_specific_combi_by_pass.c,9 :: 		portc = 0x00;
0x003B	0x0187      	CLRF       PORTC
;LabP_showing_specific_combi_by_pass.c,10 :: 		while(1)
L_main0:
;LabP_showing_specific_combi_by_pass.c,12 :: 		if(portd.f1 == 0x00)  // click initialize
0x003C	0x1888      	BTFSC      PORTD, 1
0x003D	0x285A      	GOTO       L_main2
;LabP_showing_specific_combi_by_pass.c,14 :: 		delay_ms(100);
0x003E	0x3002      	MOVLW      2
0x003F	0x00FB      	MOVWF      R11
0x0040	0x3004      	MOVLW      4
0x0041	0x00FC      	MOVWF      R12
0x0042	0x30BA      	MOVLW      186
0x0043	0x00FD      	MOVWF      R13
L_main3:
0x0044	0x0BFD      	DECFSZ     R13, 1
0x0045	0x2844      	GOTO       L_main3
0x0046	0x0BFC      	DECFSZ     R12, 1
0x0047	0x2844      	GOTO       L_main3
0x0048	0x0BFB      	DECFSZ     R11, 1
0x0049	0x2844      	GOTO       L_main3
0x004A	0x0000      	NOP
;LabP_showing_specific_combi_by_pass.c,15 :: 		if(portd.f1 == 0x00)  // click stability check
0x004B	0x1888      	BTFSC      PORTD, 1
0x004C	0x285A      	GOTO       L_main4
;LabP_showing_specific_combi_by_pass.c,17 :: 		bt_zero++;        // digit increment
0x004D	0x0AAC      	INCF       main_bt_zero_L0, 1
0x004E	0x1903      	BTFSC      STATUS, 2
0x004F	0x0AAD      	INCF       main_bt_zero_L0+1, 1
;LabP_showing_specific_combi_by_pass.c,18 :: 		if(bt_zero == 10) // after 9, next is 0
0x0050	0x3000      	MOVLW      0
0x0051	0x062D      	XORWF      main_bt_zero_L0+1, 0
0x0052	0x1D03      	BTFSS      STATUS, 2
0x0053	0x2856      	GOTO       L__main33
0x0054	0x300A      	MOVLW      10
0x0055	0x062C      	XORWF      main_bt_zero_L0, 0
L__main33:
0x0056	0x1D03      	BTFSS      STATUS, 2
0x0057	0x285A      	GOTO       L_main5
;LabP_showing_specific_combi_by_pass.c,20 :: 		bt_zero = 0;
0x0058	0x01AC      	CLRF       main_bt_zero_L0
0x0059	0x01AD      	CLRF       main_bt_zero_L0+1
;LabP_showing_specific_combi_by_pass.c,21 :: 		}
L_main5:
;LabP_showing_specific_combi_by_pass.c,22 :: 		}
L_main4:
;LabP_showing_specific_combi_by_pass.c,23 :: 		}
L_main2:
;LabP_showing_specific_combi_by_pass.c,24 :: 		if(portd.f2 == 0x00)
0x005A	0x1908      	BTFSC      PORTD, 2
0x005B	0x2878      	GOTO       L_main6
;LabP_showing_specific_combi_by_pass.c,26 :: 		delay_ms(100);
0x005C	0x3002      	MOVLW      2
0x005D	0x00FB      	MOVWF      R11
0x005E	0x3004      	MOVLW      4
0x005F	0x00FC      	MOVWF      R12
0x0060	0x30BA      	MOVLW      186
0x0061	0x00FD      	MOVWF      R13
L_main7:
0x0062	0x0BFD      	DECFSZ     R13, 1
0x0063	0x2862      	GOTO       L_main7
0x0064	0x0BFC      	DECFSZ     R12, 1
0x0065	0x2862      	GOTO       L_main7
0x0066	0x0BFB      	DECFSZ     R11, 1
0x0067	0x2862      	GOTO       L_main7
0x0068	0x0000      	NOP
;LabP_showing_specific_combi_by_pass.c,27 :: 		if(portd.f2 == 0x00)
0x0069	0x1908      	BTFSC      PORTD, 2
0x006A	0x2878      	GOTO       L_main8
;LabP_showing_specific_combi_by_pass.c,29 :: 		bt_one++;
0x006B	0x0AAE      	INCF       main_bt_one_L0, 1
0x006C	0x1903      	BTFSC      STATUS, 2
0x006D	0x0AAF      	INCF       main_bt_one_L0+1, 1
;LabP_showing_specific_combi_by_pass.c,30 :: 		if(bt_one == 10)
0x006E	0x3000      	MOVLW      0
0x006F	0x062F      	XORWF      main_bt_one_L0+1, 0
0x0070	0x1D03      	BTFSS      STATUS, 2
0x0071	0x2874      	GOTO       L__main34
0x0072	0x300A      	MOVLW      10
0x0073	0x062E      	XORWF      main_bt_one_L0, 0
L__main34:
0x0074	0x1D03      	BTFSS      STATUS, 2
0x0075	0x2878      	GOTO       L_main9
;LabP_showing_specific_combi_by_pass.c,32 :: 		bt_one = 0;
0x0076	0x01AE      	CLRF       main_bt_one_L0
0x0077	0x01AF      	CLRF       main_bt_one_L0+1
;LabP_showing_specific_combi_by_pass.c,33 :: 		}
L_main9:
;LabP_showing_specific_combi_by_pass.c,34 :: 		}
L_main8:
;LabP_showing_specific_combi_by_pass.c,35 :: 		}
L_main6:
;LabP_showing_specific_combi_by_pass.c,36 :: 		if(portd.f3 == 0x00)
0x0078	0x1988      	BTFSC      PORTD, 3
0x0079	0x2896      	GOTO       L_main10
;LabP_showing_specific_combi_by_pass.c,38 :: 		delay_ms(100);
0x007A	0x3002      	MOVLW      2
0x007B	0x00FB      	MOVWF      R11
0x007C	0x3004      	MOVLW      4
0x007D	0x00FC      	MOVWF      R12
0x007E	0x30BA      	MOVLW      186
0x007F	0x00FD      	MOVWF      R13
L_main11:
0x0080	0x0BFD      	DECFSZ     R13, 1
0x0081	0x2880      	GOTO       L_main11
0x0082	0x0BFC      	DECFSZ     R12, 1
0x0083	0x2880      	GOTO       L_main11
0x0084	0x0BFB      	DECFSZ     R11, 1
0x0085	0x2880      	GOTO       L_main11
0x0086	0x0000      	NOP
;LabP_showing_specific_combi_by_pass.c,39 :: 		if(portd.f3 == 0x00)
0x0087	0x1988      	BTFSC      PORTD, 3
0x0088	0x2896      	GOTO       L_main12
;LabP_showing_specific_combi_by_pass.c,41 :: 		bt_two++;
0x0089	0x0AB0      	INCF       main_bt_two_L0, 1
0x008A	0x1903      	BTFSC      STATUS, 2
0x008B	0x0AB1      	INCF       main_bt_two_L0+1, 1
;LabP_showing_specific_combi_by_pass.c,42 :: 		if(bt_two == 10)
0x008C	0x3000      	MOVLW      0
0x008D	0x0631      	XORWF      main_bt_two_L0+1, 0
0x008E	0x1D03      	BTFSS      STATUS, 2
0x008F	0x2892      	GOTO       L__main35
0x0090	0x300A      	MOVLW      10
0x0091	0x0630      	XORWF      main_bt_two_L0, 0
L__main35:
0x0092	0x1D03      	BTFSS      STATUS, 2
0x0093	0x2896      	GOTO       L_main13
;LabP_showing_specific_combi_by_pass.c,44 :: 		bt_two = 0;
0x0094	0x01B0      	CLRF       main_bt_two_L0
0x0095	0x01B1      	CLRF       main_bt_two_L0+1
;LabP_showing_specific_combi_by_pass.c,45 :: 		}
L_main13:
;LabP_showing_specific_combi_by_pass.c,46 :: 		}
L_main12:
;LabP_showing_specific_combi_by_pass.c,47 :: 		}
L_main10:
;LabP_showing_specific_combi_by_pass.c,48 :: 		if(portd.f4 == 0x00)
0x0096	0x1A08      	BTFSC      PORTD, 4
0x0097	0x28B4      	GOTO       L_main14
;LabP_showing_specific_combi_by_pass.c,50 :: 		delay_ms(100);
0x0098	0x3002      	MOVLW      2
0x0099	0x00FB      	MOVWF      R11
0x009A	0x3004      	MOVLW      4
0x009B	0x00FC      	MOVWF      R12
0x009C	0x30BA      	MOVLW      186
0x009D	0x00FD      	MOVWF      R13
L_main15:
0x009E	0x0BFD      	DECFSZ     R13, 1
0x009F	0x289E      	GOTO       L_main15
0x00A0	0x0BFC      	DECFSZ     R12, 1
0x00A1	0x289E      	GOTO       L_main15
0x00A2	0x0BFB      	DECFSZ     R11, 1
0x00A3	0x289E      	GOTO       L_main15
0x00A4	0x0000      	NOP
;LabP_showing_specific_combi_by_pass.c,51 :: 		if(portd.f4 == 0x00)
0x00A5	0x1A08      	BTFSC      PORTD, 4
0x00A6	0x28B4      	GOTO       L_main16
;LabP_showing_specific_combi_by_pass.c,53 :: 		bt_three++;
0x00A7	0x0AB2      	INCF       main_bt_three_L0, 1
0x00A8	0x1903      	BTFSC      STATUS, 2
0x00A9	0x0AB3      	INCF       main_bt_three_L0+1, 1
;LabP_showing_specific_combi_by_pass.c,54 :: 		if(bt_three == 10)
0x00AA	0x3000      	MOVLW      0
0x00AB	0x0633      	XORWF      main_bt_three_L0+1, 0
0x00AC	0x1D03      	BTFSS      STATUS, 2
0x00AD	0x28B0      	GOTO       L__main36
0x00AE	0x300A      	MOVLW      10
0x00AF	0x0632      	XORWF      main_bt_three_L0, 0
L__main36:
0x00B0	0x1D03      	BTFSS      STATUS, 2
0x00B1	0x28B4      	GOTO       L_main17
;LabP_showing_specific_combi_by_pass.c,56 :: 		bt_three = 0;
0x00B2	0x01B2      	CLRF       main_bt_three_L0
0x00B3	0x01B3      	CLRF       main_bt_three_L0+1
;LabP_showing_specific_combi_by_pass.c,57 :: 		}
L_main17:
;LabP_showing_specific_combi_by_pass.c,58 :: 		}
L_main16:
;LabP_showing_specific_combi_by_pass.c,59 :: 		}
L_main14:
;LabP_showing_specific_combi_by_pass.c,61 :: 		if(bt_zero == 1 && bt_one == 3 && bt_two == 0 && bt_three == 2) // checking password
0x00B4	0x3000      	MOVLW      0
0x00B5	0x062D      	XORWF      main_bt_zero_L0+1, 0
0x00B6	0x1D03      	BTFSS      STATUS, 2
0x00B7	0x28BA      	GOTO       L__main37
0x00B8	0x3001      	MOVLW      1
0x00B9	0x062C      	XORWF      main_bt_zero_L0, 0
L__main37:
0x00BA	0x1D03      	BTFSS      STATUS, 2
0x00BB	0x28D9      	GOTO       L_main20
0x00BC	0x3000      	MOVLW      0
0x00BD	0x062F      	XORWF      main_bt_one_L0+1, 0
0x00BE	0x1D03      	BTFSS      STATUS, 2
0x00BF	0x28C2      	GOTO       L__main38
0x00C0	0x3003      	MOVLW      3
0x00C1	0x062E      	XORWF      main_bt_one_L0, 0
L__main38:
0x00C2	0x1D03      	BTFSS      STATUS, 2
0x00C3	0x28D9      	GOTO       L_main20
0x00C4	0x3000      	MOVLW      0
0x00C5	0x0631      	XORWF      main_bt_two_L0+1, 0
0x00C6	0x1D03      	BTFSS      STATUS, 2
0x00C7	0x28CA      	GOTO       L__main39
0x00C8	0x3000      	MOVLW      0
0x00C9	0x0630      	XORWF      main_bt_two_L0, 0
L__main39:
0x00CA	0x1D03      	BTFSS      STATUS, 2
0x00CB	0x28D9      	GOTO       L_main20
0x00CC	0x3000      	MOVLW      0
0x00CD	0x0633      	XORWF      main_bt_three_L0+1, 0
0x00CE	0x1D03      	BTFSS      STATUS, 2
0x00CF	0x28D2      	GOTO       L__main40
0x00D0	0x3002      	MOVLW      2
0x00D1	0x0632      	XORWF      main_bt_three_L0, 0
L__main40:
0x00D2	0x1D03      	BTFSS      STATUS, 2
0x00D3	0x28D9      	GOTO       L_main20
L__main31:
;LabP_showing_specific_combi_by_pass.c,63 :: 		portc.f4 = 0xff;
0x00D4	0x1607      	BSF        PORTC, 4
;LabP_showing_specific_combi_by_pass.c,64 :: 		portc.f5 = 0x00;
0x00D5	0x1287      	BCF        PORTC, 5
;LabP_showing_specific_combi_by_pass.c,65 :: 		portc.f6 = 0xff;
0x00D6	0x1707      	BSF        PORTC, 6
;LabP_showing_specific_combi_by_pass.c,66 :: 		portc.f7 = 0xff;
0x00D7	0x1787      	BSF        PORTC, 7
;LabP_showing_specific_combi_by_pass.c,67 :: 		}
0x00D8	0x2902      	GOTO       L_main21
L_main20:
;LabP_showing_specific_combi_by_pass.c,69 :: 		else if(bt_zero == 8 && bt_one == 9 && bt_two == 2 && bt_three == 0)
0x00D9	0x3000      	MOVLW      0
0x00DA	0x062D      	XORWF      main_bt_zero_L0+1, 0
0x00DB	0x1D03      	BTFSS      STATUS, 2
0x00DC	0x28DF      	GOTO       L__main41
0x00DD	0x3008      	MOVLW      8
0x00DE	0x062C      	XORWF      main_bt_zero_L0, 0
L__main41:
0x00DF	0x1D03      	BTFSS      STATUS, 2
0x00E0	0x28FE      	GOTO       L_main24
0x00E1	0x3000      	MOVLW      0
0x00E2	0x062F      	XORWF      main_bt_one_L0+1, 0
0x00E3	0x1D03      	BTFSS      STATUS, 2
0x00E4	0x28E7      	GOTO       L__main42
0x00E5	0x3009      	MOVLW      9
0x00E6	0x062E      	XORWF      main_bt_one_L0, 0
L__main42:
0x00E7	0x1D03      	BTFSS      STATUS, 2
0x00E8	0x28FE      	GOTO       L_main24
0x00E9	0x3000      	MOVLW      0
0x00EA	0x0631      	XORWF      main_bt_two_L0+1, 0
0x00EB	0x1D03      	BTFSS      STATUS, 2
0x00EC	0x28EF      	GOTO       L__main43
0x00ED	0x3002      	MOVLW      2
0x00EE	0x0630      	XORWF      main_bt_two_L0, 0
L__main43:
0x00EF	0x1D03      	BTFSS      STATUS, 2
0x00F0	0x28FE      	GOTO       L_main24
0x00F1	0x3000      	MOVLW      0
0x00F2	0x0633      	XORWF      main_bt_three_L0+1, 0
0x00F3	0x1D03      	BTFSS      STATUS, 2
0x00F4	0x28F7      	GOTO       L__main44
0x00F5	0x3000      	MOVLW      0
0x00F6	0x0632      	XORWF      main_bt_three_L0, 0
L__main44:
0x00F7	0x1D03      	BTFSS      STATUS, 2
0x00F8	0x28FE      	GOTO       L_main24
L__main30:
;LabP_showing_specific_combi_by_pass.c,71 :: 		portc.f4 = 0xff;
0x00F9	0x1607      	BSF        PORTC, 4
;LabP_showing_specific_combi_by_pass.c,72 :: 		portc.f5 = 0xff;
0x00FA	0x1687      	BSF        PORTC, 5
;LabP_showing_specific_combi_by_pass.c,73 :: 		portc.f6 = 0x00;
0x00FB	0x1307      	BCF        PORTC, 6
;LabP_showing_specific_combi_by_pass.c,74 :: 		portc.f7 = 0x00;
0x00FC	0x1387      	BCF        PORTC, 7
;LabP_showing_specific_combi_by_pass.c,75 :: 		}
0x00FD	0x2902      	GOTO       L_main25
L_main24:
;LabP_showing_specific_combi_by_pass.c,78 :: 		portc.f4 = 0x00;
0x00FE	0x1207      	BCF        PORTC, 4
;LabP_showing_specific_combi_by_pass.c,79 :: 		portc.f5 = 0x00;
0x00FF	0x1287      	BCF        PORTC, 5
;LabP_showing_specific_combi_by_pass.c,80 :: 		portc.f6 = 0x00;
0x0100	0x1307      	BCF        PORTC, 6
;LabP_showing_specific_combi_by_pass.c,81 :: 		portc.f7 = 0x00;
0x0101	0x1387      	BCF        PORTC, 7
;LabP_showing_specific_combi_by_pass.c,82 :: 		}
L_main25:
L_main21:
;LabP_showing_specific_combi_by_pass.c,84 :: 		portc.f0 = 0x00;   // active power for digit left
0x0102	0x1007      	BCF        PORTC, 0
;LabP_showing_specific_combi_by_pass.c,85 :: 		portb = arraCC[bt_zero]; // provide data for left digit
0x0103	0x082C      	MOVF       main_bt_zero_L0, 0
0x0104	0x3E20      	ADDLW      _arraCC
0x0105	0x0084      	MOVWF      FSR
0x0106	0x0800      	MOVF       INDF, 0
0x0107	0x0086      	MOVWF      PORTB
;LabP_showing_specific_combi_by_pass.c,86 :: 		delay_ms(10);
0x0108	0x301A      	MOVLW      26
0x0109	0x00FC      	MOVWF      R12
0x010A	0x30F8      	MOVLW      248
0x010B	0x00FD      	MOVWF      R13
L_main26:
0x010C	0x0BFD      	DECFSZ     R13, 1
0x010D	0x290C      	GOTO       L_main26
0x010E	0x0BFC      	DECFSZ     R12, 1
0x010F	0x290C      	GOTO       L_main26
0x0110	0x0000      	NOP
;LabP_showing_specific_combi_by_pass.c,87 :: 		portc.f0 = 0xff;   // Deactive power for digit left
0x0111	0x1407      	BSF        PORTC, 0
;LabP_showing_specific_combi_by_pass.c,89 :: 		portc.f1 = 0x00;     // active power for second digit
0x0112	0x1087      	BCF        PORTC, 1
;LabP_showing_specific_combi_by_pass.c,90 :: 		portb = arraCC[bt_one];    // provide data for second digit
0x0113	0x082E      	MOVF       main_bt_one_L0, 0
0x0114	0x3E20      	ADDLW      _arraCC
0x0115	0x0084      	MOVWF      FSR
0x0116	0x0800      	MOVF       INDF, 0
0x0117	0x0086      	MOVWF      PORTB
;LabP_showing_specific_combi_by_pass.c,91 :: 		delay_ms(10);
0x0118	0x301A      	MOVLW      26
0x0119	0x00FC      	MOVWF      R12
0x011A	0x30F8      	MOVLW      248
0x011B	0x00FD      	MOVWF      R13
L_main27:
0x011C	0x0BFD      	DECFSZ     R13, 1
0x011D	0x291C      	GOTO       L_main27
0x011E	0x0BFC      	DECFSZ     R12, 1
0x011F	0x291C      	GOTO       L_main27
0x0120	0x0000      	NOP
;LabP_showing_specific_combi_by_pass.c,92 :: 		portc.f1 = 0xff;      // deactive power for second digit
0x0121	0x1487      	BSF        PORTC, 1
;LabP_showing_specific_combi_by_pass.c,94 :: 		portc.f2 = 0x00;   // active power for third digit
0x0122	0x1107      	BCF        PORTC, 2
;LabP_showing_specific_combi_by_pass.c,95 :: 		portb = arraCC[bt_two]; // provide data for third digit
0x0123	0x0830      	MOVF       main_bt_two_L0, 0
0x0124	0x3E20      	ADDLW      _arraCC
0x0125	0x0084      	MOVWF      FSR
0x0126	0x0800      	MOVF       INDF, 0
0x0127	0x0086      	MOVWF      PORTB
;LabP_showing_specific_combi_by_pass.c,96 :: 		delay_ms(10);
0x0128	0x301A      	MOVLW      26
0x0129	0x00FC      	MOVWF      R12
0x012A	0x30F8      	MOVLW      248
0x012B	0x00FD      	MOVWF      R13
L_main28:
0x012C	0x0BFD      	DECFSZ     R13, 1
0x012D	0x292C      	GOTO       L_main28
0x012E	0x0BFC      	DECFSZ     R12, 1
0x012F	0x292C      	GOTO       L_main28
0x0130	0x0000      	NOP
;LabP_showing_specific_combi_by_pass.c,97 :: 		portc.f2 = 0xff;   // Deactive power for third digit
0x0131	0x1507      	BSF        PORTC, 2
;LabP_showing_specific_combi_by_pass.c,99 :: 		portc.f3 = 0x00;   // active power for digit right
0x0132	0x1187      	BCF        PORTC, 3
;LabP_showing_specific_combi_by_pass.c,100 :: 		portb = arraCC[bt_three]; // provide data for right digit
0x0133	0x0832      	MOVF       main_bt_three_L0, 0
0x0134	0x3E20      	ADDLW      _arraCC
0x0135	0x0084      	MOVWF      FSR
0x0136	0x0800      	MOVF       INDF, 0
0x0137	0x0086      	MOVWF      PORTB
;LabP_showing_specific_combi_by_pass.c,101 :: 		delay_ms(10);
0x0138	0x301A      	MOVLW      26
0x0139	0x00FC      	MOVWF      R12
0x013A	0x30F8      	MOVLW      248
0x013B	0x00FD      	MOVWF      R13
L_main29:
0x013C	0x0BFD      	DECFSZ     R13, 1
0x013D	0x293C      	GOTO       L_main29
0x013E	0x0BFC      	DECFSZ     R12, 1
0x013F	0x293C      	GOTO       L_main29
0x0140	0x0000      	NOP
;LabP_showing_specific_combi_by_pass.c,102 :: 		portc.f3 = 0xff;   // Deactive power for digit right
0x0141	0x1587      	BSF        PORTC, 3
;LabP_showing_specific_combi_by_pass.c,103 :: 		}
0x0142	0x283C      	GOTO       L_main0
;LabP_showing_specific_combi_by_pass.c,104 :: 		}
L_end_main:
0x0143	0x2943      	GOTO       $+0
; end of _main
Symbol List:
//** Routines locations **
//ADDRESS    SIZE    PROCEDURE
//----------------------------------------------
0x0003       [7]    _____DoICP
0x000A      [12]    ___CC2DW
0x0016     [302]    _main
//** Variables locations ** 
//ADDRESS    SIZE    VARIABLE
//----------------------------------------------
0x0000       [1]    INDF
0x0002       [1]    PCL
0x0003       [1]    STATUS
0x0004       [1]    FSR
0x0006       [1]    PORTB
0x0007       [1]    PORTC
0x0008       [1]    PORTD
0x000A       [1]    PCLATH
0x0020      [10]    _arraCC
0x002A       [2]    ___DoICPAddr
0x002C       [2]    main_bt_zero_L0
0x002E       [2]    main_bt_one_L0
0x0030       [2]    main_bt_two_L0
0x0032       [2]    main_bt_three_L0
0x0070       [1]    R0
0x0071       [1]    R1
0x0072       [1]    R2
0x0073       [1]    R3
0x0074       [1]    R4
0x0075       [1]    R5
0x0076       [1]    R6
0x0077       [1]    R7
0x0078       [1]    R8
0x0079       [1]    R9
0x007A       [1]    R10
0x007B       [1]    R11
0x007C       [1]    R12
0x007D       [1]    R13
0x007E       [1]    R14
0x007F       [1]    R15
0x0086       [1]    TRISB
0x0087       [1]    TRISC
0x0088       [1]    TRISD
