;  LST file generated by mikroListExporter - v.2.0 
; Date/Time: 11/6/2023 9:48:39 PM
;----------------------------------------------

;Address Opcode 	ASM
0x0000	0x2816      	GOTO       22
_____DoICP:
;__Lib_System.c,6 :: 		
;__Lib_System.c,9 :: 		
0x0003	0x1283      	BCF        STATUS, 5
0x0004	0x1303      	BCF        STATUS, 6
0x0005	0x0833      	MOVF       ___DoICPAddr+1, 0
0x0006	0x008A      	MOVWF      PCLATH
;__Lib_System.c,10 :: 		
0x0007	0x0832      	MOVF       ___DoICPAddr, 0
0x0008	0x0082      	MOVWF      PCL
;__Lib_System.c,12 :: 		
L_end_____DoICP:
0x0009	0x0008      	RETURN
; end of _____DoICP
___CC2DW:
;__Lib_System.c,134 :: 		
;__Lib_System.c,137 :: 		
_CC2D_Loop1:
;__Lib_System.c,139 :: 		
0x000A	0x2003      	CALL       _____DoICP
0x000B	0x118A      	BCF        PCLATH, 3
0x000C	0x120A      	BCF        PCLATH, 4
;__Lib_System.c,141 :: 		
0x000D	0x0080      	MOVWF      INDF
;__Lib_System.c,142 :: 		
0x000E	0x0A84      	INCF       FSR, 1
;__Lib_System.c,143 :: 		
0x000F	0x0AB2      	INCF       ___DoICPAddr, 1
;__Lib_System.c,145 :: 		
0x0010	0x1903      	BTFSC      STATUS, 2
;__Lib_System.c,146 :: 		
0x0011	0x0AB3      	INCF       ___DoICPAddr+1, 1
;__Lib_System.c,147 :: 		
0x0012	0x03F0      	DECF       R0, 1
;__Lib_System.c,149 :: 		
0x0013	0x1D03      	BTFSS      STATUS, 2
;__Lib_System.c,150 :: 		
0x0014	0x280A      	GOTO       _CC2D_Loop1
;__Lib_System.c,152 :: 		
L_end___CC2DW:
0x0015	0x0008      	RETURN
; end of ___CC2DW
_main:
0x0016	0x1283      	BCF        STATUS, 5
0x0017	0x1303      	BCF        STATUS, 6
0x0018	0x01A0      	CLRF       _digit3
0x0019	0x01A1      	CLRF       33
0x001A	0x01A2      	CLRF       _digit4
0x001B	0x01A3      	CLRF       35
0x001C	0x30C0      	MOVLW      192
0x001D	0x00A4      	MOVWF      _arraCA
0x001E	0x30F9      	MOVLW      249
0x001F	0x00A5      	MOVWF      37
0x0020	0x30A4      	MOVLW      164
0x0021	0x00A6      	MOVWF      38
0x0022	0x30B0      	MOVLW      176
0x0023	0x00A7      	MOVWF      39
0x0024	0x3099      	MOVLW      153
0x0025	0x00A8      	MOVWF      40
0x0026	0x3092      	MOVLW      146
0x0027	0x00A9      	MOVWF      41
0x0028	0x3082      	MOVLW      130
0x0029	0x00AA      	MOVWF      42
0x002A	0x30F8      	MOVLW      248
0x002B	0x00AB      	MOVWF      43
0x002C	0x3080      	MOVLW      128
0x002D	0x00AC      	MOVWF      44
0x002E	0x3090      	MOVLW      144
0x002F	0x00AD      	MOVWF      45
0x0030	0x01AE      	CLRF       _digit1
0x0031	0x01AF      	CLRF       47
0x0032	0x01B0      	CLRF       _digit2
0x0033	0x01B1      	CLRF       49
;four_digitMulti.c,3 :: 		void main() {
;four_digitMulti.c,4 :: 		TRISB = TRISC = 0x00;
0x0034	0x1683      	BSF        STATUS, 5
0x0035	0x0187      	CLRF       TRISC
0x0036	0x0807      	MOVF       TRISC, 0
0x0037	0x0086      	MOVWF      TRISB
;four_digitMulti.c,5 :: 		portb = portc = 0x00;
0x0038	0x1283      	BCF        STATUS, 5
0x0039	0x0187      	CLRF       PORTC
0x003A	0x0807      	MOVF       PORTC, 0
0x003B	0x0086      	MOVWF      PORTB
;four_digitMulti.c,6 :: 		TRISD = 0xff;
0x003C	0x30FF      	MOVLW      255
0x003D	0x1683      	BSF        STATUS, 5
0x003E	0x0088      	MOVWF      TRISD
;four_digitMulti.c,7 :: 		while(1){
L_main0:
;four_digitMulti.c,8 :: 		if(portd.f0 == 0xff){
0x003F	0x1283      	BCF        STATUS, 5
0x0040	0x1C08      	BTFSS      PORTD, 0
0x0041	0x285B      	GOTO       L_main2
;four_digitMulti.c,9 :: 		delay_ms(80);
0x0042	0x30D0      	MOVLW      208
0x0043	0x00FC      	MOVWF      R12
0x0044	0x30C9      	MOVLW      201
0x0045	0x00FD      	MOVWF      R13
L_main3:
0x0046	0x0BFD      	DECFSZ     R13, 1
0x0047	0x2846      	GOTO       L_main3
0x0048	0x0BFC      	DECFSZ     R12, 1
0x0049	0x2846      	GOTO       L_main3
0x004A	0x0000      	NOP
0x004B	0x0000      	NOP
;four_digitMulti.c,10 :: 		if(portd.f0 == 0xff){
0x004C	0x1C08      	BTFSS      PORTD, 0
0x004D	0x285B      	GOTO       L_main4
;four_digitMulti.c,11 :: 		digit1++;
0x004E	0x0AAE      	INCF       _digit1, 1
0x004F	0x1903      	BTFSC      STATUS, 2
0x0050	0x0AAF      	INCF       _digit1+1, 1
;four_digitMulti.c,12 :: 		if(digit1 == 10)
0x0051	0x3000      	MOVLW      0
0x0052	0x062F      	XORWF      _digit1+1, 0
0x0053	0x1D03      	BTFSS      STATUS, 2
0x0054	0x2857      	GOTO       L__main23
0x0055	0x300A      	MOVLW      10
0x0056	0x062E      	XORWF      _digit1, 0
L__main23:
0x0057	0x1D03      	BTFSS      STATUS, 2
0x0058	0x285B      	GOTO       L_main5
;four_digitMulti.c,13 :: 		digit1 = 0;
0x0059	0x01AE      	CLRF       _digit1
0x005A	0x01AF      	CLRF       _digit1+1
L_main5:
;four_digitMulti.c,14 :: 		}
L_main4:
;four_digitMulti.c,15 :: 		}
L_main2:
;four_digitMulti.c,16 :: 		if(portd.f1 == 0xff){
0x005B	0x1C88      	BTFSS      PORTD, 1
0x005C	0x2876      	GOTO       L_main6
;four_digitMulti.c,17 :: 		delay_ms(80);
0x005D	0x30D0      	MOVLW      208
0x005E	0x00FC      	MOVWF      R12
0x005F	0x30C9      	MOVLW      201
0x0060	0x00FD      	MOVWF      R13
L_main7:
0x0061	0x0BFD      	DECFSZ     R13, 1
0x0062	0x2861      	GOTO       L_main7
0x0063	0x0BFC      	DECFSZ     R12, 1
0x0064	0x2861      	GOTO       L_main7
0x0065	0x0000      	NOP
0x0066	0x0000      	NOP
;four_digitMulti.c,18 :: 		if(portd.f1 == 0xff){
0x0067	0x1C88      	BTFSS      PORTD, 1
0x0068	0x2876      	GOTO       L_main8
;four_digitMulti.c,19 :: 		digit2++;
0x0069	0x0AB0      	INCF       _digit2, 1
0x006A	0x1903      	BTFSC      STATUS, 2
0x006B	0x0AB1      	INCF       _digit2+1, 1
;four_digitMulti.c,20 :: 		if(digit2 == 10)
0x006C	0x3000      	MOVLW      0
0x006D	0x0631      	XORWF      _digit2+1, 0
0x006E	0x1D03      	BTFSS      STATUS, 2
0x006F	0x2872      	GOTO       L__main24
0x0070	0x300A      	MOVLW      10
0x0071	0x0630      	XORWF      _digit2, 0
L__main24:
0x0072	0x1D03      	BTFSS      STATUS, 2
0x0073	0x2876      	GOTO       L_main9
;four_digitMulti.c,21 :: 		digit2 = 0;
0x0074	0x01B0      	CLRF       _digit2
0x0075	0x01B1      	CLRF       _digit2+1
L_main9:
;four_digitMulti.c,22 :: 		}
L_main8:
;four_digitMulti.c,23 :: 		}
L_main6:
;four_digitMulti.c,24 :: 		if(portd.f2 == 0xff){
0x0076	0x1D08      	BTFSS      PORTD, 2
0x0077	0x2891      	GOTO       L_main10
;four_digitMulti.c,25 :: 		delay_ms(80);
0x0078	0x30D0      	MOVLW      208
0x0079	0x00FC      	MOVWF      R12
0x007A	0x30C9      	MOVLW      201
0x007B	0x00FD      	MOVWF      R13
L_main11:
0x007C	0x0BFD      	DECFSZ     R13, 1
0x007D	0x287C      	GOTO       L_main11
0x007E	0x0BFC      	DECFSZ     R12, 1
0x007F	0x287C      	GOTO       L_main11
0x0080	0x0000      	NOP
0x0081	0x0000      	NOP
;four_digitMulti.c,26 :: 		if(portd.f2 == 0xff){
0x0082	0x1D08      	BTFSS      PORTD, 2
0x0083	0x2891      	GOTO       L_main12
;four_digitMulti.c,27 :: 		digit3++;
0x0084	0x0AA0      	INCF       _digit3, 1
0x0085	0x1903      	BTFSC      STATUS, 2
0x0086	0x0AA1      	INCF       _digit3+1, 1
;four_digitMulti.c,28 :: 		if(digit3 == 10)
0x0087	0x3000      	MOVLW      0
0x0088	0x0621      	XORWF      _digit3+1, 0
0x0089	0x1D03      	BTFSS      STATUS, 2
0x008A	0x288D      	GOTO       L__main25
0x008B	0x300A      	MOVLW      10
0x008C	0x0620      	XORWF      _digit3, 0
L__main25:
0x008D	0x1D03      	BTFSS      STATUS, 2
0x008E	0x2891      	GOTO       L_main13
;four_digitMulti.c,29 :: 		digit3 = 0;
0x008F	0x01A0      	CLRF       _digit3
0x0090	0x01A1      	CLRF       _digit3+1
L_main13:
;four_digitMulti.c,30 :: 		}
L_main12:
;four_digitMulti.c,31 :: 		}
L_main10:
;four_digitMulti.c,32 :: 		if(portd.f3 == 0xff){
0x0091	0x1D88      	BTFSS      PORTD, 3
0x0092	0x28AC      	GOTO       L_main14
;four_digitMulti.c,33 :: 		delay_ms(80);
0x0093	0x30D0      	MOVLW      208
0x0094	0x00FC      	MOVWF      R12
0x0095	0x30C9      	MOVLW      201
0x0096	0x00FD      	MOVWF      R13
L_main15:
0x0097	0x0BFD      	DECFSZ     R13, 1
0x0098	0x2897      	GOTO       L_main15
0x0099	0x0BFC      	DECFSZ     R12, 1
0x009A	0x2897      	GOTO       L_main15
0x009B	0x0000      	NOP
0x009C	0x0000      	NOP
;four_digitMulti.c,34 :: 		if(portd.f3 == 0xff){
0x009D	0x1D88      	BTFSS      PORTD, 3
0x009E	0x28AC      	GOTO       L_main16
;four_digitMulti.c,35 :: 		digit4++;
0x009F	0x0AA2      	INCF       _digit4, 1
0x00A0	0x1903      	BTFSC      STATUS, 2
0x00A1	0x0AA3      	INCF       _digit4+1, 1
;four_digitMulti.c,36 :: 		if(digit4 == 10)
0x00A2	0x3000      	MOVLW      0
0x00A3	0x0623      	XORWF      _digit4+1, 0
0x00A4	0x1D03      	BTFSS      STATUS, 2
0x00A5	0x28A8      	GOTO       L__main26
0x00A6	0x300A      	MOVLW      10
0x00A7	0x0622      	XORWF      _digit4, 0
L__main26:
0x00A8	0x1D03      	BTFSS      STATUS, 2
0x00A9	0x28AC      	GOTO       L_main17
;four_digitMulti.c,37 :: 		digit4 = 0;
0x00AA	0x01A2      	CLRF       _digit4
0x00AB	0x01A3      	CLRF       _digit4+1
L_main17:
;four_digitMulti.c,38 :: 		}
L_main16:
;four_digitMulti.c,39 :: 		}
L_main14:
;four_digitMulti.c,41 :: 		portc.f0 = 0xff;
0x00AC	0x1407      	BSF        PORTC, 0
;four_digitMulti.c,42 :: 		portb = arraCA[digit1];
0x00AD	0x082E      	MOVF       _digit1, 0
0x00AE	0x3E24      	ADDLW      _arraCA
0x00AF	0x0084      	MOVWF      FSR
0x00B0	0x0800      	MOVF       INDF, 0
0x00B1	0x0086      	MOVWF      PORTB
;four_digitMulti.c,43 :: 		delay_ms(5);
0x00B2	0x300D      	MOVLW      13
0x00B3	0x00FC      	MOVWF      R12
0x00B4	0x30FB      	MOVLW      251
0x00B5	0x00FD      	MOVWF      R13
L_main18:
0x00B6	0x0BFD      	DECFSZ     R13, 1
0x00B7	0x28B6      	GOTO       L_main18
0x00B8	0x0BFC      	DECFSZ     R12, 1
0x00B9	0x28B6      	GOTO       L_main18
0x00BA	0x0000      	NOP
0x00BB	0x0000      	NOP
;four_digitMulti.c,44 :: 		portc.f0 = 0x00;
0x00BC	0x1007      	BCF        PORTC, 0
;four_digitMulti.c,46 :: 		portc.f1 = 0xff;
0x00BD	0x1487      	BSF        PORTC, 1
;four_digitMulti.c,47 :: 		portb = arraCA[digit2];
0x00BE	0x0830      	MOVF       _digit2, 0
0x00BF	0x3E24      	ADDLW      _arraCA
0x00C0	0x0084      	MOVWF      FSR
0x00C1	0x0800      	MOVF       INDF, 0
0x00C2	0x0086      	MOVWF      PORTB
;four_digitMulti.c,48 :: 		delay_ms(5);
0x00C3	0x300D      	MOVLW      13
0x00C4	0x00FC      	MOVWF      R12
0x00C5	0x30FB      	MOVLW      251
0x00C6	0x00FD      	MOVWF      R13
L_main19:
0x00C7	0x0BFD      	DECFSZ     R13, 1
0x00C8	0x28C7      	GOTO       L_main19
0x00C9	0x0BFC      	DECFSZ     R12, 1
0x00CA	0x28C7      	GOTO       L_main19
0x00CB	0x0000      	NOP
0x00CC	0x0000      	NOP
;four_digitMulti.c,49 :: 		portc.f1 = 0x00;
0x00CD	0x1087      	BCF        PORTC, 1
;four_digitMulti.c,51 :: 		portc.f2 = 0xff;
0x00CE	0x1507      	BSF        PORTC, 2
;four_digitMulti.c,52 :: 		portb = arraCA[digit3];
0x00CF	0x0820      	MOVF       _digit3, 0
0x00D0	0x3E24      	ADDLW      _arraCA
0x00D1	0x0084      	MOVWF      FSR
0x00D2	0x0800      	MOVF       INDF, 0
0x00D3	0x0086      	MOVWF      PORTB
;four_digitMulti.c,53 :: 		delay_ms(5);
0x00D4	0x300D      	MOVLW      13
0x00D5	0x00FC      	MOVWF      R12
0x00D6	0x30FB      	MOVLW      251
0x00D7	0x00FD      	MOVWF      R13
L_main20:
0x00D8	0x0BFD      	DECFSZ     R13, 1
0x00D9	0x28D8      	GOTO       L_main20
0x00DA	0x0BFC      	DECFSZ     R12, 1
0x00DB	0x28D8      	GOTO       L_main20
0x00DC	0x0000      	NOP
0x00DD	0x0000      	NOP
;four_digitMulti.c,54 :: 		portc.f2 = 0x00;
0x00DE	0x1107      	BCF        PORTC, 2
;four_digitMulti.c,56 :: 		portc.f3 = 0xff;
0x00DF	0x1587      	BSF        PORTC, 3
;four_digitMulti.c,57 :: 		portb = arraCA[digit4];
0x00E0	0x0822      	MOVF       _digit4, 0
0x00E1	0x3E24      	ADDLW      _arraCA
0x00E2	0x0084      	MOVWF      FSR
0x00E3	0x0800      	MOVF       INDF, 0
0x00E4	0x0086      	MOVWF      PORTB
;four_digitMulti.c,58 :: 		delay_ms(5);
0x00E5	0x300D      	MOVLW      13
0x00E6	0x00FC      	MOVWF      R12
0x00E7	0x30FB      	MOVLW      251
0x00E8	0x00FD      	MOVWF      R13
L_main21:
0x00E9	0x0BFD      	DECFSZ     R13, 1
0x00EA	0x28E9      	GOTO       L_main21
0x00EB	0x0BFC      	DECFSZ     R12, 1
0x00EC	0x28E9      	GOTO       L_main21
0x00ED	0x0000      	NOP
0x00EE	0x0000      	NOP
;four_digitMulti.c,59 :: 		portc.f3 = 0x00;
0x00EF	0x1187      	BCF        PORTC, 3
;four_digitMulti.c,61 :: 		}
0x00F0	0x283F      	GOTO       L_main0
;four_digitMulti.c,62 :: 		}
L_end_main:
0x00F1	0x28F1      	GOTO       $+0
; end of _main
Symbol List:
//** Routines locations **
//ADDRESS    SIZE    PROCEDURE
//----------------------------------------------
0x0003       [7]    _____DoICP
0x000A      [12]    ___CC2DW
0x0016     [220]    _main
//** Variables locations ** 
//ADDRESS    SIZE    VARIABLE
//----------------------------------------------
0x0000       [1]    INDF
0x0002       [1]    PCL
0x0003       [1]    STATUS
0x0004       [1]    FSR
0x0006       [1]    PORTB
0x0007       [1]    PORTC
0x0008       [1]    PORTD
0x000A       [1]    PCLATH
0x0020       [2]    _digit3
0x0022       [2]    _digit4
0x0024      [10]    _arraCA
0x002E       [2]    _digit1
0x0030       [2]    _digit2
0x0032       [2]    ___DoICPAddr
0x0070       [1]    R0
0x0071       [1]    R1
0x0072       [1]    R2
0x0073       [1]    R3
0x0074       [1]    R4
0x0075       [1]    R5
0x0076       [1]    R6
0x0077       [1]    R7
0x0078       [1]    R8
0x0079       [1]    R9
0x007A       [1]    R10
0x007B       [1]    R11
0x007C       [1]    R12
0x007D       [1]    R13
0x007E       [1]    R14
0x007F       [1]    R15
0x0086       [1]    TRISB
0x0087       [1]    TRISC
0x0088       [1]    TRISD
