;  LST file generated by mikroListExporter - v.2.0 
; Date/Time: 11/8/2023 10:52:03 AM
;----------------------------------------------

;Address Opcode 	ASM
0x0000	0x29CA      	GOTO       458
_Delay_1us:
;__Lib_Delays.c,7 :: 		void Delay_1us() {
;__Lib_Delays.c,8 :: 		Delay_us(1);
0x0003	0x0000      	NOP
0x0004	0x0000      	NOP
;__Lib_Delays.c,9 :: 		}
L_end_Delay_1us:
0x0005	0x0008      	RETURN
; end of _Delay_1us
_Delay_50us:
;__Lib_Delays.c,19 :: 		void Delay_50us() {
;__Lib_Delays.c,20 :: 		Delay_us(50);
0x0006	0x3021      	MOVLW      33
0x0007	0x1283      	BCF        STATUS, 5
0x0008	0x1303      	BCF        STATUS, 6
0x0009	0x00FD      	MOVWF      R13
L_Delay_50us2:
0x000A	0x0BFD      	DECFSZ     R13, 1
0x000B	0x280A      	GOTO       L_Delay_50us2
;__Lib_Delays.c,21 :: 		}
L_end_Delay_50us:
0x000C	0x0008      	RETURN
; end of _Delay_50us
_Delay_5500us:
;__Lib_Delays.c,31 :: 		void Delay_5500us() {
;__Lib_Delays.c,32 :: 		Delay_us(5500);
0x000D	0x300F      	MOVLW      15
0x000E	0x1283      	BCF        STATUS, 5
0x000F	0x1303      	BCF        STATUS, 6
0x0010	0x00FC      	MOVWF      R12
0x0011	0x3047      	MOVLW      71
0x0012	0x00FD      	MOVWF      R13
L_Delay_5500us5:
0x0013	0x0BFD      	DECFSZ     R13, 1
0x0014	0x2813      	GOTO       L_Delay_5500us5
0x0015	0x0BFC      	DECFSZ     R12, 1
0x0016	0x2813      	GOTO       L_Delay_5500us5
0x0017	0x0000      	NOP
0x0018	0x0000      	NOP
;__Lib_Delays.c,33 :: 		}
L_end_Delay_5500us:
0x0019	0x0008      	RETURN
; end of _Delay_5500us
_Div_16X16_U:
;__Lib_Math.c,215 :: 		
;__Lib_Math.c,222 :: 		
0x001A	0x1283      	BCF        STATUS, 5
;__Lib_Math.c,223 :: 		
0x001B	0x1303      	BCF        STATUS, 6
;__Lib_Math.c,224 :: 		
0x001C	0x01F8      	CLRF       R8
;__Lib_Math.c,225 :: 		
0x001D	0x01F9      	CLRF       R9
;__Lib_Math.c,226 :: 		
0x001E	0x3010      	MOVLW      16
;__Lib_Math.c,227 :: 		
0x001F	0x00FC      	MOVWF      R12
;__Lib_Math.c,228 :: 		
0x0020	0x0D71      	RLF        R1, 0
;__Lib_Math.c,229 :: 		
0x0021	0x0DF8      	RLF        R8, 1
;__Lib_Math.c,230 :: 		
0x0022	0x0DF9      	RLF        R9, 1
;__Lib_Math.c,231 :: 		
0x0023	0x0874      	MOVF       R4, 0
;__Lib_Math.c,232 :: 		
0x0024	0x02F8      	SUBWF      R8, 1
;__Lib_Math.c,233 :: 		
0x0025	0x0875      	MOVF       R5, 0
;__Lib_Math.c,234 :: 		
0x0026	0x1C03      	BTFSS      STATUS, 0
;__Lib_Math.c,235 :: 		
0x0027	0x0F75      	INCFSZ     R5, 0
;__Lib_Math.c,236 :: 		
0x0028	0x02F9      	SUBWF      R9, 1
;__Lib_Math.c,237 :: 		
0x0029	0x1803      	BTFSC      STATUS, 0
;__Lib_Math.c,238 :: 		
0x002A	0x2832      	GOTO       $+8
;__Lib_Math.c,239 :: 		
0x002B	0x0874      	MOVF       R4, 0
;__Lib_Math.c,240 :: 		
0x002C	0x07F8      	ADDWF      R8, 1
;__Lib_Math.c,241 :: 		
0x002D	0x0875      	MOVF       R5, 0
;__Lib_Math.c,242 :: 		
0x002E	0x1803      	BTFSC      STATUS, 0
;__Lib_Math.c,243 :: 		
0x002F	0x0F75      	INCFSZ     R5, 0
;__Lib_Math.c,244 :: 		
0x0030	0x07F9      	ADDWF      R9, 1
;__Lib_Math.c,245 :: 		
0x0031	0x1003      	BCF        STATUS, 0
;__Lib_Math.c,246 :: 		
0x0032	0x0DF0      	RLF        R0, 1
;__Lib_Math.c,247 :: 		
0x0033	0x0DF1      	RLF        R1, 1
;__Lib_Math.c,248 :: 		
0x0034	0x0BFC      	DECFSZ     R12, 1
;__Lib_Math.c,249 :: 		
0x0035	0x2820      	GOTO       $-21
;__Lib_Math.c,251 :: 		
L_end_Div_16X16_U:
0x0036	0x0008      	RETURN
; end of _Div_16X16_U
_Lcd_Cmd:
;__Lib_Lcd.c,18 :: 		
;__Lib_Lcd.c,20 :: 		
0x0037	0x1283      	BCF        STATUS, 5
0x0038	0x1303      	BCF        STATUS, 6
0x0039	0x1BDF      	BTFSC      FARG_Lcd_Cmd_out_char, 7
0x003A	0x283D      	GOTO       L__Lcd_Cmd21
0x003B	0x1286      	BCF        LCD_D7, BitPos(LCD_D7+0)
0x003C	0x283E      	GOTO       L__Lcd_Cmd22
L__Lcd_Cmd21:
0x003D	0x1686      	BSF        LCD_D7, BitPos(LCD_D7+0)
L__Lcd_Cmd22:
;__Lib_Lcd.c,21 :: 		
0x003E	0x1B5F      	BTFSC      FARG_Lcd_Cmd_out_char, 6
0x003F	0x2842      	GOTO       L__Lcd_Cmd23
0x0040	0x1206      	BCF        LCD_D6, BitPos(LCD_D6+0)
0x0041	0x2843      	GOTO       L__Lcd_Cmd24
L__Lcd_Cmd23:
0x0042	0x1606      	BSF        LCD_D6, BitPos(LCD_D6+0)
L__Lcd_Cmd24:
;__Lib_Lcd.c,22 :: 		
0x0043	0x1ADF      	BTFSC      FARG_Lcd_Cmd_out_char, 5
0x0044	0x2847      	GOTO       L__Lcd_Cmd25
0x0045	0x1186      	BCF        LCD_D5, BitPos(LCD_D5+0)
0x0046	0x2848      	GOTO       L__Lcd_Cmd26
L__Lcd_Cmd25:
0x0047	0x1586      	BSF        LCD_D5, BitPos(LCD_D5+0)
L__Lcd_Cmd26:
;__Lib_Lcd.c,23 :: 		
0x0048	0x1A5F      	BTFSC      FARG_Lcd_Cmd_out_char, 4
0x0049	0x284C      	GOTO       L__Lcd_Cmd27
0x004A	0x1106      	BCF        LCD_D4, BitPos(LCD_D4+0)
0x004B	0x284D      	GOTO       L__Lcd_Cmd28
L__Lcd_Cmd27:
0x004C	0x1506      	BSF        LCD_D4, BitPos(LCD_D4+0)
L__Lcd_Cmd28:
;__Lib_Lcd.c,25 :: 		
0x004D	0x183A      	BTFSC      __Lib_Lcd_cmd_status, BitPos(__Lib_Lcd_cmd_status+0)
0x004E	0x2851      	GOTO       L__Lcd_Cmd29
0x004F	0x1406      	BSF        LCD_RS, BitPos(LCD_RS+0)
0x0050	0x2852      	GOTO       L__Lcd_Cmd30
L__Lcd_Cmd29:
0x0051	0x1006      	BCF        LCD_RS, BitPos(LCD_RS+0)
L__Lcd_Cmd30:
;__Lib_Lcd.c,28 :: 		
0x0052	0x1486      	BSF        LCD_EN, BitPos(LCD_EN+0)
;__Lib_Lcd.c,29 :: 		
0x0053	0x2003      	CALL       _Delay_1us
;__Lib_Lcd.c,30 :: 		
0x0054	0x1086      	BCF        LCD_EN, BitPos(LCD_EN+0)
;__Lib_Lcd.c,33 :: 		
0x0055	0x19DF      	BTFSC      FARG_Lcd_Cmd_out_char, 3
0x0056	0x2859      	GOTO       L__Lcd_Cmd31
0x0057	0x1286      	BCF        LCD_D7, BitPos(LCD_D7+0)
0x0058	0x285A      	GOTO       L__Lcd_Cmd32
L__Lcd_Cmd31:
0x0059	0x1686      	BSF        LCD_D7, BitPos(LCD_D7+0)
L__Lcd_Cmd32:
;__Lib_Lcd.c,34 :: 		
0x005A	0x195F      	BTFSC      FARG_Lcd_Cmd_out_char, 2
0x005B	0x285E      	GOTO       L__Lcd_Cmd33
0x005C	0x1206      	BCF        LCD_D6, BitPos(LCD_D6+0)
0x005D	0x285F      	GOTO       L__Lcd_Cmd34
L__Lcd_Cmd33:
0x005E	0x1606      	BSF        LCD_D6, BitPos(LCD_D6+0)
L__Lcd_Cmd34:
;__Lib_Lcd.c,35 :: 		
0x005F	0x18DF      	BTFSC      FARG_Lcd_Cmd_out_char, 1
0x0060	0x2863      	GOTO       L__Lcd_Cmd35
0x0061	0x1186      	BCF        LCD_D5, BitPos(LCD_D5+0)
0x0062	0x2864      	GOTO       L__Lcd_Cmd36
L__Lcd_Cmd35:
0x0063	0x1586      	BSF        LCD_D5, BitPos(LCD_D5+0)
L__Lcd_Cmd36:
;__Lib_Lcd.c,36 :: 		
0x0064	0x185F      	BTFSC      FARG_Lcd_Cmd_out_char, 0
0x0065	0x2868      	GOTO       L__Lcd_Cmd37
0x0066	0x1106      	BCF        LCD_D4, BitPos(LCD_D4+0)
0x0067	0x2869      	GOTO       L__Lcd_Cmd38
L__Lcd_Cmd37:
0x0068	0x1506      	BSF        LCD_D4, BitPos(LCD_D4+0)
L__Lcd_Cmd38:
;__Lib_Lcd.c,38 :: 		
0x0069	0x183A      	BTFSC      __Lib_Lcd_cmd_status, BitPos(__Lib_Lcd_cmd_status+0)
0x006A	0x286D      	GOTO       L__Lcd_Cmd39
0x006B	0x1406      	BSF        LCD_RS, BitPos(LCD_RS+0)
0x006C	0x286E      	GOTO       L__Lcd_Cmd40
L__Lcd_Cmd39:
0x006D	0x1006      	BCF        LCD_RS, BitPos(LCD_RS+0)
L__Lcd_Cmd40:
;__Lib_Lcd.c,40 :: 		
0x006E	0x1486      	BSF        LCD_EN, BitPos(LCD_EN+0)
;__Lib_Lcd.c,41 :: 		
0x006F	0x2003      	CALL       _Delay_1us
;__Lib_Lcd.c,42 :: 		
0x0070	0x1086      	BCF        LCD_EN, BitPos(LCD_EN+0)
;__Lib_Lcd.c,44 :: 		
0x0071	0x1C3A      	BTFSS      __Lib_Lcd_cmd_status, BitPos(__Lib_Lcd_cmd_status+0)
0x0072	0x2875      	GOTO       L_Lcd_Cmd0
;__Lib_Lcd.c,45 :: 		
0x0073	0x200D      	CALL       _Delay_5500us
0x0074	0x2876      	GOTO       L_Lcd_Cmd1
L_Lcd_Cmd0:
;__Lib_Lcd.c,47 :: 		
0x0075	0x2006      	CALL       _Delay_50us
L_Lcd_Cmd1:
;__Lib_Lcd.c,48 :: 		
L_end_Lcd_Cmd:
0x0076	0x0008      	RETURN
; end of _Lcd_Cmd
_Lcd_Chr_CP:
;__Lib_Lcd.c,50 :: 		
;__Lib_Lcd.c,52 :: 		
0x0077	0x1283      	BCF        STATUS, 5
0x0078	0x1303      	BCF        STATUS, 6
0x0079	0x103A      	BCF        __Lib_Lcd_cmd_status, BitPos(__Lib_Lcd_cmd_status+0)
;__Lib_Lcd.c,53 :: 		
0x007A	0x085A      	MOVF       FARG_Lcd_Chr_CP_out_char, 0
0x007B	0x00DF      	MOVWF      FARG_Lcd_Cmd_out_char
0x007C	0x2037      	CALL       _Lcd_Cmd
;__Lib_Lcd.c,54 :: 		
0x007D	0x143A      	BSF        __Lib_Lcd_cmd_status, BitPos(__Lib_Lcd_cmd_status+0)
;__Lib_Lcd.c,55 :: 		
L_end_Lcd_Chr_CP:
0x007E	0x0008      	RETURN
; end of _Lcd_Chr_CP
_____DoICP:
;__Lib_System.c,6 :: 		
;__Lib_System.c,9 :: 		
0x007F	0x1283      	BCF        STATUS, 5
0x0080	0x1303      	BCF        STATUS, 6
0x0081	0x0839      	MOVF       ___DoICPAddr+1, 0
0x0082	0x008A      	MOVWF      PCLATH
;__Lib_System.c,10 :: 		
0x0083	0x0838      	MOVF       ___DoICPAddr, 0
0x0084	0x0082      	MOVWF      PCL
;__Lib_System.c,12 :: 		
L_end_____DoICP:
0x0085	0x0008      	RETURN
; end of _____DoICP
_WordToStr:
;__Lib_Conversions.c,98 :: 		
;__Lib_Conversions.c,103 :: 		
0x0086	0x1283      	BCF        STATUS, 5
0x0087	0x1303      	BCF        STATUS, 6
0x0088	0x01DD      	CLRF       WordToStr_len_L0
L_WordToStr11:
0x0089	0x3005      	MOVLW      5
0x008A	0x025D      	SUBWF      WordToStr_len_L0, 0
0x008B	0x1803      	BTFSC      STATUS, 0
0x008C	0x2894      	GOTO       L_WordToStr12
;__Lib_Conversions.c,104 :: 		
0x008D	0x085D      	MOVF       WordToStr_len_L0, 0
0x008E	0x075C      	ADDWF      FARG_WordToStr_output, 0
0x008F	0x0084      	MOVWF      FSR
0x0090	0x3020      	MOVLW      32
0x0091	0x0080      	MOVWF      INDF
;__Lib_Conversions.c,103 :: 		
0x0092	0x0ADD      	INCF       WordToStr_len_L0, 1
;__Lib_Conversions.c,104 :: 		
0x0093	0x2889      	GOTO       L_WordToStr11
L_WordToStr12:
;__Lib_Conversions.c,105 :: 		
0x0094	0x085D      	MOVF       WordToStr_len_L0, 0
0x0095	0x075C      	ADDWF      FARG_WordToStr_output, 0
0x0096	0x0084      	MOVWF      FSR
0x0097	0x0180      	CLRF       INDF
0x0098	0x03DD      	DECF       WordToStr_len_L0, 1
;__Lib_Conversions.c,107 :: 		
L_WordToStr14:
;__Lib_Conversions.c,108 :: 		
0x0099	0x085D      	MOVF       WordToStr_len_L0, 0
0x009A	0x075C      	ADDWF      FARG_WordToStr_output, 0
0x009B	0x00DE      	MOVWF      FLOC__WordToStr
0x009C	0x300A      	MOVLW      10
0x009D	0x00F4      	MOVWF      R4
0x009E	0x01F5      	CLRF       R4+1
0x009F	0x085A      	MOVF       FARG_WordToStr_input, 0
0x00A0	0x00F0      	MOVWF      R0
0x00A1	0x085B      	MOVF       FARG_WordToStr_input+1, 0
0x00A2	0x00F1      	MOVWF      R0+1
0x00A3	0x201A      	CALL       _Div_16X16_U
0x00A4	0x0878      	MOVF       R8, 0
0x00A5	0x00F0      	MOVWF      R0
0x00A6	0x0879      	MOVF       R8+1, 0
0x00A7	0x00F1      	MOVWF      R0+1
0x00A8	0x3030      	MOVLW      48
0x00A9	0x07F0      	ADDWF      R0, 1
0x00AA	0x085E      	MOVF       FLOC__WordToStr, 0
0x00AB	0x0084      	MOVWF      FSR
0x00AC	0x0870      	MOVF       R0, 0
0x00AD	0x0080      	MOVWF      INDF
;__Lib_Conversions.c,109 :: 		
0x00AE	0x300A      	MOVLW      10
0x00AF	0x00F4      	MOVWF      R4
0x00B0	0x01F5      	CLRF       R4+1
0x00B1	0x085A      	MOVF       FARG_WordToStr_input, 0
0x00B2	0x00F0      	MOVWF      R0
0x00B3	0x085B      	MOVF       FARG_WordToStr_input+1, 0
0x00B4	0x00F1      	MOVWF      R0+1
0x00B5	0x201A      	CALL       _Div_16X16_U
0x00B6	0x0870      	MOVF       R0, 0
0x00B7	0x00DA      	MOVWF      FARG_WordToStr_input
0x00B8	0x0871      	MOVF       R0+1, 0
0x00B9	0x00DB      	MOVWF      FARG_WordToStr_input+1
;__Lib_Conversions.c,110 :: 		
0x00BA	0x3000      	MOVLW      0
0x00BB	0x0671      	XORWF      R0+1, 0
0x00BC	0x1D03      	BTFSS      STATUS, 2
0x00BD	0x28C0      	GOTO       L__WordToStr379
0x00BE	0x3000      	MOVLW      0
0x00BF	0x0670      	XORWF      R0, 0
L__WordToStr379:
0x00C0	0x1D03      	BTFSS      STATUS, 2
0x00C1	0x28C3      	GOTO       L_WordToStr16
;__Lib_Conversions.c,111 :: 		
0x00C2	0x28C5      	GOTO       L_WordToStr15
L_WordToStr16:
;__Lib_Conversions.c,112 :: 		
0x00C3	0x03DD      	DECF       WordToStr_len_L0, 1
;__Lib_Conversions.c,113 :: 		
0x00C4	0x2899      	GOTO       L_WordToStr14
L_WordToStr15:
;__Lib_Conversions.c,114 :: 		
L_end_WordToStr:
0x00C5	0x0008      	RETURN
; end of _WordToStr
_IntToStr:
;__Lib_Conversions.c,195 :: 		
;__Lib_Conversions.c,201 :: 		
0x00C6	0x1283      	BCF        STATUS, 5
0x00C7	0x1303      	BCF        STATUS, 6
0x00C8	0x01D6      	CLRF       IntToStr_negative_L0
0x00C9	0x01D7      	CLRF       IntToStr_negative_L0+1
;__Lib_Conversions.c,202 :: 		
0x00CA	0x0851      	MOVF       FARG_IntToStr_input, 0
0x00CB	0x00D8      	MOVWF      IntToStr_inword_L0
0x00CC	0x0852      	MOVF       FARG_IntToStr_input+1, 0
0x00CD	0x00D9      	MOVWF      IntToStr_inword_L0+1
;__Lib_Conversions.c,203 :: 		
0x00CE	0x3080      	MOVLW      128
0x00CF	0x0652      	XORWF      FARG_IntToStr_input+1, 0
0x00D0	0x00F0      	MOVWF      R0
0x00D1	0x3080      	MOVLW      128
0x00D2	0x0270      	SUBWF      R0, 0
0x00D3	0x1D03      	BTFSS      STATUS, 2
0x00D4	0x28D7      	GOTO       L__IntToStr387
0x00D5	0x3000      	MOVLW      0
0x00D6	0x0251      	SUBWF      FARG_IntToStr_input, 0
L__IntToStr387:
0x00D7	0x1803      	BTFSC      STATUS, 0
0x00D8	0x28E5      	GOTO       L_IntToStr37
;__Lib_Conversions.c,204 :: 		
0x00D9	0x3001      	MOVLW      1
0x00DA	0x00D6      	MOVWF      IntToStr_negative_L0
0x00DB	0x3000      	MOVLW      0
0x00DC	0x00D7      	MOVWF      IntToStr_negative_L0+1
;__Lib_Conversions.c,205 :: 		
0x00DD	0x0851      	MOVF       FARG_IntToStr_input, 0
0x00DE	0x3C00      	SUBLW      0
0x00DF	0x00D8      	MOVWF      IntToStr_inword_L0
0x00E0	0x0852      	MOVF       FARG_IntToStr_input+1, 0
0x00E1	0x1C03      	BTFSS      STATUS, 0
0x00E2	0x3E01      	ADDLW      1
0x00E3	0x01D9      	CLRF       IntToStr_inword_L0+1
0x00E4	0x02D9      	SUBWF      IntToStr_inword_L0+1, 1
;__Lib_Conversions.c,206 :: 		
L_IntToStr37:
;__Lib_Conversions.c,207 :: 		
0x00E5	0x0858      	MOVF       IntToStr_inword_L0, 0
0x00E6	0x00DA      	MOVWF      FARG_WordToStr_input
0x00E7	0x0859      	MOVF       IntToStr_inword_L0+1, 0
0x00E8	0x00DB      	MOVWF      FARG_WordToStr_input+1
0x00E9	0x0853      	MOVF       FARG_IntToStr_output, 0
0x00EA	0x00DC      	MOVWF      FARG_WordToStr_output
0x00EB	0x2086      	CALL       _WordToStr
;__Lib_Conversions.c,209 :: 		
0x00EC	0x3006      	MOVLW      6
0x00ED	0x00D4      	MOVWF      IntToStr_i_L0
0x00EE	0x3000      	MOVLW      0
0x00EF	0x00D5      	MOVWF      IntToStr_i_L0+1
;__Lib_Conversions.c,210 :: 		
L_IntToStr38:
0x00F0	0x0855      	MOVF       IntToStr_i_L0+1, 0
0x00F1	0x3C00      	SUBLW      0
0x00F2	0x1D03      	BTFSS      STATUS, 2
0x00F3	0x28F6      	GOTO       L__IntToStr388
0x00F4	0x0854      	MOVF       IntToStr_i_L0, 0
0x00F5	0x3C00      	SUBLW      0
L__IntToStr388:
0x00F6	0x1803      	BTFSC      STATUS, 0
0x00F7	0x2911      	GOTO       L_IntToStr39
;__Lib_Conversions.c,211 :: 		
0x00F8	0x0854      	MOVF       IntToStr_i_L0, 0
0x00F9	0x0753      	ADDWF      FARG_IntToStr_output, 0
0x00FA	0x00F2      	MOVWF      R2
0x00FB	0x3001      	MOVLW      1
0x00FC	0x0254      	SUBWF      IntToStr_i_L0, 0
0x00FD	0x00F0      	MOVWF      R0
0x00FE	0x3000      	MOVLW      0
0x00FF	0x1C03      	BTFSS      STATUS, 0
0x0100	0x3E01      	ADDLW      1
0x0101	0x0255      	SUBWF      IntToStr_i_L0+1, 0
0x0102	0x00F1      	MOVWF      R0+1
0x0103	0x0870      	MOVF       R0, 0
0x0104	0x0753      	ADDWF      FARG_IntToStr_output, 0
0x0105	0x0084      	MOVWF      FSR
0x0106	0x0800      	MOVF       INDF, 0
0x0107	0x00F0      	MOVWF      R0
0x0108	0x0872      	MOVF       R2, 0
0x0109	0x0084      	MOVWF      FSR
0x010A	0x0870      	MOVF       R0, 0
0x010B	0x0080      	MOVWF      INDF
;__Lib_Conversions.c,212 :: 		
0x010C	0x3001      	MOVLW      1
0x010D	0x02D4      	SUBWF      IntToStr_i_L0, 1
0x010E	0x1C03      	BTFSS      STATUS, 0
0x010F	0x03D5      	DECF       IntToStr_i_L0+1, 1
;__Lib_Conversions.c,213 :: 		
0x0110	0x28F0      	GOTO       L_IntToStr38
L_IntToStr39:
;__Lib_Conversions.c,214 :: 		
0x0111	0x0853      	MOVF       FARG_IntToStr_output, 0
0x0112	0x0084      	MOVWF      FSR
0x0113	0x3020      	MOVLW      32
0x0114	0x0080      	MOVWF      INDF
;__Lib_Conversions.c,215 :: 		
0x0115	0x0856      	MOVF       IntToStr_negative_L0, 0
0x0116	0x0457      	IORWF      IntToStr_negative_L0+1, 0
0x0117	0x1903      	BTFSC      STATUS, 2
0x0118	0x292F      	GOTO       L_IntToStr40
;__Lib_Conversions.c,216 :: 		
0x0119	0x01D4      	CLRF       IntToStr_i_L0
0x011A	0x01D5      	CLRF       IntToStr_i_L0+1
;__Lib_Conversions.c,217 :: 		
L_IntToStr41:
0x011B	0x0854      	MOVF       IntToStr_i_L0, 0
0x011C	0x0753      	ADDWF      FARG_IntToStr_output, 0
0x011D	0x0084      	MOVWF      FSR
0x011E	0x0800      	MOVF       INDF, 0
0x011F	0x3A20      	XORLW      32
0x0120	0x1D03      	BTFSS      STATUS, 2
0x0121	0x2926      	GOTO       L_IntToStr42
0x0122	0x0AD4      	INCF       IntToStr_i_L0, 1
0x0123	0x1903      	BTFSC      STATUS, 2
0x0124	0x0AD5      	INCF       IntToStr_i_L0+1, 1
0x0125	0x291B      	GOTO       L_IntToStr41
L_IntToStr42:
;__Lib_Conversions.c,218 :: 		
0x0126	0x3001      	MOVLW      1
0x0127	0x02D4      	SUBWF      IntToStr_i_L0, 1
0x0128	0x1C03      	BTFSS      STATUS, 0
0x0129	0x03D5      	DECF       IntToStr_i_L0+1, 1
;__Lib_Conversions.c,219 :: 		
0x012A	0x0854      	MOVF       IntToStr_i_L0, 0
0x012B	0x0753      	ADDWF      FARG_IntToStr_output, 0
0x012C	0x0084      	MOVWF      FSR
0x012D	0x302D      	MOVLW      45
0x012E	0x0080      	MOVWF      INDF
L_IntToStr40:
;__Lib_Conversions.c,220 :: 		
L_end_IntToStr:
0x012F	0x0008      	RETURN
; end of _IntToStr
_Lcd_Out:
;__Lib_Lcd.c,184 :: 		
;__Lib_Lcd.c,187 :: 		
0x0130	0x2942      	GOTO       L_Lcd_Out11
;__Lib_Lcd.c,188 :: 		
L_Lcd_Out13:
0x0131	0x3080      	MOVLW      128
0x0132	0x1283      	BCF        STATUS, 5
0x0133	0x1303      	BCF        STATUS, 6
0x0134	0x00D1      	MOVWF      FARG_Lcd_Out_row
0x0135	0x2955      	GOTO       L_Lcd_Out12
;__Lib_Lcd.c,189 :: 		
L_Lcd_Out14:
0x0136	0x30C0      	MOVLW      192
0x0137	0x00D1      	MOVWF      FARG_Lcd_Out_row
0x0138	0x2955      	GOTO       L_Lcd_Out12
;__Lib_Lcd.c,190 :: 		
L_Lcd_Out15:
0x0139	0x3094      	MOVLW      148
0x013A	0x00D1      	MOVWF      FARG_Lcd_Out_row
0x013B	0x2955      	GOTO       L_Lcd_Out12
;__Lib_Lcd.c,191 :: 		
L_Lcd_Out16:
0x013C	0x30D4      	MOVLW      212
0x013D	0x00D1      	MOVWF      FARG_Lcd_Out_row
0x013E	0x2955      	GOTO       L_Lcd_Out12
;__Lib_Lcd.c,192 :: 		
L_Lcd_Out17:
0x013F	0x3080      	MOVLW      128
0x0140	0x00D1      	MOVWF      FARG_Lcd_Out_row
;__Lib_Lcd.c,193 :: 		
0x0141	0x2955      	GOTO       L_Lcd_Out12
L_Lcd_Out11:
0x0142	0x1283      	BCF        STATUS, 5
0x0143	0x1303      	BCF        STATUS, 6
0x0144	0x0851      	MOVF       FARG_Lcd_Out_row, 0
0x0145	0x3A01      	XORLW      1
0x0146	0x1903      	BTFSC      STATUS, 2
0x0147	0x2931      	GOTO       L_Lcd_Out13
0x0148	0x0851      	MOVF       FARG_Lcd_Out_row, 0
0x0149	0x3A02      	XORLW      2
0x014A	0x1903      	BTFSC      STATUS, 2
0x014B	0x2936      	GOTO       L_Lcd_Out14
0x014C	0x0851      	MOVF       FARG_Lcd_Out_row, 0
0x014D	0x3A03      	XORLW      3
0x014E	0x1903      	BTFSC      STATUS, 2
0x014F	0x2939      	GOTO       L_Lcd_Out15
0x0150	0x0851      	MOVF       FARG_Lcd_Out_row, 0
0x0151	0x3A04      	XORLW      4
0x0152	0x1903      	BTFSC      STATUS, 2
0x0153	0x293C      	GOTO       L_Lcd_Out16
0x0154	0x293F      	GOTO       L_Lcd_Out17
L_Lcd_Out12:
;__Lib_Lcd.c,194 :: 		
0x0155	0x0352      	DECF       FARG_Lcd_Out_column, 0
0x0156	0x00F0      	MOVWF      R0
0x0157	0x0851      	MOVF       FARG_Lcd_Out_row, 0
0x0158	0x07F0      	ADDWF      R0, 1
0x0159	0x0870      	MOVF       R0, 0
0x015A	0x00D1      	MOVWF      FARG_Lcd_Out_row
;__Lib_Lcd.c,196 :: 		
0x015B	0x0870      	MOVF       R0, 0
0x015C	0x00DF      	MOVWF      FARG_Lcd_Cmd_out_char
0x015D	0x2037      	CALL       _Lcd_Cmd
;__Lib_Lcd.c,197 :: 		
0x015E	0x103A      	BCF        __Lib_Lcd_cmd_status, BitPos(__Lib_Lcd_cmd_status+0)
;__Lib_Lcd.c,198 :: 		
0x015F	0x01D4      	CLRF       Lcd_Out_i_L0
;__Lib_Lcd.c,199 :: 		
L_Lcd_Out18:
0x0160	0x0854      	MOVF       Lcd_Out_i_L0, 0
0x0161	0x0753      	ADDWF      FARG_Lcd_Out_text, 0
0x0162	0x0084      	MOVWF      FSR
0x0163	0x0800      	MOVF       INDF, 0
0x0164	0x1903      	BTFSC      STATUS, 2
0x0165	0x296E      	GOTO       L_Lcd_Out19
;__Lib_Lcd.c,200 :: 		
0x0166	0x0854      	MOVF       Lcd_Out_i_L0, 0
0x0167	0x0753      	ADDWF      FARG_Lcd_Out_text, 0
0x0168	0x0084      	MOVWF      FSR
0x0169	0x0800      	MOVF       INDF, 0
0x016A	0x00DA      	MOVWF      FARG_Lcd_Chr_CP_out_char
0x016B	0x2077      	CALL       _Lcd_Chr_CP
0x016C	0x0AD4      	INCF       Lcd_Out_i_L0, 1
0x016D	0x2960      	GOTO       L_Lcd_Out18
L_Lcd_Out19:
;__Lib_Lcd.c,201 :: 		
0x016E	0x143A      	BSF        __Lib_Lcd_cmd_status, BitPos(__Lib_Lcd_cmd_status+0)
;__Lib_Lcd.c,202 :: 		
L_end_Lcd_Out:
0x016F	0x0008      	RETURN
; end of _Lcd_Out
___CC2DW:
;__Lib_System.c,134 :: 		
;__Lib_System.c,137 :: 		
_CC2D_Loop1:
;__Lib_System.c,139 :: 		
0x0170	0x207F      	CALL       _____DoICP
0x0171	0x118A      	BCF        PCLATH, 3
0x0172	0x120A      	BCF        PCLATH, 4
;__Lib_System.c,141 :: 		
0x0173	0x0080      	MOVWF      INDF
;__Lib_System.c,142 :: 		
0x0174	0x0A84      	INCF       FSR, 1
;__Lib_System.c,143 :: 		
0x0175	0x0AB8      	INCF       ___DoICPAddr, 1
;__Lib_System.c,145 :: 		
0x0176	0x1903      	BTFSC      STATUS, 2
;__Lib_System.c,146 :: 		
0x0177	0x0AB9      	INCF       ___DoICPAddr+1, 1
;__Lib_System.c,147 :: 		
0x0178	0x03F0      	DECF       R0, 1
;__Lib_System.c,149 :: 		
0x0179	0x1D03      	BTFSS      STATUS, 2
;__Lib_System.c,150 :: 		
0x017A	0x2970      	GOTO       _CC2D_Loop1
;__Lib_System.c,152 :: 		
L_end___CC2DW:
0x017B	0x0008      	RETURN
; end of ___CC2DW
_Lcd_Init:
;__Lib_Lcd.c,84 :: 		
;__Lib_Lcd.c,86 :: 		
0x017C	0x1683      	BSF        STATUS, 5
0x017D	0x1303      	BCF        STATUS, 6
0x017E	0x1086      	BCF        LCD_EN_Direction, BitPos(LCD_EN_Direction+0)
;__Lib_Lcd.c,87 :: 		
0x017F	0x1006      	BCF        LCD_RS_Direction, BitPos(LCD_RS_Direction+0)
;__Lib_Lcd.c,88 :: 		
0x0180	0x1106      	BCF        LCD_D4_Direction, BitPos(LCD_D4_Direction+0)
;__Lib_Lcd.c,89 :: 		
0x0181	0x1186      	BCF        LCD_D5_Direction, BitPos(LCD_D5_Direction+0)
;__Lib_Lcd.c,90 :: 		
0x0182	0x1206      	BCF        LCD_D6_Direction, BitPos(LCD_D6_Direction+0)
;__Lib_Lcd.c,91 :: 		
0x0183	0x1286      	BCF        LCD_D7_Direction, BitPos(LCD_D7_Direction+0)
;__Lib_Lcd.c,93 :: 		
0x0184	0x1283      	BCF        STATUS, 5
0x0185	0x1086      	BCF        LCD_EN, BitPos(LCD_EN+0)
;__Lib_Lcd.c,94 :: 		
0x0186	0x1006      	BCF        LCD_RS, BitPos(LCD_RS+0)
;__Lib_Lcd.c,95 :: 		
0x0187	0x1286      	BCF        LCD_D7, BitPos(LCD_D7+0)
;__Lib_Lcd.c,96 :: 		
0x0188	0x1206      	BCF        LCD_D6, BitPos(LCD_D6+0)
;__Lib_Lcd.c,97 :: 		
0x0189	0x1186      	BCF        LCD_D5, BitPos(LCD_D5+0)
;__Lib_Lcd.c,98 :: 		
0x018A	0x1106      	BCF        LCD_D4, BitPos(LCD_D4+0)
;__Lib_Lcd.c,100 :: 		
0x018B	0x200D      	CALL       _Delay_5500us
;__Lib_Lcd.c,101 :: 		
0x018C	0x200D      	CALL       _Delay_5500us
;__Lib_Lcd.c,102 :: 		
0x018D	0x200D      	CALL       _Delay_5500us
;__Lib_Lcd.c,105 :: 		
0x018E	0x1586      	BSF        LCD_D5, BitPos(LCD_D5+0)
;__Lib_Lcd.c,106 :: 		
0x018F	0x1506      	BSF        LCD_D4, BitPos(LCD_D4+0)
;__Lib_Lcd.c,107 :: 		
0x0190	0x1486      	BSF        LCD_EN, BitPos(LCD_EN+0)
;__Lib_Lcd.c,108 :: 		
0x0191	0x2003      	CALL       _Delay_1us
;__Lib_Lcd.c,109 :: 		
0x0192	0x1086      	BCF        LCD_EN, BitPos(LCD_EN+0)
;__Lib_Lcd.c,110 :: 		
0x0193	0x200D      	CALL       _Delay_5500us
;__Lib_Lcd.c,112 :: 		
0x0194	0x1486      	BSF        LCD_EN, BitPos(LCD_EN+0)
;__Lib_Lcd.c,113 :: 		
0x0195	0x2003      	CALL       _Delay_1us
;__Lib_Lcd.c,114 :: 		
0x0196	0x1086      	BCF        LCD_EN, BitPos(LCD_EN+0)
;__Lib_Lcd.c,115 :: 		
0x0197	0x200D      	CALL       _Delay_5500us
;__Lib_Lcd.c,117 :: 		
0x0198	0x1486      	BSF        LCD_EN, BitPos(LCD_EN+0)
;__Lib_Lcd.c,118 :: 		
0x0199	0x2003      	CALL       _Delay_1us
;__Lib_Lcd.c,119 :: 		
0x019A	0x1086      	BCF        LCD_EN, BitPos(LCD_EN+0)
;__Lib_Lcd.c,120 :: 		
0x019B	0x200D      	CALL       _Delay_5500us
;__Lib_Lcd.c,123 :: 		
0x019C	0x1106      	BCF        LCD_D4, BitPos(LCD_D4+0)
;__Lib_Lcd.c,124 :: 		
0x019D	0x1486      	BSF        LCD_EN, BitPos(LCD_EN+0)
;__Lib_Lcd.c,125 :: 		
0x019E	0x2003      	CALL       _Delay_1us
;__Lib_Lcd.c,126 :: 		
0x019F	0x1086      	BCF        LCD_EN, BitPos(LCD_EN+0)
;__Lib_Lcd.c,127 :: 		
0x01A0	0x200D      	CALL       _Delay_5500us
;__Lib_Lcd.c,130 :: 		
0x01A1	0x1486      	BSF        LCD_EN, BitPos(LCD_EN+0)
;__Lib_Lcd.c,131 :: 		
0x01A2	0x2003      	CALL       _Delay_1us
;__Lib_Lcd.c,132 :: 		
0x01A3	0x1086      	BCF        LCD_EN, BitPos(LCD_EN+0)
;__Lib_Lcd.c,134 :: 		
0x01A4	0x1186      	BCF        LCD_D5, BitPos(LCD_D5+0)
;__Lib_Lcd.c,135 :: 		
0x01A5	0x1686      	BSF        LCD_D7, BitPos(LCD_D7+0)
;__Lib_Lcd.c,136 :: 		
0x01A6	0x1486      	BSF        LCD_EN, BitPos(LCD_EN+0)
;__Lib_Lcd.c,137 :: 		
0x01A7	0x2003      	CALL       _Delay_1us
;__Lib_Lcd.c,138 :: 		
0x01A8	0x1086      	BCF        LCD_EN, BitPos(LCD_EN+0)
;__Lib_Lcd.c,139 :: 		
0x01A9	0x200D      	CALL       _Delay_5500us
;__Lib_Lcd.c,142 :: 		
0x01AA	0x1286      	BCF        LCD_D7, BitPos(LCD_D7+0)
;__Lib_Lcd.c,143 :: 		
0x01AB	0x1506      	BSF        LCD_D4, BitPos(LCD_D4+0)
;__Lib_Lcd.c,144 :: 		
0x01AC	0x1486      	BSF        LCD_EN, BitPos(LCD_EN+0)
;__Lib_Lcd.c,145 :: 		
0x01AD	0x2003      	CALL       _Delay_1us
;__Lib_Lcd.c,146 :: 		
0x01AE	0x1086      	BCF        LCD_EN, BitPos(LCD_EN+0)
;__Lib_Lcd.c,148 :: 		
0x01AF	0x1106      	BCF        LCD_D4, BitPos(LCD_D4+0)
;__Lib_Lcd.c,149 :: 		
0x01B0	0x1486      	BSF        LCD_EN, BitPos(LCD_EN+0)
;__Lib_Lcd.c,150 :: 		
0x01B1	0x2003      	CALL       _Delay_1us
;__Lib_Lcd.c,151 :: 		
0x01B2	0x1086      	BCF        LCD_EN, BitPos(LCD_EN+0)
;__Lib_Lcd.c,152 :: 		
0x01B3	0x200D      	CALL       _Delay_5500us
;__Lib_Lcd.c,155 :: 		
0x01B4	0x1486      	BSF        LCD_EN, BitPos(LCD_EN+0)
;__Lib_Lcd.c,156 :: 		
0x01B5	0x2003      	CALL       _Delay_1us
;__Lib_Lcd.c,157 :: 		
0x01B6	0x1086      	BCF        LCD_EN, BitPos(LCD_EN+0)
;__Lib_Lcd.c,159 :: 		
0x01B7	0x1506      	BSF        LCD_D4, BitPos(LCD_D4+0)
;__Lib_Lcd.c,160 :: 		
0x01B8	0x1486      	BSF        LCD_EN, BitPos(LCD_EN+0)
;__Lib_Lcd.c,161 :: 		
0x01B9	0x2003      	CALL       _Delay_1us
;__Lib_Lcd.c,162 :: 		
0x01BA	0x1086      	BCF        LCD_EN, BitPos(LCD_EN+0)
;__Lib_Lcd.c,163 :: 		
0x01BB	0x200D      	CALL       _Delay_5500us
;__Lib_Lcd.c,166 :: 		
0x01BC	0x1106      	BCF        LCD_D4, BitPos(LCD_D4+0)
;__Lib_Lcd.c,167 :: 		
0x01BD	0x1486      	BSF        LCD_EN, BitPos(LCD_EN+0)
;__Lib_Lcd.c,168 :: 		
0x01BE	0x2003      	CALL       _Delay_1us
;__Lib_Lcd.c,169 :: 		
0x01BF	0x1086      	BCF        LCD_EN, BitPos(LCD_EN+0)
;__Lib_Lcd.c,171 :: 		
0x01C0	0x1686      	BSF        LCD_D7, BitPos(LCD_D7+0)
;__Lib_Lcd.c,172 :: 		
0x01C1	0x1606      	BSF        LCD_D6, BitPos(LCD_D6+0)
;__Lib_Lcd.c,173 :: 		
0x01C2	0x1586      	BSF        LCD_D5, BitPos(LCD_D5+0)
;__Lib_Lcd.c,174 :: 		
0x01C3	0x1506      	BSF        LCD_D4, BitPos(LCD_D4+0)
;__Lib_Lcd.c,175 :: 		
0x01C4	0x1486      	BSF        LCD_EN, BitPos(LCD_EN+0)
;__Lib_Lcd.c,176 :: 		
0x01C5	0x2003      	CALL       _Delay_1us
;__Lib_Lcd.c,177 :: 		
0x01C6	0x1086      	BCF        LCD_EN, BitPos(LCD_EN+0)
;__Lib_Lcd.c,179 :: 		
0x01C7	0x200D      	CALL       _Delay_5500us
;__Lib_Lcd.c,181 :: 		
0x01C8	0x143A      	BSF        __Lib_Lcd_cmd_status, BitPos(__Lib_Lcd_cmd_status+0)
;__Lib_Lcd.c,182 :: 		
L_end_Lcd_Init:
0x01C9	0x0008      	RETURN
; end of _Lcd_Init
_main:
0x01CA	0x3043      	MOVLW      67
0x01CB	0x1283      	BCF        STATUS, 5
0x01CC	0x1303      	BCF        STATUS, 6
0x01CD	0x00A0      	MOVWF      ?lstr2_LCD
0x01CE	0x306F      	MOVLW      111
0x01CF	0x00A1      	MOVWF      33
0x01D0	0x3064      	MOVLW      100
0x01D1	0x00A2      	MOVWF      34
0x01D2	0x3065      	MOVLW      101
0x01D3	0x00A3      	MOVWF      35
0x01D4	0x3020      	MOVLW      32
0x01D5	0x00A4      	MOVWF      36
0x01D6	0x3062      	MOVLW      98
0x01D7	0x00A5      	MOVWF      37
0x01D8	0x3079      	MOVLW      121
0x01D9	0x00A6      	MOVWF      38
0x01DA	0x3020      	MOVLW      32
0x01DB	0x00A7      	MOVWF      39
0x01DC	0x3053      	MOVLW      83
0x01DD	0x00A8      	MOVWF      40
0x01DE	0x3061      	MOVLW      97
0x01DF	0x00A9      	MOVWF      41
0x01E0	0x306A      	MOVLW      106
0x01E1	0x00AA      	MOVWF      42
0x01E2	0x3065      	MOVLW      101
0x01E3	0x00AB      	MOVWF      43
0x01E4	0x3065      	MOVLW      101
0x01E5	0x00AC      	MOVWF      44
0x01E6	0x3062      	MOVLW      98
0x01E7	0x00AD      	MOVWF      45
0x01E8	0x01AE      	CLRF       46
0x01E9	0x3053      	MOVLW      83
0x01EA	0x00AF      	MOVWF      ?lstr1_LCD
0x01EB	0x3074      	MOVLW      116
0x01EC	0x00B0      	MOVWF      48
0x01ED	0x3065      	MOVLW      101
0x01EE	0x00B1      	MOVWF      49
0x01EF	0x3070      	MOVLW      112
0x01F0	0x00B2      	MOVWF      50
0x01F1	0x303A      	MOVLW      58
0x01F2	0x00B3      	MOVWF      51
0x01F3	0x3020      	MOVLW      32
0x01F4	0x00B4      	MOVWF      52
0x01F5	0x01B5      	CLRF       53
0x01F6	0x01B6      	CLRF       _stepping_angle
0x01F7	0x01B7      	CLRF       55
;LCD.c,29 :: 		void main() {
;LCD.c,30 :: 		TRISB = 0x00; // Set PORTB as output
0x01F8	0x1683      	BSF        STATUS, 5
0x01F9	0x0186      	CLRF       TRISB
;LCD.c,31 :: 		TRISD = 0x00; // Set PORTD as output for stepper motor control
0x01FA	0x0188      	CLRF       TRISD
;LCD.c,33 :: 		lcd_init();
0x01FB	0x217C      	CALL       _Lcd_Init
;LCD.c,34 :: 		lcd_cmd(_lcd_clear);
0x01FC	0x3001      	MOVLW      1
0x01FD	0x00DF      	MOVWF      FARG_Lcd_Cmd_out_char
0x01FE	0x2037      	CALL       _Lcd_Cmd
;LCD.c,35 :: 		lcd_cmd(_LCD_CURSOR_OFF);
0x01FF	0x300C      	MOVLW      12
0x0200	0x00DF      	MOVWF      FARG_Lcd_Cmd_out_char
0x0201	0x2037      	CALL       _Lcd_Cmd
;LCD.c,37 :: 		while(1) {
L_main0:
;LCD.c,38 :: 		lcd_out(1, 1,"Step: ");
0x0202	0x3001      	MOVLW      1
0x0203	0x00D1      	MOVWF      FARG_Lcd_Out_row
0x0204	0x3001      	MOVLW      1
0x0205	0x00D2      	MOVWF      FARG_Lcd_Out_column
0x0206	0x302F      	MOVLW      ?lstr1_LCD
0x0207	0x00D3      	MOVWF      FARG_Lcd_Out_text
0x0208	0x2130      	CALL       _Lcd_Out
;LCD.c,39 :: 		lcd_out(2, 2,"Code by Sajeeb");
0x0209	0x3002      	MOVLW      2
0x020A	0x00D1      	MOVWF      FARG_Lcd_Out_row
0x020B	0x3002      	MOVLW      2
0x020C	0x00D2      	MOVWF      FARG_Lcd_Out_column
0x020D	0x3020      	MOVLW      ?lstr2_LCD
0x020E	0x00D3      	MOVWF      FARG_Lcd_Out_text
0x020F	0x2130      	CALL       _Lcd_Out
;LCD.c,44 :: 		for(i = 0; i < 200; i++) {
0x0210	0x01CF      	CLRF       _i
0x0211	0x01D0      	CLRF       _i+1
L_main2:
0x0212	0x3080      	MOVLW      128
0x0213	0x0650      	XORWF      _i+1, 0
0x0214	0x00F0      	MOVWF      R0
0x0215	0x3080      	MOVLW      128
0x0216	0x0270      	SUBWF      R0, 0
0x0217	0x1D03      	BTFSS      STATUS, 2
0x0218	0x2A1B      	GOTO       L__main11
0x0219	0x30C8      	MOVLW      200
0x021A	0x024F      	SUBWF      _i, 0
L__main11:
0x021B	0x1803      	BTFSC      STATUS, 0
0x021C	0x2ACF      	GOTO       L_main3
;LCD.c,45 :: 		stepping_angle += 30;
0x021D	0x301E      	MOVLW      30
0x021E	0x0736      	ADDWF      _stepping_angle, 0
0x021F	0x00F0      	MOVWF      R0
0x0220	0x0837      	MOVF       _stepping_angle+1, 0
0x0221	0x1803      	BTFSC      STATUS, 0
0x0222	0x3E01      	ADDLW      1
0x0223	0x00F1      	MOVWF      R0+1
0x0224	0x0870      	MOVF       R0, 0
0x0225	0x00B6      	MOVWF      _stepping_angle
0x0226	0x0871      	MOVF       R0+1, 0
0x0227	0x00B7      	MOVWF      _stepping_angle+1
;LCD.c,46 :: 		IntToStr(stepping_angle, display);
0x0228	0x0870      	MOVF       R0, 0
0x0229	0x00D1      	MOVWF      FARG_IntToStr_input
0x022A	0x0871      	MOVF       R0+1, 0
0x022B	0x00D2      	MOVWF      FARG_IntToStr_input+1
0x022C	0x303B      	MOVLW      _display
0x022D	0x00D3      	MOVWF      FARG_IntToStr_output
0x022E	0x20C6      	CALL       _IntToStr
;LCD.c,47 :: 		lcd_out(1, 5, display);
0x022F	0x3001      	MOVLW      1
0x0230	0x00D1      	MOVWF      FARG_Lcd_Out_row
0x0231	0x3005      	MOVLW      5
0x0232	0x00D2      	MOVWF      FARG_Lcd_Out_column
0x0233	0x303B      	MOVLW      _display
0x0234	0x00D3      	MOVWF      FARG_Lcd_Out_text
0x0235	0x2130      	CALL       _Lcd_Out
;LCD.c,48 :: 		portd = 0b00001100;
0x0236	0x300C      	MOVLW      12
0x0237	0x0088      	MOVWF      PORTD
;LCD.c,49 :: 		delay_ms(500);
0x0238	0x3006      	MOVLW      6
0x0239	0x00FB      	MOVWF      R11
0x023A	0x3013      	MOVLW      19
0x023B	0x00FC      	MOVWF      R12
0x023C	0x30AD      	MOVLW      173
0x023D	0x00FD      	MOVWF      R13
L_main5:
0x023E	0x0BFD      	DECFSZ     R13, 1
0x023F	0x2A3E      	GOTO       L_main5
0x0240	0x0BFC      	DECFSZ     R12, 1
0x0241	0x2A3E      	GOTO       L_main5
0x0242	0x0BFB      	DECFSZ     R11, 1
0x0243	0x2A3E      	GOTO       L_main5
0x0244	0x0000      	NOP
0x0245	0x0000      	NOP
;LCD.c,51 :: 		stepping_angle += 30;
0x0246	0x301E      	MOVLW      30
0x0247	0x0736      	ADDWF      _stepping_angle, 0
0x0248	0x00F0      	MOVWF      R0
0x0249	0x0837      	MOVF       _stepping_angle+1, 0
0x024A	0x1803      	BTFSC      STATUS, 0
0x024B	0x3E01      	ADDLW      1
0x024C	0x00F1      	MOVWF      R0+1
0x024D	0x0870      	MOVF       R0, 0
0x024E	0x00B6      	MOVWF      _stepping_angle
0x024F	0x0871      	MOVF       R0+1, 0
0x0250	0x00B7      	MOVWF      _stepping_angle+1
;LCD.c,52 :: 		IntToStr(stepping_angle, display);
0x0251	0x0870      	MOVF       R0, 0
0x0252	0x00D1      	MOVWF      FARG_IntToStr_input
0x0253	0x0871      	MOVF       R0+1, 0
0x0254	0x00D2      	MOVWF      FARG_IntToStr_input+1
0x0255	0x303B      	MOVLW      _display
0x0256	0x00D3      	MOVWF      FARG_IntToStr_output
0x0257	0x20C6      	CALL       _IntToStr
;LCD.c,53 :: 		lcd_out(1, 5, display);
0x0258	0x3001      	MOVLW      1
0x0259	0x00D1      	MOVWF      FARG_Lcd_Out_row
0x025A	0x3005      	MOVLW      5
0x025B	0x00D2      	MOVWF      FARG_Lcd_Out_column
0x025C	0x303B      	MOVLW      _display
0x025D	0x00D3      	MOVWF      FARG_Lcd_Out_text
0x025E	0x2130      	CALL       _Lcd_Out
;LCD.c,54 :: 		portd = 0b00000110;
0x025F	0x3006      	MOVLW      6
0x0260	0x0088      	MOVWF      PORTD
;LCD.c,55 :: 		delay_ms(500);
0x0261	0x3006      	MOVLW      6
0x0262	0x00FB      	MOVWF      R11
0x0263	0x3013      	MOVLW      19
0x0264	0x00FC      	MOVWF      R12
0x0265	0x30AD      	MOVLW      173
0x0266	0x00FD      	MOVWF      R13
L_main6:
0x0267	0x0BFD      	DECFSZ     R13, 1
0x0268	0x2A67      	GOTO       L_main6
0x0269	0x0BFC      	DECFSZ     R12, 1
0x026A	0x2A67      	GOTO       L_main6
0x026B	0x0BFB      	DECFSZ     R11, 1
0x026C	0x2A67      	GOTO       L_main6
0x026D	0x0000      	NOP
0x026E	0x0000      	NOP
;LCD.c,57 :: 		stepping_angle += 30;
0x026F	0x301E      	MOVLW      30
0x0270	0x0736      	ADDWF      _stepping_angle, 0
0x0271	0x00F0      	MOVWF      R0
0x0272	0x0837      	MOVF       _stepping_angle+1, 0
0x0273	0x1803      	BTFSC      STATUS, 0
0x0274	0x3E01      	ADDLW      1
0x0275	0x00F1      	MOVWF      R0+1
0x0276	0x0870      	MOVF       R0, 0
0x0277	0x00B6      	MOVWF      _stepping_angle
0x0278	0x0871      	MOVF       R0+1, 0
0x0279	0x00B7      	MOVWF      _stepping_angle+1
;LCD.c,58 :: 		IntToStr(stepping_angle, display);
0x027A	0x0870      	MOVF       R0, 0
0x027B	0x00D1      	MOVWF      FARG_IntToStr_input
0x027C	0x0871      	MOVF       R0+1, 0
0x027D	0x00D2      	MOVWF      FARG_IntToStr_input+1
0x027E	0x303B      	MOVLW      _display
0x027F	0x00D3      	MOVWF      FARG_IntToStr_output
0x0280	0x20C6      	CALL       _IntToStr
;LCD.c,59 :: 		lcd_out(1, 5, display);
0x0281	0x3001      	MOVLW      1
0x0282	0x00D1      	MOVWF      FARG_Lcd_Out_row
0x0283	0x3005      	MOVLW      5
0x0284	0x00D2      	MOVWF      FARG_Lcd_Out_column
0x0285	0x303B      	MOVLW      _display
0x0286	0x00D3      	MOVWF      FARG_Lcd_Out_text
0x0287	0x2130      	CALL       _Lcd_Out
;LCD.c,60 :: 		portd = 0b00000011;
0x0288	0x3003      	MOVLW      3
0x0289	0x0088      	MOVWF      PORTD
;LCD.c,61 :: 		delay_ms(500);
0x028A	0x3006      	MOVLW      6
0x028B	0x00FB      	MOVWF      R11
0x028C	0x3013      	MOVLW      19
0x028D	0x00FC      	MOVWF      R12
0x028E	0x30AD      	MOVLW      173
0x028F	0x00FD      	MOVWF      R13
L_main7:
0x0290	0x0BFD      	DECFSZ     R13, 1
0x0291	0x2A90      	GOTO       L_main7
0x0292	0x0BFC      	DECFSZ     R12, 1
0x0293	0x2A90      	GOTO       L_main7
0x0294	0x0BFB      	DECFSZ     R11, 1
0x0295	0x2A90      	GOTO       L_main7
0x0296	0x0000      	NOP
0x0297	0x0000      	NOP
;LCD.c,63 :: 		stepping_angle += 30;
0x0298	0x301E      	MOVLW      30
0x0299	0x0736      	ADDWF      _stepping_angle, 0
0x029A	0x00F0      	MOVWF      R0
0x029B	0x0837      	MOVF       _stepping_angle+1, 0
0x029C	0x1803      	BTFSC      STATUS, 0
0x029D	0x3E01      	ADDLW      1
0x029E	0x00F1      	MOVWF      R0+1
0x029F	0x0870      	MOVF       R0, 0
0x02A0	0x00B6      	MOVWF      _stepping_angle
0x02A1	0x0871      	MOVF       R0+1, 0
0x02A2	0x00B7      	MOVWF      _stepping_angle+1
;LCD.c,64 :: 		IntToStr(stepping_angle, display);
0x02A3	0x0870      	MOVF       R0, 0
0x02A4	0x00D1      	MOVWF      FARG_IntToStr_input
0x02A5	0x0871      	MOVF       R0+1, 0
0x02A6	0x00D2      	MOVWF      FARG_IntToStr_input+1
0x02A7	0x303B      	MOVLW      _display
0x02A8	0x00D3      	MOVWF      FARG_IntToStr_output
0x02A9	0x20C6      	CALL       _IntToStr
;LCD.c,65 :: 		lcd_out(1, 5, display);
0x02AA	0x3001      	MOVLW      1
0x02AB	0x00D1      	MOVWF      FARG_Lcd_Out_row
0x02AC	0x3005      	MOVLW      5
0x02AD	0x00D2      	MOVWF      FARG_Lcd_Out_column
0x02AE	0x303B      	MOVLW      _display
0x02AF	0x00D3      	MOVWF      FARG_Lcd_Out_text
0x02B0	0x2130      	CALL       _Lcd_Out
;LCD.c,66 :: 		portd = 0b00001001;
0x02B1	0x3009      	MOVLW      9
0x02B2	0x0088      	MOVWF      PORTD
;LCD.c,67 :: 		delay_ms(500);
0x02B3	0x3006      	MOVLW      6
0x02B4	0x00FB      	MOVWF      R11
0x02B5	0x3013      	MOVLW      19
0x02B6	0x00FC      	MOVWF      R12
0x02B7	0x30AD      	MOVLW      173
0x02B8	0x00FD      	MOVWF      R13
L_main8:
0x02B9	0x0BFD      	DECFSZ     R13, 1
0x02BA	0x2AB9      	GOTO       L_main8
0x02BB	0x0BFC      	DECFSZ     R12, 1
0x02BC	0x2AB9      	GOTO       L_main8
0x02BD	0x0BFB      	DECFSZ     R11, 1
0x02BE	0x2AB9      	GOTO       L_main8
0x02BF	0x0000      	NOP
0x02C0	0x0000      	NOP
;LCD.c,68 :: 		if(stepping_angle == 360) stepping_angle = 0;
0x02C1	0x0837      	MOVF       _stepping_angle+1, 0
0x02C2	0x3A01      	XORLW      1
0x02C3	0x1D03      	BTFSS      STATUS, 2
0x02C4	0x2AC7      	GOTO       L__main12
0x02C5	0x3068      	MOVLW      104
0x02C6	0x0636      	XORWF      _stepping_angle, 0
L__main12:
0x02C7	0x1D03      	BTFSS      STATUS, 2
0x02C8	0x2ACB      	GOTO       L_main9
0x02C9	0x01B6      	CLRF       _stepping_angle
0x02CA	0x01B7      	CLRF       _stepping_angle+1
L_main9:
;LCD.c,44 :: 		for(i = 0; i < 200; i++) {
0x02CB	0x0ACF      	INCF       _i, 1
0x02CC	0x1903      	BTFSC      STATUS, 2
0x02CD	0x0AD0      	INCF       _i+1, 1
;LCD.c,69 :: 		}
0x02CE	0x2A12      	GOTO       L_main2
L_main3:
;LCD.c,73 :: 		}
0x02CF	0x2A02      	GOTO       L_main0
;LCD.c,74 :: 		}
L_end_main:
0x02D0	0x2AD0      	GOTO       $+0
; end of _main
Symbol List:
//** Routines locations **
//ADDRESS    SIZE    PROCEDURE
//----------------------------------------------
0x0003       [3]    _Delay_1us
0x0006       [7]    _Delay_50us
0x000D      [13]    _Delay_5500us
0x001A      [29]    _Div_16X16_U
0x0037      [64]    _Lcd_Cmd
0x0077       [8]    _Lcd_Chr_CP
0x007F       [7]    _____DoICP
0x0086      [64]    _WordToStr
0x00C6     [106]    _IntToStr
0x0130      [64]    _Lcd_Out
0x0170      [12]    ___CC2DW
0x017C      [78]    _Lcd_Init
0x01CA     [263]    _main
//** Variables locations ** 
//ADDRESS    SIZE    VARIABLE
//----------------------------------------------
0x0000       [1]    INDF
0x0002       [1]    PCL
0x0003       [1]    STATUS
0x0004       [1]    FSR
0x0006       [0]    RB1_bit
0x0006       [0]    LCD_EN
0x0006       [0]    RB3_bit
0x0006       [0]    RB2_bit
0x0006       [0]    LCD_D4
0x0006       [0]    RB0_bit
0x0006       [0]    LCD_D7
0x0006       [0]    LCD_D5
0x0006       [0]    LCD_D6
0x0006       [0]    RB4_bit
0x0006       [0]    LCD_RS
0x0006       [0]    RB5_bit
0x0008       [1]    PORTD
0x000A       [1]    PCLATH
0x0020      [15]    ?lstr2_LCD
0x002F       [7]    ?lstr1_LCD
0x0036       [2]    _stepping_angle
0x0038       [2]    ___DoICPAddr
0x003A       [0]    __Lib_Lcd_cmd_status
0x003B      [20]    _display
0x004F       [2]    _i
0x0051       [1]    FARG_Lcd_Out_row
0x0051       [2]    FARG_IntToStr_input
0x0052       [1]    FARG_Lcd_Out_column
0x0053       [1]    FARG_IntToStr_output
0x0053       [1]    FARG_Lcd_Out_text
0x0054       [2]    IntToStr_i_L0
0x0054       [1]    Lcd_Out_i_L0
0x0056       [2]    IntToStr_negative_L0
0x0058       [2]    IntToStr_inword_L0
0x005A       [1]    FARG_Lcd_Chr_CP_out_char
0x005A       [2]    FARG_WordToStr_input
0x005C       [1]    FARG_WordToStr_output
0x005D       [1]    WordToStr_len_L0
0x005E       [1]    FLOC__WordToStr
0x005F       [1]    FARG_Lcd_Cmd_out_char
0x0070       [1]    R0
0x0071       [1]    R1
0x0072       [1]    R2
0x0073       [1]    R3
0x0074       [1]    R4
0x0075       [1]    R5
0x0076       [1]    R6
0x0077       [1]    R7
0x0078       [1]    R8
0x0079       [1]    R9
0x007A       [1]    R10
0x007B       [1]    R11
0x007C       [1]    R12
0x007D       [1]    R13
0x007E       [1]    R14
0x007F       [1]    R15
0x0086       [0]    TRISB2_bit
0x0086       [0]    TRISB3_bit
0x0086       [0]    TRISB0_bit
0x0086       [0]    TRISB1_bit
0x0086       [0]    TRISB4_bit
0x0086       [0]    TRISB5_bit
0x0086       [0]    LCD_D4_Direction
0x0086       [0]    LCD_EN_Direction
0x0086       [0]    LCD_RS_Direction
0x0086       [0]    LCD_D5_Direction
0x0086       [1]    TRISB
0x0086       [0]    LCD_D7_Direction
0x0086       [0]    LCD_D6_Direction
0x0088       [1]    TRISD
