;  LST file generated by mikroListExporter - v.2.0 
; Date/Time: 11/6/2023 7:58:50 PM
;----------------------------------------------

;Address Opcode 	ASM
0x0000	0x2803      	GOTO       3
_main:
;Bidirectional_motor.c,1 :: 		void main() {
;Bidirectional_motor.c,2 :: 		TRISB = 0x00;
0x0003	0x1683      	BSF        STATUS, 5
0x0004	0x1303      	BCF        STATUS, 6
0x0005	0x0186      	CLRF       TRISB
;Bidirectional_motor.c,3 :: 		portb = 0x00;
0x0006	0x1283      	BCF        STATUS, 5
0x0007	0x0186      	CLRF       PORTB
;Bidirectional_motor.c,4 :: 		while(1)
L_main0:
;Bidirectional_motor.c,6 :: 		if(portc.f0 == 0xff){
0x0008	0x1C07      	BTFSS      PORTC, 0
0x0009	0x2819      	GOTO       L_main2
;Bidirectional_motor.c,7 :: 		delay_ms(80);
0x000A	0x30D0      	MOVLW      208
0x000B	0x00FC      	MOVWF      R12
0x000C	0x30C9      	MOVLW      201
0x000D	0x00FD      	MOVWF      R13
L_main3:
0x000E	0x0BFD      	DECFSZ     R13, 1
0x000F	0x280E      	GOTO       L_main3
0x0010	0x0BFC      	DECFSZ     R12, 1
0x0011	0x280E      	GOTO       L_main3
0x0012	0x0000      	NOP
0x0013	0x0000      	NOP
;Bidirectional_motor.c,8 :: 		if(portc.f0 == 0xff){
0x0014	0x1C07      	BTFSS      PORTC, 0
0x0015	0x2819      	GOTO       L_main4
;Bidirectional_motor.c,9 :: 		portb.f2 = 0xff; // enable
0x0016	0x1506      	BSF        PORTB, 2
;Bidirectional_motor.c,10 :: 		portb.f0 = 0xff;
0x0017	0x1406      	BSF        PORTB, 0
;Bidirectional_motor.c,11 :: 		portb.f1 = 0x00;
0x0018	0x1086      	BCF        PORTB, 1
;Bidirectional_motor.c,12 :: 		}
L_main4:
;Bidirectional_motor.c,13 :: 		}
L_main2:
;Bidirectional_motor.c,14 :: 		if(portc.f1 == 0xff){
0x0019	0x1C87      	BTFSS      PORTC, 1
0x001A	0x2828      	GOTO       L_main5
;Bidirectional_motor.c,15 :: 		delay_ms(80);
0x001B	0x30D0      	MOVLW      208
0x001C	0x00FC      	MOVWF      R12
0x001D	0x30C9      	MOVLW      201
0x001E	0x00FD      	MOVWF      R13
L_main6:
0x001F	0x0BFD      	DECFSZ     R13, 1
0x0020	0x281F      	GOTO       L_main6
0x0021	0x0BFC      	DECFSZ     R12, 1
0x0022	0x281F      	GOTO       L_main6
0x0023	0x0000      	NOP
0x0024	0x0000      	NOP
;Bidirectional_motor.c,16 :: 		if(portc.f1 == 0xff){
0x0025	0x1C87      	BTFSS      PORTC, 1
0x0026	0x2828      	GOTO       L_main7
;Bidirectional_motor.c,17 :: 		portb.f2 = 0x00;   // disable
0x0027	0x1106      	BCF        PORTB, 2
;Bidirectional_motor.c,18 :: 		}
L_main7:
;Bidirectional_motor.c,19 :: 		}
L_main5:
;Bidirectional_motor.c,20 :: 		if(portc.f2 == 0xff){
0x0028	0x1D07      	BTFSS      PORTC, 2
0x0029	0x2839      	GOTO       L_main8
;Bidirectional_motor.c,21 :: 		delay_ms(80);
0x002A	0x30D0      	MOVLW      208
0x002B	0x00FC      	MOVWF      R12
0x002C	0x30C9      	MOVLW      201
0x002D	0x00FD      	MOVWF      R13
L_main9:
0x002E	0x0BFD      	DECFSZ     R13, 1
0x002F	0x282E      	GOTO       L_main9
0x0030	0x0BFC      	DECFSZ     R12, 1
0x0031	0x282E      	GOTO       L_main9
0x0032	0x0000      	NOP
0x0033	0x0000      	NOP
;Bidirectional_motor.c,22 :: 		if(portc.f2 == 0xff){
0x0034	0x1D07      	BTFSS      PORTC, 2
0x0035	0x2839      	GOTO       L_main10
;Bidirectional_motor.c,23 :: 		portb.f2 = 0xff; // enable
0x0036	0x1506      	BSF        PORTB, 2
;Bidirectional_motor.c,24 :: 		portb.f0 = 0x00;
0x0037	0x1006      	BCF        PORTB, 0
;Bidirectional_motor.c,25 :: 		portb.f1 = 0xff;
0x0038	0x1486      	BSF        PORTB, 1
;Bidirectional_motor.c,26 :: 		}
L_main10:
;Bidirectional_motor.c,27 :: 		}
L_main8:
;Bidirectional_motor.c,28 :: 		}
0x0039	0x2808      	GOTO       L_main0
;Bidirectional_motor.c,30 :: 		}
L_end_main:
0x003A	0x283A      	GOTO       $+0
; end of _main
Symbol List:
//** Routines locations **
//ADDRESS    SIZE    PROCEDURE
//----------------------------------------------
0x0003      [56]    _main
//** Variables locations ** 
//ADDRESS    SIZE    VARIABLE
//----------------------------------------------
0x0000       [1]    INDF
0x0003       [1]    STATUS
0x0004       [1]    FSR
0x0006       [1]    PORTB
0x0007       [1]    PORTC
0x000A       [1]    PCLATH
0x0020       [2]    ___DoICPAddr
0x0070       [1]    R0
0x0071       [1]    R1
0x0072       [1]    R2
0x0073       [1]    R3
0x0074       [1]    R4
0x0075       [1]    R5
0x0076       [1]    R6
0x0077       [1]    R7
0x0078       [1]    R8
0x0079       [1]    R9
0x007A       [1]    R10
0x007B       [1]    R11
0x007C       [1]    R12
0x007D       [1]    R13
0x007E       [1]    R14
0x007F       [1]    R15
0x0086       [1]    TRISB
