;  LST file generated by mikroListExporter - v.2.0 
; Date/Time: 11/6/2023 2:42:34 PM
;----------------------------------------------

;Address Opcode 	ASM
0x0000	0x288C      	GOTO       140
_Div_8X8_U:
;__Lib_Math.c,189 :: 		
;__Lib_Math.c,196 :: 		
0x0003	0x1283      	BCF        STATUS, 5
;__Lib_Math.c,197 :: 		
0x0004	0x1303      	BCF        STATUS, 6
;__Lib_Math.c,198 :: 		
0x0005	0x01F8      	CLRF       R8
;__Lib_Math.c,199 :: 		
0x0006	0x3008      	MOVLW      8
;__Lib_Math.c,200 :: 		
0x0007	0x00FC      	MOVWF      R12
;__Lib_Math.c,201 :: 		
0x0008	0x0D70      	RLF        R0, 0
;__Lib_Math.c,202 :: 		
0x0009	0x0DF8      	RLF        R8, 1
;__Lib_Math.c,203 :: 		
0x000A	0x0874      	MOVF       R4, 0
;__Lib_Math.c,204 :: 		
0x000B	0x02F8      	SUBWF      R8, 1
;__Lib_Math.c,205 :: 		
0x000C	0x1803      	BTFSC      STATUS, 0
;__Lib_Math.c,206 :: 		
0x000D	0x2810      	GOTO       $+3
;__Lib_Math.c,207 :: 		
0x000E	0x07F8      	ADDWF      R8, 1
;__Lib_Math.c,208 :: 		
0x000F	0x1003      	BCF        STATUS, 0
;__Lib_Math.c,209 :: 		
0x0010	0x0DF0      	RLF        R0, 1
;__Lib_Math.c,210 :: 		
0x0011	0x0BFC      	DECFSZ     R12, 1
;__Lib_Math.c,211 :: 		
0x0012	0x2808      	GOTO       $-10
;__Lib_Math.c,213 :: 		
L_end_Div_8X8_U:
0x0013	0x0008      	RETURN
; end of _Div_8X8_U
_____DoICP:
;__Lib_System.c,6 :: 		
;__Lib_System.c,9 :: 		
0x0014	0x1283      	BCF        STATUS, 5
0x0015	0x1303      	BCF        STATUS, 6
0x0016	0x082B      	MOVF       ___DoICPAddr+1, 0
0x0017	0x008A      	MOVWF      PCLATH
;__Lib_System.c,10 :: 		
0x0018	0x082A      	MOVF       ___DoICPAddr, 0
0x0019	0x0082      	MOVWF      PCL
;__Lib_System.c,12 :: 		
L_end_____DoICP:
0x001A	0x0008      	RETURN
; end of _____DoICP
_EEPROM_Read:
;__Lib_EEPROM.c,4 :: 		
;__Lib_EEPROM.c,5 :: 		
0x001B	0x1283      	BCF        STATUS, 5
0x001C	0x1303      	BCF        STATUS, 6
0x001D	0x0831      	MOVF       FARG_EEPROM_Read_Address, 0
0x001E	0x1703      	BSF        STATUS, 6
0x001F	0x008D      	MOVWF      EEADR
;__Lib_EEPROM.c,6 :: 		
0x0020	0x1683      	BSF        STATUS, 5
0x0021	0x138C      	BCF        EECON1, 7
;__Lib_EEPROM.c,12 :: 		
0x0022	0x140C      	BSF        EECON1, 0
;__Lib_EEPROM.c,13 :: 		
0x0023	0x1283      	BCF        STATUS, 5
0x0024	0x080C      	MOVF       EEDATA, 0
0x0025	0x00F0      	MOVWF      R0
;__Lib_EEPROM.c,14 :: 		
L_end_EEPROM_Read:
0x0026	0x0008      	RETURN
; end of _EEPROM_Read
___CC2DW:
;__Lib_System.c,134 :: 		
;__Lib_System.c,137 :: 		
_CC2D_Loop1:
;__Lib_System.c,139 :: 		
0x0027	0x2014      	CALL       _____DoICP
0x0028	0x118A      	BCF        PCLATH, 3
0x0029	0x120A      	BCF        PCLATH, 4
;__Lib_System.c,141 :: 		
0x002A	0x0080      	MOVWF      INDF
;__Lib_System.c,142 :: 		
0x002B	0x0A84      	INCF       FSR, 1
;__Lib_System.c,143 :: 		
0x002C	0x0AAA      	INCF       ___DoICPAddr, 1
;__Lib_System.c,145 :: 		
0x002D	0x1903      	BTFSC      STATUS, 2
;__Lib_System.c,146 :: 		
0x002E	0x0AAB      	INCF       ___DoICPAddr+1, 1
;__Lib_System.c,147 :: 		
0x002F	0x03F0      	DECF       R0, 1
;__Lib_System.c,149 :: 		
0x0030	0x1D03      	BTFSS      STATUS, 2
;__Lib_System.c,150 :: 		
0x0031	0x2827      	GOTO       _CC2D_Loop1
;__Lib_System.c,152 :: 		
L_end___CC2DW:
0x0032	0x0008      	RETURN
; end of ___CC2DW
_display:
;Practice.c,3 :: 		void display(unsigned short time){
;Practice.c,5 :: 		digit2 = time%10;
0x0033	0x300A      	MOVLW      10
0x0034	0x1283      	BCF        STATUS, 5
0x0035	0x1303      	BCF        STATUS, 6
0x0036	0x00F4      	MOVWF      R4
0x0037	0x0831      	MOVF       FARG_display_time, 0
0x0038	0x00F0      	MOVWF      R0
0x0039	0x2003      	CALL       _Div_8X8_U
0x003A	0x0878      	MOVF       R8, 0
0x003B	0x00F0      	MOVWF      R0
0x003C	0x0870      	MOVF       R0, 0
0x003D	0x00AC      	MOVWF      _digit2
;Practice.c,6 :: 		digit1 = (time/10)%10;
0x003E	0x300A      	MOVLW      10
0x003F	0x00F4      	MOVWF      R4
0x0040	0x0831      	MOVF       FARG_display_time, 0
0x0041	0x00F0      	MOVWF      R0
0x0042	0x2003      	CALL       _Div_8X8_U
0x0043	0x300A      	MOVLW      10
0x0044	0x00F4      	MOVWF      R4
0x0045	0x2003      	CALL       _Div_8X8_U
0x0046	0x0878      	MOVF       R8, 0
0x0047	0x00F0      	MOVWF      R0
0x0048	0x0870      	MOVF       R0, 0
0x0049	0x00AD      	MOVWF      _digit1
;Practice.c,7 :: 		portc.f0 = 0xff;
0x004A	0x1407      	BSF        PORTC, 0
;Practice.c,8 :: 		portb = arraCA[digit1];
0x004B	0x0870      	MOVF       R0, 0
0x004C	0x3E20      	ADDLW      _arraCA
0x004D	0x0084      	MOVWF      FSR
0x004E	0x0800      	MOVF       INDF, 0
0x004F	0x0086      	MOVWF      PORTB
;Practice.c,9 :: 		delay_ms(10);
0x0050	0x301A      	MOVLW      26
0x0051	0x00FC      	MOVWF      R12
0x0052	0x30F8      	MOVLW      248
0x0053	0x00FD      	MOVWF      R13
L_display0:
0x0054	0x0BFD      	DECFSZ     R13, 1
0x0055	0x2854      	GOTO       L_display0
0x0056	0x0BFC      	DECFSZ     R12, 1
0x0057	0x2854      	GOTO       L_display0
0x0058	0x0000      	NOP
;Practice.c,10 :: 		portc.f0 = 0x00;
0x0059	0x1007      	BCF        PORTC, 0
;Practice.c,11 :: 		portc.f1 = 0xff;
0x005A	0x1487      	BSF        PORTC, 1
;Practice.c,12 :: 		portb = arraCA[digit2];
0x005B	0x082C      	MOVF       _digit2, 0
0x005C	0x3E20      	ADDLW      _arraCA
0x005D	0x0084      	MOVWF      FSR
0x005E	0x0800      	MOVF       INDF, 0
0x005F	0x0086      	MOVWF      PORTB
;Practice.c,13 :: 		delay_ms(10);
0x0060	0x301A      	MOVLW      26
0x0061	0x00FC      	MOVWF      R12
0x0062	0x30F8      	MOVLW      248
0x0063	0x00FD      	MOVWF      R13
L_display1:
0x0064	0x0BFD      	DECFSZ     R13, 1
0x0065	0x2864      	GOTO       L_display1
0x0066	0x0BFC      	DECFSZ     R12, 1
0x0067	0x2864      	GOTO       L_display1
0x0068	0x0000      	NOP
;Practice.c,14 :: 		portc.f1 = 0x00;
0x0069	0x1087      	BCF        PORTC, 1
;Practice.c,15 :: 		}
L_end_display:
0x006A	0x0008      	RETURN
; end of _display
_EEPROM_Write:
;__Lib_EEPROM.c,16 :: 		
;__Lib_EEPROM.c,20 :: 		
L_EEPROM_Write0:
0x006B	0x1683      	BSF        STATUS, 5
0x006C	0x1703      	BSF        STATUS, 6
0x006D	0x1C8C      	BTFSS      EECON1, 1
0x006E	0x2871      	GOTO       L_EEPROM_Write1
0x006F	0x0000      	NOP
0x0070	0x286B      	GOTO       L_EEPROM_Write0
L_EEPROM_Write1:
;__Lib_EEPROM.c,21 :: 		
0x0071	0x1283      	BCF        STATUS, 5
0x0072	0x1303      	BCF        STATUS, 6
0x0073	0x0831      	MOVF       FARG_EEPROM_Write_Address, 0
0x0074	0x1703      	BSF        STATUS, 6
0x0075	0x008D      	MOVWF      EEADR
;__Lib_EEPROM.c,22 :: 		
0x0076	0x1303      	BCF        STATUS, 6
0x0077	0x0832      	MOVF       FARG_EEPROM_Write_data_, 0
0x0078	0x1703      	BSF        STATUS, 6
0x0079	0x008C      	MOVWF      EEDATA
;__Lib_EEPROM.c,23 :: 		
0x007A	0x1683      	BSF        STATUS, 5
0x007B	0x138C      	BCF        EECON1, 7
;__Lib_EEPROM.c,24 :: 		
0x007C	0x150C      	BSF        EECON1, 2
;__Lib_EEPROM.c,26 :: 		
0x007D	0x080B      	MOVF       INTCON, 0
0x007E	0x00F0      	MOVWF      R0
;__Lib_EEPROM.c,29 :: 		
0x007F	0x138B      	BCF        INTCON, 7
;__Lib_EEPROM.c,30 :: 		
0x0080	0x3055      	MOVLW      85
0x0081	0x008D      	MOVWF      EECON2
;__Lib_EEPROM.c,31 :: 		
0x0082	0x30AA      	MOVLW      170
0x0083	0x008D      	MOVWF      EECON2
;__Lib_EEPROM.c,32 :: 		
0x0084	0x148C      	BSF        EECON1, 1
;__Lib_EEPROM.c,36 :: 		
0x0085	0x1BF0      	BTFSC      R0, 7
0x0086	0x2889      	GOTO       L__EEPROM_Write4
0x0087	0x138B      	BCF        INTCON, 7
0x0088	0x288A      	GOTO       L__EEPROM_Write5
L__EEPROM_Write4:
0x0089	0x178B      	BSF        INTCON, 7
L__EEPROM_Write5:
;__Lib_EEPROM.c,37 :: 		
0x008A	0x110C      	BCF        EECON1, 2
;__Lib_EEPROM.c,38 :: 		
L_end_EEPROM_Write:
0x008B	0x0008      	RETURN
; end of _EEPROM_Write
_main:
0x008C	0x30C0      	MOVLW      192
0x008D	0x1283      	BCF        STATUS, 5
0x008E	0x1303      	BCF        STATUS, 6
0x008F	0x00A0      	MOVWF      _arraCA
0x0090	0x30F9      	MOVLW      249
0x0091	0x00A1      	MOVWF      33
0x0092	0x30A4      	MOVLW      164
0x0093	0x00A2      	MOVWF      34
0x0094	0x30B0      	MOVLW      176
0x0095	0x00A3      	MOVWF      35
0x0096	0x3099      	MOVLW      153
0x0097	0x00A4      	MOVWF      36
0x0098	0x3092      	MOVLW      146
0x0099	0x00A5      	MOVWF      37
0x009A	0x3082      	MOVLW      130
0x009B	0x00A6      	MOVWF      38
0x009C	0x30F8      	MOVLW      248
0x009D	0x00A7      	MOVWF      39
0x009E	0x3080      	MOVLW      128
0x009F	0x00A8      	MOVWF      40
0x00A0	0x3090      	MOVLW      144
0x00A1	0x00A9      	MOVWF      41
;Practice.c,16 :: 		void main() {
;Practice.c,17 :: 		TRISB = 0x00;
0x00A2	0x1683      	BSF        STATUS, 5
0x00A3	0x0186      	CLRF       TRISB
;Practice.c,18 :: 		TRISC = 0x00;
0x00A4	0x0187      	CLRF       TRISC
;Practice.c,19 :: 		TRISD = 0xff;
0x00A5	0x30FF      	MOVLW      255
0x00A6	0x0088      	MOVWF      TRISD
;Practice.c,20 :: 		portb = portc = 0x00;
0x00A7	0x1283      	BCF        STATUS, 5
0x00A8	0x0187      	CLRF       PORTC
0x00A9	0x0807      	MOVF       PORTC, 0
0x00AA	0x0086      	MOVWF      PORTB
;Practice.c,22 :: 		if(EEPROM_Read(0x02) == 0xff){             // Read data from address 2 and display it on PORTB
0x00AB	0x3002      	MOVLW      2
0x00AC	0x00B1      	MOVWF      FARG_EEPROM_Read_Address
0x00AD	0x201B      	CALL       _EEPROM_Read
0x00AE	0x0870      	MOVF       R0, 0
0x00AF	0x3AFF      	XORLW      255
0x00B0	0x1D03      	BTFSS      STATUS, 2
0x00B1	0x28B5      	GOTO       L_main2
;Practice.c,23 :: 		time = 0;
0x00B2	0x1303      	BCF        STATUS, 6
0x00B3	0x01B0      	CLRF       _time
;Practice.c,24 :: 		} else time = EEPROM_Read(0x02);
0x00B4	0x28BC      	GOTO       L_main3
L_main2:
0x00B5	0x1303      	BCF        STATUS, 6
0x00B6	0x3002      	MOVLW      2
0x00B7	0x00B1      	MOVWF      FARG_EEPROM_Read_Address
0x00B8	0x201B      	CALL       _EEPROM_Read
0x00B9	0x0870      	MOVF       R0, 0
0x00BA	0x1303      	BCF        STATUS, 6
0x00BB	0x00B0      	MOVWF      _time
L_main3:
;Practice.c,26 :: 		while(1){
L_main4:
;Practice.c,27 :: 		if(set == 0){
0x00BC	0x082E      	MOVF       _set, 0
0x00BD	0x3A00      	XORLW      0
0x00BE	0x1D03      	BTFSS      STATUS, 2
0x00BF	0x290D      	GOTO       L_main6
;Practice.c,28 :: 		if(portd.f0 == 0xff){
0x00C0	0x1C08      	BTFSS      PORTD, 0
0x00C1	0x28D9      	GOTO       L_main7
;Practice.c,29 :: 		delay_ms(80);
0x00C2	0x30D0      	MOVLW      208
0x00C3	0x00FC      	MOVWF      R12
0x00C4	0x30C9      	MOVLW      201
0x00C5	0x00FD      	MOVWF      R13
L_main8:
0x00C6	0x0BFD      	DECFSZ     R13, 1
0x00C7	0x28C6      	GOTO       L_main8
0x00C8	0x0BFC      	DECFSZ     R12, 1
0x00C9	0x28C6      	GOTO       L_main8
0x00CA	0x0000      	NOP
0x00CB	0x0000      	NOP
;Practice.c,30 :: 		if(portd.f0 = 0xff){
0x00CC	0x1408      	BSF        PORTD, 0
0x00CD	0x1C08      	BTFSS      PORTD, 0
0x00CE	0x28D9      	GOTO       L_main9
;Practice.c,31 :: 		if(time > 0){
0x00CF	0x0830      	MOVF       _time, 0
0x00D0	0x3C00      	SUBLW      0
0x00D1	0x1803      	BTFSC      STATUS, 0
0x00D2	0x28D9      	GOTO       L_main10
;Practice.c,32 :: 		time--;
0x00D3	0x03B0      	DECF       _time, 1
;Practice.c,33 :: 		EEPROM_Write(0x02,time);  // Write time at address 2
0x00D4	0x3002      	MOVLW      2
0x00D5	0x00B1      	MOVWF      FARG_EEPROM_Write_Address
0x00D6	0x0830      	MOVF       _time, 0
0x00D7	0x00B2      	MOVWF      FARG_EEPROM_Write_data_
0x00D8	0x206B      	CALL       _EEPROM_Write
;Practice.c,34 :: 		}
L_main10:
;Practice.c,35 :: 		}
L_main9:
;Practice.c,36 :: 		}
L_main7:
;Practice.c,37 :: 		if(portd.f1 == 0xff){
0x00D9	0x1283      	BCF        STATUS, 5
0x00DA	0x1303      	BCF        STATUS, 6
0x00DB	0x1C88      	BTFSS      PORTD, 1
0x00DC	0x28F4      	GOTO       L_main11
;Practice.c,38 :: 		delay_ms(80);
0x00DD	0x30D0      	MOVLW      208
0x00DE	0x00FC      	MOVWF      R12
0x00DF	0x30C9      	MOVLW      201
0x00E0	0x00FD      	MOVWF      R13
L_main12:
0x00E1	0x0BFD      	DECFSZ     R13, 1
0x00E2	0x28E1      	GOTO       L_main12
0x00E3	0x0BFC      	DECFSZ     R12, 1
0x00E4	0x28E1      	GOTO       L_main12
0x00E5	0x0000      	NOP
0x00E6	0x0000      	NOP
;Practice.c,39 :: 		if(portd.f1 = 0xff){
0x00E7	0x1488      	BSF        PORTD, 1
0x00E8	0x1C88      	BTFSS      PORTD, 1
0x00E9	0x28F4      	GOTO       L_main13
;Practice.c,40 :: 		if(time < 250) {
0x00EA	0x30FA      	MOVLW      250
0x00EB	0x0230      	SUBWF      _time, 0
0x00EC	0x1803      	BTFSC      STATUS, 0
0x00ED	0x28F4      	GOTO       L_main14
;Practice.c,41 :: 		time++;
0x00EE	0x0AB0      	INCF       _time, 1
;Practice.c,42 :: 		EEPROM_Write(0x02,time);  // Write time at address 2
0x00EF	0x3002      	MOVLW      2
0x00F0	0x00B1      	MOVWF      FARG_EEPROM_Write_Address
0x00F1	0x0830      	MOVF       _time, 0
0x00F2	0x00B2      	MOVWF      FARG_EEPROM_Write_data_
0x00F3	0x206B      	CALL       _EEPROM_Write
;Practice.c,43 :: 		}
L_main14:
;Practice.c,44 :: 		}
L_main13:
;Practice.c,45 :: 		}
L_main11:
;Practice.c,46 :: 		if(portd.f4 == 0xff){
0x00F4	0x1283      	BCF        STATUS, 5
0x00F5	0x1303      	BCF        STATUS, 6
0x00F6	0x1E08      	BTFSS      PORTD, 4
0x00F7	0x2909      	GOTO       L_main15
;Practice.c,47 :: 		delay_ms(200);
0x00F8	0x3003      	MOVLW      3
0x00F9	0x00FB      	MOVWF      R11
0x00FA	0x3008      	MOVLW      8
0x00FB	0x00FC      	MOVWF      R12
0x00FC	0x3077      	MOVLW      119
0x00FD	0x00FD      	MOVWF      R13
L_main16:
0x00FE	0x0BFD      	DECFSZ     R13, 1
0x00FF	0x28FE      	GOTO       L_main16
0x0100	0x0BFC      	DECFSZ     R12, 1
0x0101	0x28FE      	GOTO       L_main16
0x0102	0x0BFB      	DECFSZ     R11, 1
0x0103	0x28FE      	GOTO       L_main16
;Practice.c,48 :: 		if(portd.f4 = 0xff){
0x0104	0x1608      	BSF        PORTD, 4
0x0105	0x1E08      	BTFSS      PORTD, 4
0x0106	0x2909      	GOTO       L_main17
;Practice.c,49 :: 		set = 1;
0x0107	0x3001      	MOVLW      1
0x0108	0x00AE      	MOVWF      _set
;Practice.c,50 :: 		}
L_main17:
;Practice.c,51 :: 		}
L_main15:
;Practice.c,52 :: 		display(time);
0x0109	0x0830      	MOVF       _time, 0
0x010A	0x00B1      	MOVWF      FARG_display_time
0x010B	0x2033      	CALL       _display
;Practice.c,53 :: 		portc.f7 = 0x00;
0x010C	0x1387      	BCF        PORTC, 7
;Practice.c,54 :: 		}
L_main6:
;Practice.c,56 :: 		if(set == 1){
0x010D	0x082E      	MOVF       _set, 0
0x010E	0x3A01      	XORLW      1
0x010F	0x1D03      	BTFSS      STATUS, 2
0x0110	0x2945      	GOTO       L_main18
;Practice.c,57 :: 		portc.f7 = 0xff;
0x0111	0x1787      	BSF        PORTC, 7
;Practice.c,58 :: 		while(time){
L_main19:
0x0112	0x0830      	MOVF       _time, 0
0x0113	0x1903      	BTFSC      STATUS, 2
0x0114	0x2945      	GOTO       L_main20
;Practice.c,59 :: 		for(i = 0;i < 50; i++){
0x0115	0x01AF      	CLRF       _i
L_main21:
0x0116	0x3032      	MOVLW      50
0x0117	0x022F      	SUBWF      _i, 0
0x0118	0x1803      	BTFSC      STATUS, 0
0x0119	0x2932      	GOTO       L_main22
;Practice.c,60 :: 		display(time);
0x011A	0x0830      	MOVF       _time, 0
0x011B	0x00B1      	MOVWF      FARG_display_time
0x011C	0x2033      	CALL       _display
;Practice.c,61 :: 		if(portd.f4 == 0xff){
0x011D	0x1E08      	BTFSS      PORTD, 4
0x011E	0x2930      	GOTO       L_main24
;Practice.c,62 :: 		delay_ms(200);
0x011F	0x3003      	MOVLW      3
0x0120	0x00FB      	MOVWF      R11
0x0121	0x3008      	MOVLW      8
0x0122	0x00FC      	MOVWF      R12
0x0123	0x3077      	MOVLW      119
0x0124	0x00FD      	MOVWF      R13
L_main25:
0x0125	0x0BFD      	DECFSZ     R13, 1
0x0126	0x2925      	GOTO       L_main25
0x0127	0x0BFC      	DECFSZ     R12, 1
0x0128	0x2925      	GOTO       L_main25
0x0129	0x0BFB      	DECFSZ     R11, 1
0x012A	0x2925      	GOTO       L_main25
;Practice.c,63 :: 		if(portd.f4 = 0xff){
0x012B	0x1608      	BSF        PORTD, 4
0x012C	0x1E08      	BTFSS      PORTD, 4
0x012D	0x2930      	GOTO       L_main26
;Practice.c,64 :: 		set = 0;
0x012E	0x01AE      	CLRF       _set
;Practice.c,65 :: 		break;
0x012F	0x2932      	GOTO       L_main22
;Practice.c,66 :: 		}
L_main26:
;Practice.c,67 :: 		}
L_main24:
;Practice.c,59 :: 		for(i = 0;i < 50; i++){
0x0130	0x0AAF      	INCF       _i, 1
;Practice.c,68 :: 		}
0x0131	0x2916      	GOTO       L_main21
L_main22:
;Practice.c,69 :: 		time--;
0x0132	0x03B0      	DECF       _time, 1
;Practice.c,70 :: 		EEPROM_Write(0x02,time);  // Write time at address 2
0x0133	0x3002      	MOVLW      2
0x0134	0x00B1      	MOVWF      FARG_EEPROM_Write_Address
0x0135	0x0830      	MOVF       _time, 0
0x0136	0x00B2      	MOVWF      FARG_EEPROM_Write_data_
0x0137	0x206B      	CALL       _EEPROM_Write
;Practice.c,71 :: 		if(time == 0) set = 0;
0x0138	0x1283      	BCF        STATUS, 5
0x0139	0x1303      	BCF        STATUS, 6
0x013A	0x0830      	MOVF       _time, 0
0x013B	0x3A00      	XORLW      0
0x013C	0x1D03      	BTFSS      STATUS, 2
0x013D	0x293F      	GOTO       L_main27
0x013E	0x01AE      	CLRF       _set
L_main27:
;Practice.c,72 :: 		if(set == 0) break;
0x013F	0x082E      	MOVF       _set, 0
0x0140	0x3A00      	XORLW      0
0x0141	0x1D03      	BTFSS      STATUS, 2
0x0142	0x2944      	GOTO       L_main28
0x0143	0x2945      	GOTO       L_main20
L_main28:
;Practice.c,73 :: 		}
0x0144	0x2912      	GOTO       L_main19
L_main20:
;Practice.c,74 :: 		}
L_main18:
;Practice.c,75 :: 		}
0x0145	0x28BC      	GOTO       L_main4
;Practice.c,76 :: 		}
L_end_main:
0x0146	0x2946      	GOTO       $+0
; end of _main
Symbol List:
//** Routines locations **
//ADDRESS    SIZE    PROCEDURE
//----------------------------------------------
0x0003      [17]    _Div_8X8_U
0x0014       [7]    _____DoICP
0x001B      [12]    _EEPROM_Read
0x0027      [12]    ___CC2DW
0x0033      [56]    _display
0x006B      [33]    _EEPROM_Write
0x008C     [187]    _main
//** Variables locations ** 
//ADDRESS    SIZE    VARIABLE
//----------------------------------------------
0x0000       [1]    INDF
0x0002       [1]    PCL
0x0003       [1]    STATUS
0x0004       [1]    FSR
0x0006       [1]    PORTB
0x0007       [1]    PORTC
0x0008       [1]    PORTD
0x000A       [1]    PCLATH
0x000B       [1]    INTCON
0x0020      [10]    _arraCA
0x002A       [2]    ___DoICPAddr
0x002C       [1]    _digit2
0x002D       [1]    _digit1
0x002E       [1]    _set
0x002F       [1]    _i
0x0030       [1]    _time
0x0031       [1]    FARG_EEPROM_Read_Address
0x0031       [1]    FARG_display_time
0x0031       [1]    FARG_EEPROM_Write_Address
0x0032       [1]    FARG_EEPROM_Write_data_
0x0070       [1]    R0
0x0071       [1]    R1
0x0072       [1]    R2
0x0073       [1]    R3
0x0074       [1]    R4
0x0075       [1]    R5
0x0076       [1]    R6
0x0077       [1]    R7
0x0078       [1]    R8
0x0079       [1]    R9
0x007A       [1]    R10
0x007B       [1]    R11
0x007C       [1]    R12
0x007D       [1]    R13
0x007E       [1]    R14
0x007F       [1]    R15
0x0086       [1]    TRISB
0x0087       [1]    TRISC
0x0088       [1]    TRISD
0x010C       [1]    EEDATA
0x010D       [1]    EEADR
0x018C       [1]    EECON1
0x018D       [1]    EECON2
