;  LST file generated by mikroListExporter - v.2.0 
; Date/Time: 11/1/2023 4:17:06 PM
;----------------------------------------------

;Address Opcode 	ASM
0x0000	0x287E      	GOTO       126
_rotateZero:
;Servo.c,30 :: 		void rotateZero() {
;Servo.c,31 :: 		for(i=0;i<50;i++) {
0x0003	0x1283      	BCF        STATUS, 5
0x0004	0x1303      	BCF        STATUS, 6
0x0005	0x01A0      	CLRF       _i
0x0006	0x01A1      	CLRF       _i+1
L_rotateZero10:
0x0007	0x3080      	MOVLW      128
0x0008	0x0621      	XORWF      _i+1, 0
0x0009	0x00F0      	MOVWF      R0
0x000A	0x3080      	MOVLW      128
0x000B	0x0270      	SUBWF      R0, 0
0x000C	0x1D03      	BTFSS      STATUS, 2
0x000D	0x2810      	GOTO       L__rotateZero24
0x000E	0x3032      	MOVLW      50
0x000F	0x0220      	SUBWF      _i, 0
L__rotateZero24:
0x0010	0x1803      	BTFSC      STATUS, 0
0x0011	0x282B      	GOTO       L_rotateZero11
;Servo.c,32 :: 		portb.f0=1;
0x0012	0x1406      	BSF        PORTB, 0
;Servo.c,33 :: 		delay_us(1500);
0x0013	0x3004      	MOVLW      4
0x0014	0x00FC      	MOVWF      R12
0x0015	0x30E4      	MOVLW      228
0x0016	0x00FD      	MOVWF      R13
L_rotateZero13:
0x0017	0x0BFD      	DECFSZ     R13, 1
0x0018	0x2817      	GOTO       L_rotateZero13
0x0019	0x0BFC      	DECFSZ     R12, 1
0x001A	0x2817      	GOTO       L_rotateZero13
0x001B	0x0000      	NOP
;Servo.c,34 :: 		portb.f0=0;
0x001C	0x1006      	BCF        PORTB, 0
;Servo.c,35 :: 		delay_us(18500);
0x001D	0x3031      	MOVLW      49
0x001E	0x00FC      	MOVWF      R12
0x001F	0x300B      	MOVLW      11
0x0020	0x00FD      	MOVWF      R13
L_rotateZero14:
0x0021	0x0BFD      	DECFSZ     R13, 1
0x0022	0x2821      	GOTO       L_rotateZero14
0x0023	0x0BFC      	DECFSZ     R12, 1
0x0024	0x2821      	GOTO       L_rotateZero14
0x0025	0x0000      	NOP
0x0026	0x0000      	NOP
;Servo.c,31 :: 		for(i=0;i<50;i++) {
0x0027	0x0AA0      	INCF       _i, 1
0x0028	0x1903      	BTFSC      STATUS, 2
0x0029	0x0AA1      	INCF       _i+1, 1
;Servo.c,36 :: 		}
0x002A	0x2807      	GOTO       L_rotateZero10
L_rotateZero11:
;Servo.c,37 :: 		}
L_end_rotateZero:
0x002B	0x0008      	RETURN
; end of _rotateZero
_rotateRight90:
;Servo.c,38 :: 		void rotateRight90() {
;Servo.c,39 :: 		for(i=0;i<50;i++) {
0x002C	0x1283      	BCF        STATUS, 5
0x002D	0x1303      	BCF        STATUS, 6
0x002E	0x01A0      	CLRF       _i
0x002F	0x01A1      	CLRF       _i+1
L_rotateRight9015:
0x0030	0x3080      	MOVLW      128
0x0031	0x0621      	XORWF      _i+1, 0
0x0032	0x00F0      	MOVWF      R0
0x0033	0x3080      	MOVLW      128
0x0034	0x0270      	SUBWF      R0, 0
0x0035	0x1D03      	BTFSS      STATUS, 2
0x0036	0x2839      	GOTO       L__rotateRight9026
0x0037	0x3032      	MOVLW      50
0x0038	0x0220      	SUBWF      _i, 0
L__rotateRight9026:
0x0039	0x1803      	BTFSC      STATUS, 0
0x003A	0x2854      	GOTO       L_rotateRight9016
;Servo.c,40 :: 		portb.f0=1;
0x003B	0x1406      	BSF        PORTB, 0
;Servo.c,41 :: 		delay_us(2200);
0x003C	0x3006      	MOVLW      6
0x003D	0x00FC      	MOVWF      R12
0x003E	0x30B5      	MOVLW      181
0x003F	0x00FD      	MOVWF      R13
L_rotateRight9018:
0x0040	0x0BFD      	DECFSZ     R13, 1
0x0041	0x2840      	GOTO       L_rotateRight9018
0x0042	0x0BFC      	DECFSZ     R12, 1
0x0043	0x2840      	GOTO       L_rotateRight9018
0x0044	0x0000      	NOP
0x0045	0x0000      	NOP
;Servo.c,42 :: 		portb.f0=0;
0x0046	0x1006      	BCF        PORTB, 0
;Servo.c,43 :: 		delay_us(17800);
0x0047	0x302F      	MOVLW      47
0x0048	0x00FC      	MOVWF      R12
0x0049	0x303A      	MOVLW      58
0x004A	0x00FD      	MOVWF      R13
L_rotateRight9019:
0x004B	0x0BFD      	DECFSZ     R13, 1
0x004C	0x284B      	GOTO       L_rotateRight9019
0x004D	0x0BFC      	DECFSZ     R12, 1
0x004E	0x284B      	GOTO       L_rotateRight9019
0x004F	0x0000      	NOP
;Servo.c,39 :: 		for(i=0;i<50;i++) {
0x0050	0x0AA0      	INCF       _i, 1
0x0051	0x1903      	BTFSC      STATUS, 2
0x0052	0x0AA1      	INCF       _i+1, 1
;Servo.c,44 :: 		}
0x0053	0x2830      	GOTO       L_rotateRight9015
L_rotateRight9016:
;Servo.c,45 :: 		}
L_end_rotateRight90:
0x0054	0x0008      	RETURN
; end of _rotateRight90
_rotateLeft90:
;Servo.c,22 :: 		void rotateLeft90() {
;Servo.c,23 :: 		for(i=0;i<50;i++) {
0x0055	0x1283      	BCF        STATUS, 5
0x0056	0x1303      	BCF        STATUS, 6
0x0057	0x01A0      	CLRF       _i
0x0058	0x01A1      	CLRF       _i+1
L_rotateLeft905:
0x0059	0x3080      	MOVLW      128
0x005A	0x0621      	XORWF      _i+1, 0
0x005B	0x00F0      	MOVWF      R0
0x005C	0x3080      	MOVLW      128
0x005D	0x0270      	SUBWF      R0, 0
0x005E	0x1D03      	BTFSS      STATUS, 2
0x005F	0x2862      	GOTO       L__rotateLeft9022
0x0060	0x3032      	MOVLW      50
0x0061	0x0220      	SUBWF      _i, 0
L__rotateLeft9022:
0x0062	0x1803      	BTFSC      STATUS, 0
0x0063	0x287D      	GOTO       L_rotateLeft906
;Servo.c,24 :: 		portb.f0=1;
0x0064	0x1406      	BSF        PORTB, 0
;Servo.c,25 :: 		delay_us(800);
0x0065	0x3003      	MOVLW      3
0x0066	0x00FC      	MOVWF      R12
0x0067	0x3012      	MOVLW      18
0x0068	0x00FD      	MOVWF      R13
L_rotateLeft908:
0x0069	0x0BFD      	DECFSZ     R13, 1
0x006A	0x2869      	GOTO       L_rotateLeft908
0x006B	0x0BFC      	DECFSZ     R12, 1
0x006C	0x2869      	GOTO       L_rotateLeft908
0x006D	0x0000      	NOP
;Servo.c,26 :: 		portb.f0=0;
0x006E	0x1006      	BCF        PORTB, 0
;Servo.c,27 :: 		delay_us(19200);
0x006F	0x3032      	MOVLW      50
0x0070	0x00FC      	MOVWF      R12
0x0071	0x30DD      	MOVLW      221
0x0072	0x00FD      	MOVWF      R13
L_rotateLeft909:
0x0073	0x0BFD      	DECFSZ     R13, 1
0x0074	0x2873      	GOTO       L_rotateLeft909
0x0075	0x0BFC      	DECFSZ     R12, 1
0x0076	0x2873      	GOTO       L_rotateLeft909
0x0077	0x0000      	NOP
0x0078	0x0000      	NOP
;Servo.c,23 :: 		for(i=0;i<50;i++) {
0x0079	0x0AA0      	INCF       _i, 1
0x007A	0x1903      	BTFSC      STATUS, 2
0x007B	0x0AA1      	INCF       _i+1, 1
;Servo.c,28 :: 		}
0x007C	0x2859      	GOTO       L_rotateLeft905
L_rotateLeft906:
;Servo.c,29 :: 		}
L_end_rotateLeft90:
0x007D	0x0008      	RETURN
; end of _rotateLeft90
_main:
;Servo.c,5 :: 		void main() {
;Servo.c,6 :: 		TRISB = 0X00;
0x007E	0x1683      	BSF        STATUS, 5
0x007F	0x1303      	BCF        STATUS, 6
0x0080	0x0186      	CLRF       TRISB
;Servo.c,7 :: 		TRISC = 0XFF;
0x0081	0x30FF      	MOVLW      255
0x0082	0x0087      	MOVWF      TRISC
;Servo.c,8 :: 		portb = 0x00;
0x0083	0x1283      	BCF        STATUS, 5
0x0084	0x0186      	CLRF       PORTB
;Servo.c,9 :: 		rotateZero();
0x0085	0x2003      	CALL       _rotateZero
;Servo.c,10 :: 		while(1) {
L_main0:
;Servo.c,11 :: 		if(portc.f0 == 0xff) {
0x0086	0x1C07      	BTFSS      PORTC, 0
0x0087	0x2889      	GOTO       L_main2
;Servo.c,12 :: 		rotateLeft90();
0x0088	0x2055      	CALL       _rotateLeft90
;Servo.c,13 :: 		}
L_main2:
;Servo.c,14 :: 		if(portc.f1 == 0xff) {
0x0089	0x1C87      	BTFSS      PORTC, 1
0x008A	0x288C      	GOTO       L_main3
;Servo.c,15 :: 		rotateZero();
0x008B	0x2003      	CALL       _rotateZero
;Servo.c,16 :: 		}
L_main3:
;Servo.c,17 :: 		if(portc.f2 == 0xff) {
0x008C	0x1D07      	BTFSS      PORTC, 2
0x008D	0x288F      	GOTO       L_main4
;Servo.c,18 :: 		rotateRight90();
0x008E	0x202C      	CALL       _rotateRight90
;Servo.c,19 :: 		}
L_main4:
;Servo.c,20 :: 		}
0x008F	0x2886      	GOTO       L_main0
;Servo.c,21 :: 		}
L_end_main:
0x0090	0x2890      	GOTO       $+0
; end of _main
Symbol List:
//** Routines locations **
//ADDRESS    SIZE    PROCEDURE
//----------------------------------------------
0x0003      [41]    _rotateZero
0x002C      [41]    _rotateRight90
0x0055      [41]    _rotateLeft90
0x007E      [19]    _main
//** Variables locations ** 
//ADDRESS    SIZE    VARIABLE
//----------------------------------------------
0x0000       [1]    INDF
0x0003       [1]    STATUS
0x0004       [1]    FSR
0x0006       [1]    PORTB
0x0007       [1]    PORTC
0x000A       [1]    PCLATH
0x0020       [2]    _i
0x0022       [2]    ___DoICPAddr
0x0070       [1]    R0
0x0071       [1]    R1
0x0072       [1]    R2
0x0073       [1]    R3
0x0074       [1]    R4
0x0075       [1]    R5
0x0076       [1]    R6
0x0077       [1]    R7
0x0078       [1]    R8
0x0079       [1]    R9
0x007A       [1]    R10
0x007B       [1]    R11
0x007C       [1]    R12
0x007D       [1]    R13
0x007E       [1]    R14
0x007F       [1]    R15
0x0086       [1]    TRISB
0x0087       [1]    TRISC
