;  LST file generated by mikroListExporter - v.2.0 
; Date/Time: 11/1/2023 8:06:20 PM
;----------------------------------------------

;Address Opcode 	ASM
0x0000	0x2AF1      	GOTO       753
_Delay_50us:
;__Lib_Delays.c,19 :: 		void Delay_50us() {
;__Lib_Delays.c,20 :: 		Delay_us(50);
0x0003	0x3021      	MOVLW      33
0x0004	0x1283      	BCF        STATUS, 5
0x0005	0x1303      	BCF        STATUS, 6
0x0006	0x00FD      	MOVWF      R13
L_Delay_50us2:
0x0007	0x0BFD      	DECFSZ     R13, 1
0x0008	0x2807      	GOTO       L_Delay_50us2
;__Lib_Delays.c,21 :: 		}
L_end_Delay_50us:
0x0009	0x0008      	RETURN
; end of _Delay_50us
_Delay_5500us:
;__Lib_Delays.c,31 :: 		void Delay_5500us() {
;__Lib_Delays.c,32 :: 		Delay_us(5500);
0x000A	0x300F      	MOVLW      15
0x000B	0x1283      	BCF        STATUS, 5
0x000C	0x1303      	BCF        STATUS, 6
0x000D	0x00FC      	MOVWF      R12
0x000E	0x3047      	MOVLW      71
0x000F	0x00FD      	MOVWF      R13
L_Delay_5500us5:
0x0010	0x0BFD      	DECFSZ     R13, 1
0x0011	0x2810      	GOTO       L_Delay_5500us5
0x0012	0x0BFC      	DECFSZ     R12, 1
0x0013	0x2810      	GOTO       L_Delay_5500us5
0x0014	0x0000      	NOP
0x0015	0x0000      	NOP
;__Lib_Delays.c,33 :: 		}
L_end_Delay_5500us:
0x0016	0x0008      	RETURN
; end of _Delay_5500us
_Delay_1us:
;__Lib_Delays.c,7 :: 		void Delay_1us() {
;__Lib_Delays.c,8 :: 		Delay_us(1);
0x0017	0x0000      	NOP
0x0018	0x0000      	NOP
;__Lib_Delays.c,9 :: 		}
L_end_Delay_1us:
0x0019	0x0008      	RETURN
; end of _Delay_1us
_Lcd_Cmd:
;__Lib_Lcd.c,18 :: 		
;__Lib_Lcd.c,20 :: 		
0x001A	0x1683      	BSF        STATUS, 5
0x001B	0x1303      	BCF        STATUS, 6
0x001C	0x1BA7      	BTFSC      FARG_Lcd_Cmd_out_char, 7
0x001D	0x2821      	GOTO       L__Lcd_Cmd21
0x001E	0x1283      	BCF        STATUS, 5
0x001F	0x1386      	BCF        LCD_D7, BitPos(LCD_D7+0)
0x0020	0x2823      	GOTO       L__Lcd_Cmd22
L__Lcd_Cmd21:
0x0021	0x1283      	BCF        STATUS, 5
0x0022	0x1786      	BSF        LCD_D7, BitPos(LCD_D7+0)
L__Lcd_Cmd22:
;__Lib_Lcd.c,21 :: 		
0x0023	0x1683      	BSF        STATUS, 5
0x0024	0x1B27      	BTFSC      FARG_Lcd_Cmd_out_char, 6
0x0025	0x2829      	GOTO       L__Lcd_Cmd23
0x0026	0x1283      	BCF        STATUS, 5
0x0027	0x1306      	BCF        LCD_D6, BitPos(LCD_D6+0)
0x0028	0x282B      	GOTO       L__Lcd_Cmd24
L__Lcd_Cmd23:
0x0029	0x1283      	BCF        STATUS, 5
0x002A	0x1706      	BSF        LCD_D6, BitPos(LCD_D6+0)
L__Lcd_Cmd24:
;__Lib_Lcd.c,22 :: 		
0x002B	0x1683      	BSF        STATUS, 5
0x002C	0x1AA7      	BTFSC      FARG_Lcd_Cmd_out_char, 5
0x002D	0x2831      	GOTO       L__Lcd_Cmd25
0x002E	0x1283      	BCF        STATUS, 5
0x002F	0x1286      	BCF        LCD_D5, BitPos(LCD_D5+0)
0x0030	0x2833      	GOTO       L__Lcd_Cmd26
L__Lcd_Cmd25:
0x0031	0x1283      	BCF        STATUS, 5
0x0032	0x1686      	BSF        LCD_D5, BitPos(LCD_D5+0)
L__Lcd_Cmd26:
;__Lib_Lcd.c,23 :: 		
0x0033	0x1683      	BSF        STATUS, 5
0x0034	0x1A27      	BTFSC      FARG_Lcd_Cmd_out_char, 4
0x0035	0x2839      	GOTO       L__Lcd_Cmd27
0x0036	0x1283      	BCF        STATUS, 5
0x0037	0x1206      	BCF        LCD_D4, BitPos(LCD_D4+0)
0x0038	0x283B      	GOTO       L__Lcd_Cmd28
L__Lcd_Cmd27:
0x0039	0x1283      	BCF        STATUS, 5
0x003A	0x1606      	BSF        LCD_D4, BitPos(LCD_D4+0)
L__Lcd_Cmd28:
;__Lib_Lcd.c,25 :: 		
0x003B	0x184A      	BTFSC      __Lib_Lcd_cmd_status, BitPos(__Lib_Lcd_cmd_status+0)
0x003C	0x283F      	GOTO       L__Lcd_Cmd29
0x003D	0x1506      	BSF        LCD_RS, BitPos(LCD_RS+0)
0x003E	0x2840      	GOTO       L__Lcd_Cmd30
L__Lcd_Cmd29:
0x003F	0x1106      	BCF        LCD_RS, BitPos(LCD_RS+0)
L__Lcd_Cmd30:
;__Lib_Lcd.c,28 :: 		
0x0040	0x1586      	BSF        LCD_EN, BitPos(LCD_EN+0)
;__Lib_Lcd.c,29 :: 		
0x0041	0x2017      	CALL       _Delay_1us
;__Lib_Lcd.c,30 :: 		
0x0042	0x1186      	BCF        LCD_EN, BitPos(LCD_EN+0)
;__Lib_Lcd.c,33 :: 		
0x0043	0x1683      	BSF        STATUS, 5
0x0044	0x19A7      	BTFSC      FARG_Lcd_Cmd_out_char, 3
0x0045	0x2849      	GOTO       L__Lcd_Cmd31
0x0046	0x1283      	BCF        STATUS, 5
0x0047	0x1386      	BCF        LCD_D7, BitPos(LCD_D7+0)
0x0048	0x284B      	GOTO       L__Lcd_Cmd32
L__Lcd_Cmd31:
0x0049	0x1283      	BCF        STATUS, 5
0x004A	0x1786      	BSF        LCD_D7, BitPos(LCD_D7+0)
L__Lcd_Cmd32:
;__Lib_Lcd.c,34 :: 		
0x004B	0x1683      	BSF        STATUS, 5
0x004C	0x1927      	BTFSC      FARG_Lcd_Cmd_out_char, 2
0x004D	0x2851      	GOTO       L__Lcd_Cmd33
0x004E	0x1283      	BCF        STATUS, 5
0x004F	0x1306      	BCF        LCD_D6, BitPos(LCD_D6+0)
0x0050	0x2853      	GOTO       L__Lcd_Cmd34
L__Lcd_Cmd33:
0x0051	0x1283      	BCF        STATUS, 5
0x0052	0x1706      	BSF        LCD_D6, BitPos(LCD_D6+0)
L__Lcd_Cmd34:
;__Lib_Lcd.c,35 :: 		
0x0053	0x1683      	BSF        STATUS, 5
0x0054	0x18A7      	BTFSC      FARG_Lcd_Cmd_out_char, 1
0x0055	0x2859      	GOTO       L__Lcd_Cmd35
0x0056	0x1283      	BCF        STATUS, 5
0x0057	0x1286      	BCF        LCD_D5, BitPos(LCD_D5+0)
0x0058	0x285B      	GOTO       L__Lcd_Cmd36
L__Lcd_Cmd35:
0x0059	0x1283      	BCF        STATUS, 5
0x005A	0x1686      	BSF        LCD_D5, BitPos(LCD_D5+0)
L__Lcd_Cmd36:
;__Lib_Lcd.c,36 :: 		
0x005B	0x1683      	BSF        STATUS, 5
0x005C	0x1827      	BTFSC      FARG_Lcd_Cmd_out_char, 0
0x005D	0x2861      	GOTO       L__Lcd_Cmd37
0x005E	0x1283      	BCF        STATUS, 5
0x005F	0x1206      	BCF        LCD_D4, BitPos(LCD_D4+0)
0x0060	0x2863      	GOTO       L__Lcd_Cmd38
L__Lcd_Cmd37:
0x0061	0x1283      	BCF        STATUS, 5
0x0062	0x1606      	BSF        LCD_D4, BitPos(LCD_D4+0)
L__Lcd_Cmd38:
;__Lib_Lcd.c,38 :: 		
0x0063	0x184A      	BTFSC      __Lib_Lcd_cmd_status, BitPos(__Lib_Lcd_cmd_status+0)
0x0064	0x2867      	GOTO       L__Lcd_Cmd39
0x0065	0x1506      	BSF        LCD_RS, BitPos(LCD_RS+0)
0x0066	0x2868      	GOTO       L__Lcd_Cmd40
L__Lcd_Cmd39:
0x0067	0x1106      	BCF        LCD_RS, BitPos(LCD_RS+0)
L__Lcd_Cmd40:
;__Lib_Lcd.c,40 :: 		
0x0068	0x1586      	BSF        LCD_EN, BitPos(LCD_EN+0)
;__Lib_Lcd.c,41 :: 		
0x0069	0x2017      	CALL       _Delay_1us
;__Lib_Lcd.c,42 :: 		
0x006A	0x1186      	BCF        LCD_EN, BitPos(LCD_EN+0)
;__Lib_Lcd.c,44 :: 		
0x006B	0x1C4A      	BTFSS      __Lib_Lcd_cmd_status, BitPos(__Lib_Lcd_cmd_status+0)
0x006C	0x286F      	GOTO       L_Lcd_Cmd0
;__Lib_Lcd.c,45 :: 		
0x006D	0x200A      	CALL       _Delay_5500us
0x006E	0x2870      	GOTO       L_Lcd_Cmd1
L_Lcd_Cmd0:
;__Lib_Lcd.c,47 :: 		
0x006F	0x2003      	CALL       _Delay_50us
L_Lcd_Cmd1:
;__Lib_Lcd.c,48 :: 		
L_end_Lcd_Cmd:
0x0070	0x0008      	RETURN
; end of _Lcd_Cmd
_Div_16X16_U:
;__Lib_Math.c,215 :: 		
;__Lib_Math.c,222 :: 		
0x0071	0x1283      	BCF        STATUS, 5
;__Lib_Math.c,223 :: 		
0x0072	0x1303      	BCF        STATUS, 6
;__Lib_Math.c,224 :: 		
0x0073	0x01F8      	CLRF       R8
;__Lib_Math.c,225 :: 		
0x0074	0x01F9      	CLRF       R9
;__Lib_Math.c,226 :: 		
0x0075	0x3010      	MOVLW      16
;__Lib_Math.c,227 :: 		
0x0076	0x00FC      	MOVWF      R12
;__Lib_Math.c,228 :: 		
0x0077	0x0D71      	RLF        R1, 0
;__Lib_Math.c,229 :: 		
0x0078	0x0DF8      	RLF        R8, 1
;__Lib_Math.c,230 :: 		
0x0079	0x0DF9      	RLF        R9, 1
;__Lib_Math.c,231 :: 		
0x007A	0x0874      	MOVF       R4, 0
;__Lib_Math.c,232 :: 		
0x007B	0x02F8      	SUBWF      R8, 1
;__Lib_Math.c,233 :: 		
0x007C	0x0875      	MOVF       R5, 0
;__Lib_Math.c,234 :: 		
0x007D	0x1C03      	BTFSS      STATUS, 0
;__Lib_Math.c,235 :: 		
0x007E	0x0F75      	INCFSZ     R5, 0
;__Lib_Math.c,236 :: 		
0x007F	0x02F9      	SUBWF      R9, 1
;__Lib_Math.c,237 :: 		
0x0080	0x1803      	BTFSC      STATUS, 0
;__Lib_Math.c,238 :: 		
0x0081	0x2889      	GOTO       $+8
;__Lib_Math.c,239 :: 		
0x0082	0x0874      	MOVF       R4, 0
;__Lib_Math.c,240 :: 		
0x0083	0x07F8      	ADDWF      R8, 1
;__Lib_Math.c,241 :: 		
0x0084	0x0875      	MOVF       R5, 0
;__Lib_Math.c,242 :: 		
0x0085	0x1803      	BTFSC      STATUS, 0
;__Lib_Math.c,243 :: 		
0x0086	0x0F75      	INCFSZ     R5, 0
;__Lib_Math.c,244 :: 		
0x0087	0x07F9      	ADDWF      R9, 1
;__Lib_Math.c,245 :: 		
0x0088	0x1003      	BCF        STATUS, 0
;__Lib_Math.c,246 :: 		
0x0089	0x0DF0      	RLF        R0, 1
;__Lib_Math.c,247 :: 		
0x008A	0x0DF1      	RLF        R1, 1
;__Lib_Math.c,248 :: 		
0x008B	0x0BFC      	DECFSZ     R12, 1
;__Lib_Math.c,249 :: 		
0x008C	0x2877      	GOTO       $-21
;__Lib_Math.c,251 :: 		
L_end_Div_16X16_U:
0x008D	0x0008      	RETURN
; end of _Div_16X16_U
_WordToStr:
;__Lib_Conversions.c,98 :: 		
;__Lib_Conversions.c,103 :: 		
0x008E	0x1683      	BSF        STATUS, 5
0x008F	0x1303      	BCF        STATUS, 6
0x0090	0x01A5      	CLRF       WordToStr_len_L0
L_WordToStr11:
0x0091	0x3005      	MOVLW      5
0x0092	0x0225      	SUBWF      WordToStr_len_L0, 0
0x0093	0x1803      	BTFSC      STATUS, 0
0x0094	0x289C      	GOTO       L_WordToStr12
;__Lib_Conversions.c,104 :: 		
0x0095	0x0825      	MOVF       WordToStr_len_L0, 0
0x0096	0x0724      	ADDWF      FARG_WordToStr_output, 0
0x0097	0x0084      	MOVWF      FSR
0x0098	0x3020      	MOVLW      32
0x0099	0x0080      	MOVWF      INDF
;__Lib_Conversions.c,103 :: 		
0x009A	0x0AA5      	INCF       WordToStr_len_L0, 1
;__Lib_Conversions.c,104 :: 		
0x009B	0x2891      	GOTO       L_WordToStr11
L_WordToStr12:
;__Lib_Conversions.c,105 :: 		
0x009C	0x0825      	MOVF       WordToStr_len_L0, 0
0x009D	0x0724      	ADDWF      FARG_WordToStr_output, 0
0x009E	0x0084      	MOVWF      FSR
0x009F	0x0180      	CLRF       INDF
0x00A0	0x03A5      	DECF       WordToStr_len_L0, 1
;__Lib_Conversions.c,107 :: 		
L_WordToStr14:
;__Lib_Conversions.c,108 :: 		
0x00A1	0x0825      	MOVF       WordToStr_len_L0, 0
0x00A2	0x0724      	ADDWF      FARG_WordToStr_output, 0
0x00A3	0x00A6      	MOVWF      FLOC__WordToStr
0x00A4	0x300A      	MOVLW      10
0x00A5	0x00F4      	MOVWF      R4
0x00A6	0x01F5      	CLRF       R4+1
0x00A7	0x0822      	MOVF       FARG_WordToStr_input, 0
0x00A8	0x00F0      	MOVWF      R0
0x00A9	0x0823      	MOVF       FARG_WordToStr_input+1, 0
0x00AA	0x00F1      	MOVWF      R0+1
0x00AB	0x2071      	CALL       _Div_16X16_U
0x00AC	0x0878      	MOVF       R8, 0
0x00AD	0x00F0      	MOVWF      R0
0x00AE	0x0879      	MOVF       R8+1, 0
0x00AF	0x00F1      	MOVWF      R0+1
0x00B0	0x3030      	MOVLW      48
0x00B1	0x07F0      	ADDWF      R0, 1
0x00B2	0x1683      	BSF        STATUS, 5
0x00B3	0x0826      	MOVF       FLOC__WordToStr, 0
0x00B4	0x0084      	MOVWF      FSR
0x00B5	0x0870      	MOVF       R0, 0
0x00B6	0x0080      	MOVWF      INDF
;__Lib_Conversions.c,109 :: 		
0x00B7	0x300A      	MOVLW      10
0x00B8	0x00F4      	MOVWF      R4
0x00B9	0x01F5      	CLRF       R4+1
0x00BA	0x0822      	MOVF       FARG_WordToStr_input, 0
0x00BB	0x00F0      	MOVWF      R0
0x00BC	0x0823      	MOVF       FARG_WordToStr_input+1, 0
0x00BD	0x00F1      	MOVWF      R0+1
0x00BE	0x2071      	CALL       _Div_16X16_U
0x00BF	0x0870      	MOVF       R0, 0
0x00C0	0x1683      	BSF        STATUS, 5
0x00C1	0x00A2      	MOVWF      FARG_WordToStr_input
0x00C2	0x0871      	MOVF       R0+1, 0
0x00C3	0x00A3      	MOVWF      FARG_WordToStr_input+1
;__Lib_Conversions.c,110 :: 		
0x00C4	0x3000      	MOVLW      0
0x00C5	0x0671      	XORWF      R0+1, 0
0x00C6	0x1D03      	BTFSS      STATUS, 2
0x00C7	0x28CA      	GOTO       L__WordToStr379
0x00C8	0x3000      	MOVLW      0
0x00C9	0x0670      	XORWF      R0, 0
L__WordToStr379:
0x00CA	0x1D03      	BTFSS      STATUS, 2
0x00CB	0x28CD      	GOTO       L_WordToStr16
;__Lib_Conversions.c,111 :: 		
0x00CC	0x28CF      	GOTO       L_WordToStr15
L_WordToStr16:
;__Lib_Conversions.c,112 :: 		
0x00CD	0x03A5      	DECF       WordToStr_len_L0, 1
;__Lib_Conversions.c,113 :: 		
0x00CE	0x28A1      	GOTO       L_WordToStr14
L_WordToStr15:
;__Lib_Conversions.c,114 :: 		
L_end_WordToStr:
0x00CF	0x0008      	RETURN
; end of _WordToStr
_____DoICP:
;__Lib_System.c,6 :: 		
;__Lib_System.c,9 :: 		
0x00D0	0x1283      	BCF        STATUS, 5
0x00D1	0x1303      	BCF        STATUS, 6
0x00D2	0x084E      	MOVF       ___DoICPAddr+1, 0
0x00D3	0x008A      	MOVWF      PCLATH
;__Lib_System.c,10 :: 		
0x00D4	0x084D      	MOVF       ___DoICPAddr, 0
0x00D5	0x0082      	MOVWF      PCL
;__Lib_System.c,12 :: 		
L_end_____DoICP:
0x00D6	0x0008      	RETURN
; end of _____DoICP
_Lcd_Chr_CP:
;__Lib_Lcd.c,50 :: 		
;__Lib_Lcd.c,52 :: 		
0x00D7	0x1283      	BCF        STATUS, 5
0x00D8	0x1303      	BCF        STATUS, 6
0x00D9	0x104A      	BCF        __Lib_Lcd_cmd_status, BitPos(__Lib_Lcd_cmd_status+0)
;__Lib_Lcd.c,53 :: 		
0x00DA	0x1683      	BSF        STATUS, 5
0x00DB	0x0822      	MOVF       FARG_Lcd_Chr_CP_out_char, 0
0x00DC	0x00A7      	MOVWF      FARG_Lcd_Cmd_out_char
0x00DD	0x201A      	CALL       _Lcd_Cmd
;__Lib_Lcd.c,54 :: 		
0x00DE	0x144A      	BSF        __Lib_Lcd_cmd_status, BitPos(__Lib_Lcd_cmd_status+0)
;__Lib_Lcd.c,55 :: 		
L_end_Lcd_Chr_CP:
0x00DF	0x0008      	RETURN
; end of _Lcd_Chr_CP
_Delay_22us:
;__Lib_Delays.c,15 :: 		void Delay_22us() {
;__Lib_Delays.c,16 :: 		Delay_us(22);
0x00E0	0x300E      	MOVLW      14
0x00E1	0x1283      	BCF        STATUS, 5
0x00E2	0x1303      	BCF        STATUS, 6
0x00E3	0x00FD      	MOVWF      R13
L_Delay_22us1:
0x00E4	0x0BFD      	DECFSZ     R13, 1
0x00E5	0x28E4      	GOTO       L_Delay_22us1
0x00E6	0x0000      	NOP
;__Lib_Delays.c,17 :: 		}
L_end_Delay_22us:
0x00E7	0x0008      	RETURN
; end of _Delay_22us
_Div_16x16_S_L:
;__Lib_Math.c,421 :: 		
;__Lib_Math.c,427 :: 		
0x00E8	0x0D71      	RLF        R1, 0
;__Lib_Math.c,428 :: 		
0x00E9	0x0DF8      	RLF        R8, 1
;__Lib_Math.c,429 :: 		
0x00EA	0x0DF9      	RLF        R9, 1
;__Lib_Math.c,430 :: 		
0x00EB	0x0874      	MOVF       R4, 0
;__Lib_Math.c,431 :: 		
0x00EC	0x02F8      	SUBWF      R8, 1
;__Lib_Math.c,432 :: 		
0x00ED	0x0875      	MOVF       R5, 0
;__Lib_Math.c,433 :: 		
0x00EE	0x1C03      	BTFSS      STATUS, 0
;__Lib_Math.c,434 :: 		
0x00EF	0x0F75      	INCFSZ     R5, 0
;__Lib_Math.c,435 :: 		
0x00F0	0x02F9      	SUBWF      R9, 1
;__Lib_Math.c,436 :: 		
0x00F1	0x0DF0      	RLF        R0, 1
;__Lib_Math.c,437 :: 		
0x00F2	0x0DF1      	RLF        R1, 1
;__Lib_Math.c,439 :: 		
0x00F3	0x300F      	MOVLW      15
;__Lib_Math.c,440 :: 		
0x00F4	0x00FC      	MOVWF      R12
;__Lib_Math.c,442 :: 		
0x00F5	0x0D71      	RLF        R1, 0
;__Lib_Math.c,443 :: 		
0x00F6	0x0DF8      	RLF        R8, 1
;__Lib_Math.c,444 :: 		
0x00F7	0x0DF9      	RLF        R9, 1
;__Lib_Math.c,445 :: 		
0x00F8	0x0874      	MOVF       R4, 0
;__Lib_Math.c,447 :: 		
0x00F9	0x1C70      	BTFSS      R0, 0
;__Lib_Math.c,448 :: 		
0x00FA	0x2901      	GOTO       $+7
;__Lib_Math.c,449 :: 		
0x00FB	0x02F8      	SUBWF      R8, 1
;__Lib_Math.c,450 :: 		
0x00FC	0x0875      	MOVF       R5, 0
;__Lib_Math.c,451 :: 		
0x00FD	0x1C03      	BTFSS      STATUS, 0
;__Lib_Math.c,452 :: 		
0x00FE	0x0F75      	INCFSZ     R5, 0
;__Lib_Math.c,453 :: 		
0x00FF	0x02F9      	SUBWF      R9, 1
;__Lib_Math.c,454 :: 		
0x0100	0x2906      	GOTO       $+6
;__Lib_Math.c,456 :: 		
0x0101	0x07F8      	ADDWF      R8, 1
;__Lib_Math.c,457 :: 		
0x0102	0x0875      	MOVF       R5, 0
;__Lib_Math.c,458 :: 		
0x0103	0x1803      	BTFSC      STATUS, 0
;__Lib_Math.c,459 :: 		
0x0104	0x0F75      	INCFSZ     R5, 0
;__Lib_Math.c,460 :: 		
0x0105	0x07F9      	ADDWF      R9, 1
;__Lib_Math.c,462 :: 		
0x0106	0x0DF0      	RLF        R0, 1
;__Lib_Math.c,463 :: 		
0x0107	0x0DF1      	RLF        R1, 1
;__Lib_Math.c,465 :: 		
0x0108	0x0BFC      	DECFSZ     R12, 1
;__Lib_Math.c,466 :: 		
0x0109	0x28F5      	GOTO       $-20
;__Lib_Math.c,468 :: 		
0x010A	0x1870      	BTFSC      R0, 0
;__Lib_Math.c,469 :: 		
0x010B	0x2912      	GOTO       $+7
;__Lib_Math.c,470 :: 		
0x010C	0x0874      	MOVF       R4, 0
;__Lib_Math.c,471 :: 		
0x010D	0x07F8      	ADDWF      R8, 1
;__Lib_Math.c,472 :: 		
0x010E	0x0875      	MOVF       R5, 0
;__Lib_Math.c,473 :: 		
0x010F	0x1803      	BTFSC      STATUS, 0
;__Lib_Math.c,474 :: 		
0x0110	0x0F75      	INCFSZ     R5, 0
;__Lib_Math.c,475 :: 		
0x0111	0x07F9      	ADDWF      R9, 1
;__Lib_Math.c,476 :: 		
0x0112	0x0000      	NOP
;__Lib_Math.c,478 :: 		
L_end_Div_16x16_S_L:
0x0113	0x0008      	RETURN
; end of _Div_16x16_S_L
_IntToStr:
;__Lib_Conversions.c,195 :: 		
;__Lib_Conversions.c,201 :: 		
0x0114	0x1283      	BCF        STATUS, 5
0x0115	0x1303      	BCF        STATUS, 6
0x0116	0x01EE      	CLRF       IntToStr_negative_L0
0x0117	0x01EF      	CLRF       IntToStr_negative_L0+1
;__Lib_Conversions.c,202 :: 		
0x0118	0x0869      	MOVF       FARG_IntToStr_input, 0
0x0119	0x1683      	BSF        STATUS, 5
0x011A	0x00A0      	MOVWF      IntToStr_inword_L0
0x011B	0x1283      	BCF        STATUS, 5
0x011C	0x086A      	MOVF       FARG_IntToStr_input+1, 0
0x011D	0x1683      	BSF        STATUS, 5
0x011E	0x00A1      	MOVWF      IntToStr_inword_L0+1
;__Lib_Conversions.c,203 :: 		
0x011F	0x3080      	MOVLW      128
0x0120	0x1283      	BCF        STATUS, 5
0x0121	0x066A      	XORWF      FARG_IntToStr_input+1, 0
0x0122	0x00F0      	MOVWF      R0
0x0123	0x3080      	MOVLW      128
0x0124	0x0270      	SUBWF      R0, 0
0x0125	0x1D03      	BTFSS      STATUS, 2
0x0126	0x2929      	GOTO       L__IntToStr387
0x0127	0x3000      	MOVLW      0
0x0128	0x0269      	SUBWF      FARG_IntToStr_input, 0
L__IntToStr387:
0x0129	0x1803      	BTFSC      STATUS, 0
0x012A	0x293A      	GOTO       L_IntToStr37
;__Lib_Conversions.c,204 :: 		
0x012B	0x3001      	MOVLW      1
0x012C	0x00EE      	MOVWF      IntToStr_negative_L0
0x012D	0x3000      	MOVLW      0
0x012E	0x00EF      	MOVWF      IntToStr_negative_L0+1
;__Lib_Conversions.c,205 :: 		
0x012F	0x0869      	MOVF       FARG_IntToStr_input, 0
0x0130	0x3C00      	SUBLW      0
0x0131	0x1683      	BSF        STATUS, 5
0x0132	0x00A0      	MOVWF      IntToStr_inword_L0
0x0133	0x1283      	BCF        STATUS, 5
0x0134	0x086A      	MOVF       FARG_IntToStr_input+1, 0
0x0135	0x1C03      	BTFSS      STATUS, 0
0x0136	0x3E01      	ADDLW      1
0x0137	0x1683      	BSF        STATUS, 5
0x0138	0x01A1      	CLRF       IntToStr_inword_L0+1
0x0139	0x02A1      	SUBWF      IntToStr_inword_L0+1, 1
;__Lib_Conversions.c,206 :: 		
L_IntToStr37:
0x013A	0x1683      	BSF        STATUS, 5
;__Lib_Conversions.c,207 :: 		
0x013B	0x0820      	MOVF       IntToStr_inword_L0, 0
0x013C	0x00A2      	MOVWF      FARG_WordToStr_input
0x013D	0x0821      	MOVF       IntToStr_inword_L0+1, 0
0x013E	0x00A3      	MOVWF      FARG_WordToStr_input+1
0x013F	0x1283      	BCF        STATUS, 5
0x0140	0x086B      	MOVF       FARG_IntToStr_output, 0
0x0141	0x1683      	BSF        STATUS, 5
0x0142	0x00A4      	MOVWF      FARG_WordToStr_output
0x0143	0x208E      	CALL       _WordToStr
;__Lib_Conversions.c,209 :: 		
0x0144	0x3006      	MOVLW      6
0x0145	0x1283      	BCF        STATUS, 5
0x0146	0x00EC      	MOVWF      IntToStr_i_L0
0x0147	0x3000      	MOVLW      0
0x0148	0x00ED      	MOVWF      IntToStr_i_L0+1
;__Lib_Conversions.c,210 :: 		
L_IntToStr38:
0x0149	0x086D      	MOVF       IntToStr_i_L0+1, 0
0x014A	0x3C00      	SUBLW      0
0x014B	0x1D03      	BTFSS      STATUS, 2
0x014C	0x294F      	GOTO       L__IntToStr388
0x014D	0x086C      	MOVF       IntToStr_i_L0, 0
0x014E	0x3C00      	SUBLW      0
L__IntToStr388:
0x014F	0x1803      	BTFSC      STATUS, 0
0x0150	0x296A      	GOTO       L_IntToStr39
;__Lib_Conversions.c,211 :: 		
0x0151	0x086C      	MOVF       IntToStr_i_L0, 0
0x0152	0x076B      	ADDWF      FARG_IntToStr_output, 0
0x0153	0x00F2      	MOVWF      R2
0x0154	0x3001      	MOVLW      1
0x0155	0x026C      	SUBWF      IntToStr_i_L0, 0
0x0156	0x00F0      	MOVWF      R0
0x0157	0x3000      	MOVLW      0
0x0158	0x1C03      	BTFSS      STATUS, 0
0x0159	0x3E01      	ADDLW      1
0x015A	0x026D      	SUBWF      IntToStr_i_L0+1, 0
0x015B	0x00F1      	MOVWF      R0+1
0x015C	0x0870      	MOVF       R0, 0
0x015D	0x076B      	ADDWF      FARG_IntToStr_output, 0
0x015E	0x0084      	MOVWF      FSR
0x015F	0x0800      	MOVF       INDF, 0
0x0160	0x00F0      	MOVWF      R0
0x0161	0x0872      	MOVF       R2, 0
0x0162	0x0084      	MOVWF      FSR
0x0163	0x0870      	MOVF       R0, 0
0x0164	0x0080      	MOVWF      INDF
;__Lib_Conversions.c,212 :: 		
0x0165	0x3001      	MOVLW      1
0x0166	0x02EC      	SUBWF      IntToStr_i_L0, 1
0x0167	0x1C03      	BTFSS      STATUS, 0
0x0168	0x03ED      	DECF       IntToStr_i_L0+1, 1
;__Lib_Conversions.c,213 :: 		
0x0169	0x2949      	GOTO       L_IntToStr38
L_IntToStr39:
;__Lib_Conversions.c,214 :: 		
0x016A	0x086B      	MOVF       FARG_IntToStr_output, 0
0x016B	0x0084      	MOVWF      FSR
0x016C	0x3020      	MOVLW      32
0x016D	0x0080      	MOVWF      INDF
;__Lib_Conversions.c,215 :: 		
0x016E	0x086E      	MOVF       IntToStr_negative_L0, 0
0x016F	0x046F      	IORWF      IntToStr_negative_L0+1, 0
0x0170	0x1903      	BTFSC      STATUS, 2
0x0171	0x2988      	GOTO       L_IntToStr40
;__Lib_Conversions.c,216 :: 		
0x0172	0x01EC      	CLRF       IntToStr_i_L0
0x0173	0x01ED      	CLRF       IntToStr_i_L0+1
;__Lib_Conversions.c,217 :: 		
L_IntToStr41:
0x0174	0x086C      	MOVF       IntToStr_i_L0, 0
0x0175	0x076B      	ADDWF      FARG_IntToStr_output, 0
0x0176	0x0084      	MOVWF      FSR
0x0177	0x0800      	MOVF       INDF, 0
0x0178	0x3A20      	XORLW      32
0x0179	0x1D03      	BTFSS      STATUS, 2
0x017A	0x297F      	GOTO       L_IntToStr42
0x017B	0x0AEC      	INCF       IntToStr_i_L0, 1
0x017C	0x1903      	BTFSC      STATUS, 2
0x017D	0x0AED      	INCF       IntToStr_i_L0+1, 1
0x017E	0x2974      	GOTO       L_IntToStr41
L_IntToStr42:
;__Lib_Conversions.c,218 :: 		
0x017F	0x3001      	MOVLW      1
0x0180	0x02EC      	SUBWF      IntToStr_i_L0, 1
0x0181	0x1C03      	BTFSS      STATUS, 0
0x0182	0x03ED      	DECF       IntToStr_i_L0+1, 1
;__Lib_Conversions.c,219 :: 		
0x0183	0x086C      	MOVF       IntToStr_i_L0, 0
0x0184	0x076B      	ADDWF      FARG_IntToStr_output, 0
0x0185	0x0084      	MOVWF      FSR
0x0186	0x302D      	MOVLW      45
0x0187	0x0080      	MOVWF      INDF
L_IntToStr40:
;__Lib_Conversions.c,220 :: 		
L_end_IntToStr:
0x0188	0x0008      	RETURN
; end of _IntToStr
_Div_16x16_S:
;__Lib_Math.c,480 :: 		
;__Lib_Math.c,488 :: 		
0x0189	0x1283      	BCF        STATUS, 5
0x018A	0x1303      	BCF        STATUS, 6
0x018B	0x0874      	MOVF       R4, 0
0x018C	0x3A00      	XORLW      0
0x018D	0x1D03      	BTFSS      STATUS, 2
0x018E	0x2998      	GOTO       L_Div_16x16_S0
;__Lib_Math.c,489 :: 		
0x018F	0x0875      	MOVF       R5, 0
0x0190	0x3A00      	XORLW      0
0x0191	0x1D03      	BTFSS      STATUS, 2
0x0192	0x2998      	GOTO       L_Div_16x16_S1
;__Lib_Math.c,490 :: 		
0x0193	0x30FF      	MOVLW      255
0x0194	0x00F0      	MOVWF      R0
;__Lib_Math.c,491 :: 		
0x0195	0x307F      	MOVLW      127
0x0196	0x00F1      	MOVWF      R1
;__Lib_Math.c,492 :: 		
0x0197	0x29F1      	GOTO       L_end_Div_16x16_S
;__Lib_Math.c,493 :: 		
L_Div_16x16_S1:
L_Div_16x16_S0:
;__Lib_Math.c,496 :: 		
0x0198	0x1283      	BCF        STATUS, 5
;__Lib_Math.c,497 :: 		
0x0199	0x1303      	BCF        STATUS, 6
;__Lib_Math.c,498 :: 		
0x019A	0x01FD      	CLRF       R13
;__Lib_Math.c,499 :: 		
0x019B	0x01F9      	CLRF       R9
;__Lib_Math.c,500 :: 		
0x019C	0x01F8      	CLRF       R8
;__Lib_Math.c,501 :: 		
0x019D	0x0871      	MOVF       R1, 0
;__Lib_Math.c,502 :: 		
0x019E	0x0470      	IORWF      R0, 0
;__Lib_Math.c,503 :: 		
0x019F	0x1903      	BTFSC      STATUS, 2
;__Lib_Math.c,504 :: 		
0x01A0	0x3400      	RETLW      0
;__Lib_Math.c,506 :: 		
0x01A1	0x0871      	MOVF       R1, 0
;__Lib_Math.c,507 :: 		
0x01A2	0x0675      	XORWF      R5, 0
;__Lib_Math.c,508 :: 		
0x01A3	0x00FA      	MOVWF      R10
;__Lib_Math.c,509 :: 		
0x01A4	0x1BFA      	BTFSC      R10, 7
;__Lib_Math.c,510 :: 		
0x01A5	0x09FD      	COMF       R13, 1
;__Lib_Math.c,512 :: 		
0x01A6	0x01FB      	CLRF       R11
;__Lib_Math.c,514 :: 		
0x01A7	0x1FF5      	BTFSS      R5, 7
;__Lib_Math.c,515 :: 		
0x01A8	0x29AE      	GOTO       $+6
;__Lib_Math.c,517 :: 		
0x01A9	0x09F4      	COMF       R4, 1
;__Lib_Math.c,518 :: 		
0x01AA	0x09F5      	COMF       R5, 1
;__Lib_Math.c,519 :: 		
0x01AB	0x0AF4      	INCF       R4, 1
;__Lib_Math.c,520 :: 		
0x01AC	0x1903      	BTFSC      STATUS, 2
;__Lib_Math.c,521 :: 		
0x01AD	0x0AF5      	INCF       R5, 1
;__Lib_Math.c,523 :: 		
0x01AE	0x1FF1      	BTFSS      R1, 7
;__Lib_Math.c,524 :: 		
0x01AF	0x29B5      	GOTO       $+6
;__Lib_Math.c,526 :: 		
0x01B0	0x09F0      	COMF       R0, 1
;__Lib_Math.c,527 :: 		
0x01B1	0x09F1      	COMF       R1, 1
;__Lib_Math.c,528 :: 		
0x01B2	0x0AF0      	INCF       R0, 1
;__Lib_Math.c,529 :: 		
0x01B3	0x1903      	BTFSC      STATUS, 2
;__Lib_Math.c,530 :: 		
0x01B4	0x0AF1      	INCF       R1, 1
;__Lib_Math.c,532 :: 		
0x01B5	0x0871      	MOVF       R1, 0
;__Lib_Math.c,533 :: 		
0x01B6	0x0475      	IORWF      R5, 0
;__Lib_Math.c,534 :: 		
0x01B7	0x00FA      	MOVWF      R10
;__Lib_Math.c,535 :: 		
0x01B8	0x1BFA      	BTFSC      R10, 7
;__Lib_Math.c,536 :: 		
0x01B9	0x29CA      	GOTO       $+17
;__Lib_Math.c,538 :: 		
0x01BA	0x20E8      	CALL       _Div_16x16_S_L
;__Lib_Math.c,540 :: 		
0x01BB	0x187B      	BTFSC      R11, 0
;__Lib_Math.c,541 :: 		
0x01BC	0x29DD      	GOTO       $+33
;__Lib_Math.c,543 :: 		
0x01BD	0x1FFD      	BTFSS      R13, 7
;__Lib_Math.c,544 :: 		
0x01BE	0x3400      	RETLW      0
;__Lib_Math.c,546 :: 		
0x01BF	0x09F0      	COMF       R0, 1
;__Lib_Math.c,547 :: 		
0x01C0	0x09F1      	COMF       R1, 1
;__Lib_Math.c,548 :: 		
0x01C1	0x0AF0      	INCF       R0, 1
;__Lib_Math.c,549 :: 		
0x01C2	0x1903      	BTFSC      STATUS, 2
;__Lib_Math.c,550 :: 		
0x01C3	0x0AF1      	INCF       R1, 1
;__Lib_Math.c,552 :: 		
0x01C4	0x09F8      	COMF       R8, 1
;__Lib_Math.c,553 :: 		
0x01C5	0x09F9      	COMF       R9, 1
;__Lib_Math.c,554 :: 		
0x01C6	0x0AF8      	INCF       R8, 1
;__Lib_Math.c,555 :: 		
0x01C7	0x1903      	BTFSC      STATUS, 2
;__Lib_Math.c,556 :: 		
0x01C8	0x0AF9      	INCF       R9, 1
;__Lib_Math.c,558 :: 		
0x01C9	0x3400      	RETLW      0
;__Lib_Math.c,560 :: 		
0x01CA	0x1FF5      	BTFSS      R5, 7
;__Lib_Math.c,561 :: 		
0x01CB	0x29D9      	GOTO       $+14
;__Lib_Math.c,562 :: 		
0x01CC	0x1BF1      	BTFSC      R1, 7
;__Lib_Math.c,563 :: 		
0x01CD	0x29D5      	GOTO       $+8
;__Lib_Math.c,564 :: 		
0x01CE	0x0871      	MOVF       R1, 0
;__Lib_Math.c,565 :: 		
0x01CF	0x00F9      	MOVWF      R9
;__Lib_Math.c,566 :: 		
0x01D0	0x0870      	MOVF       R0, 0
;__Lib_Math.c,567 :: 		
0x01D1	0x00F8      	MOVWF      R8
;__Lib_Math.c,568 :: 		
0x01D2	0x01F1      	CLRF       R1
;__Lib_Math.c,569 :: 		
0x01D3	0x01F0      	CLRF       R0
;__Lib_Math.c,570 :: 		
0x01D4	0x29BD      	GOTO       $-23
;__Lib_Math.c,571 :: 		
0x01D5	0x01F1      	CLRF       R1
;__Lib_Math.c,572 :: 		
0x01D6	0x01F0      	CLRF       R0
;__Lib_Math.c,573 :: 		
0x01D7	0x0AF0      	INCF       R0, 1
;__Lib_Math.c,574 :: 		
0x01D8	0x3400      	RETLW      0
;__Lib_Math.c,576 :: 		
0x01D9	0x09F1      	COMF       R1, 1
;__Lib_Math.c,577 :: 		
0x01DA	0x09F0      	COMF       R0, 1
;__Lib_Math.c,578 :: 		
0x01DB	0x0AFB      	INCF       R11, 1
;__Lib_Math.c,579 :: 		
0x01DC	0x29BA      	GOTO       $-34
;__Lib_Math.c,581 :: 		
0x01DD	0x0AF8      	INCF       R8, 1
;__Lib_Math.c,582 :: 		
0x01DE	0x1903      	BTFSC      STATUS, 2
;__Lib_Math.c,583 :: 		
0x01DF	0x0AF9      	INCF       R9, 1
;__Lib_Math.c,584 :: 		
0x01E0	0x0874      	MOVF       R4, 0
;__Lib_Math.c,585 :: 		
0x01E1	0x0278      	SUBWF      R8, 0
;__Lib_Math.c,586 :: 		
0x01E2	0x1D03      	BTFSS      STATUS, 2
;__Lib_Math.c,587 :: 		
0x01E3	0x29BD      	GOTO       $-38
;__Lib_Math.c,588 :: 		
0x01E4	0x0875      	MOVF       R5, 0
;__Lib_Math.c,589 :: 		
0x01E5	0x0279      	SUBWF      R9, 0
;__Lib_Math.c,590 :: 		
0x01E6	0x1D03      	BTFSS      STATUS, 2
;__Lib_Math.c,591 :: 		
0x01E7	0x29BD      	GOTO       $-42
;__Lib_Math.c,592 :: 		
0x01E8	0x01F9      	CLRF       R9
;__Lib_Math.c,593 :: 		
0x01E9	0x01F8      	CLRF       R8
;__Lib_Math.c,594 :: 		
0x01EA	0x0AF0      	INCF       R0, 1
;__Lib_Math.c,595 :: 		
0x01EB	0x1903      	BTFSC      STATUS, 2
;__Lib_Math.c,596 :: 		
0x01EC	0x0AF1      	INCF       R1, 1
;__Lib_Math.c,597 :: 		
0x01ED	0x1FF1      	BTFSS      R1, 7
;__Lib_Math.c,598 :: 		
0x01EE	0x29BD      	GOTO       $-49
;__Lib_Math.c,599 :: 		
0x01EF	0x0000      	NOP
;__Lib_Math.c,600 :: 		
0x01F0	0x34FF      	RETLW      255
;__Lib_Math.c,602 :: 		
L_end_Div_16x16_S:
0x01F1	0x0008      	RETURN
; end of _Div_16x16_S
_Mul_16X16_U:
;__Lib_Math.c,136 :: 		
;__Lib_Math.c,143 :: 		
0x01F2	0x1283      	BCF        STATUS, 5
;__Lib_Math.c,144 :: 		
0x01F3	0x1303      	BCF        STATUS, 6
;__Lib_Math.c,145 :: 		
0x01F4	0x01FB      	CLRF       R11
;__Lib_Math.c,146 :: 		
0x01F5	0x01FA      	CLRF       R10
;__Lib_Math.c,147 :: 		
0x01F6	0x01F9      	CLRF       R9
;__Lib_Math.c,148 :: 		
0x01F7	0x3080      	MOVLW      128
;__Lib_Math.c,149 :: 		
0x01F8	0x00F8      	MOVWF      R8
;__Lib_Math.c,150 :: 		
0x01F9	0x0CF1      	RRF        R1, 1
;__Lib_Math.c,151 :: 		
0x01FA	0x0CF0      	RRF        R0, 1
;__Lib_Math.c,152 :: 		
0x01FB	0x1C03      	BTFSS      STATUS, 0
;__Lib_Math.c,153 :: 		
0x01FC	0x2A06      	GOTO       $+10
;__Lib_Math.c,154 :: 		
0x01FD	0x0874      	MOVF       R4, 0
;__Lib_Math.c,155 :: 		
0x01FE	0x07F9      	ADDWF      R9, 1
;__Lib_Math.c,156 :: 		
0x01FF	0x0875      	MOVF       R5, 0
;__Lib_Math.c,157 :: 		
0x0200	0x1803      	BTFSC      STATUS, 0
;__Lib_Math.c,158 :: 		
0x0201	0x0F75      	INCFSZ     R5, 0
;__Lib_Math.c,159 :: 		
0x0202	0x07FA      	ADDWF      R10, 1
;__Lib_Math.c,160 :: 		
0x0203	0x1803      	BTFSC      STATUS, 0
;__Lib_Math.c,161 :: 		
0x0204	0x0AFB      	INCF       R11, 1
;__Lib_Math.c,162 :: 		
0x0205	0x1003      	BCF        STATUS, 0
;__Lib_Math.c,163 :: 		
0x0206	0x1FF0      	BTFSS      R0, 7
;__Lib_Math.c,164 :: 		
0x0207	0x2A0E      	GOTO       $+7
;__Lib_Math.c,165 :: 		
0x0208	0x0874      	MOVF       R4, 0
;__Lib_Math.c,166 :: 		
0x0209	0x07FA      	ADDWF      R10, 1
;__Lib_Math.c,167 :: 		
0x020A	0x0875      	MOVF       R5, 0
;__Lib_Math.c,168 :: 		
0x020B	0x1803      	BTFSC      STATUS, 0
;__Lib_Math.c,169 :: 		
0x020C	0x0F75      	INCFSZ     R5, 0
;__Lib_Math.c,170 :: 		
0x020D	0x07FB      	ADDWF      R11, 1
;__Lib_Math.c,171 :: 		
0x020E	0x0CFB      	RRF        R11, 1
;__Lib_Math.c,172 :: 		
0x020F	0x0CFA      	RRF        R10, 1
;__Lib_Math.c,173 :: 		
0x0210	0x0CF9      	RRF        R9, 1
;__Lib_Math.c,174 :: 		
0x0211	0x0CF8      	RRF        R8, 1
;__Lib_Math.c,175 :: 		
0x0212	0x1C03      	BTFSS      STATUS, 0
;__Lib_Math.c,176 :: 		
0x0213	0x29F9      	GOTO       $-26
;__Lib_Math.c,177 :: 		
0x0214	0x087B      	MOVF       R11, 0
;__Lib_Math.c,178 :: 		
0x0215	0x00F3      	MOVWF      R3
;__Lib_Math.c,179 :: 		
0x0216	0x087A      	MOVF       R10, 0
;__Lib_Math.c,180 :: 		
0x0217	0x00F2      	MOVWF      R2
;__Lib_Math.c,181 :: 		
0x0218	0x0879      	MOVF       R9, 0
;__Lib_Math.c,182 :: 		
0x0219	0x00F1      	MOVWF      R1
;__Lib_Math.c,183 :: 		
0x021A	0x0878      	MOVF       R8, 0
;__Lib_Math.c,184 :: 		
0x021B	0x00F0      	MOVWF      R0
;__Lib_Math.c,187 :: 		
L_end_Mul_16X16_U:
0x021C	0x0008      	RETURN
; end of _Mul_16X16_U
_Lcd_Out:
;__Lib_Lcd.c,184 :: 		
;__Lib_Lcd.c,187 :: 		
0x021D	0x2A2F      	GOTO       L_Lcd_Out11
;__Lib_Lcd.c,188 :: 		
L_Lcd_Out13:
0x021E	0x3080      	MOVLW      128
0x021F	0x1283      	BCF        STATUS, 5
0x0220	0x1303      	BCF        STATUS, 6
0x0221	0x00E9      	MOVWF      FARG_Lcd_Out_row
0x0222	0x2A42      	GOTO       L_Lcd_Out12
;__Lib_Lcd.c,189 :: 		
L_Lcd_Out14:
0x0223	0x30C0      	MOVLW      192
0x0224	0x00E9      	MOVWF      FARG_Lcd_Out_row
0x0225	0x2A42      	GOTO       L_Lcd_Out12
;__Lib_Lcd.c,190 :: 		
L_Lcd_Out15:
0x0226	0x3094      	MOVLW      148
0x0227	0x00E9      	MOVWF      FARG_Lcd_Out_row
0x0228	0x2A42      	GOTO       L_Lcd_Out12
;__Lib_Lcd.c,191 :: 		
L_Lcd_Out16:
0x0229	0x30D4      	MOVLW      212
0x022A	0x00E9      	MOVWF      FARG_Lcd_Out_row
0x022B	0x2A42      	GOTO       L_Lcd_Out12
;__Lib_Lcd.c,192 :: 		
L_Lcd_Out17:
0x022C	0x3080      	MOVLW      128
0x022D	0x00E9      	MOVWF      FARG_Lcd_Out_row
;__Lib_Lcd.c,193 :: 		
0x022E	0x2A42      	GOTO       L_Lcd_Out12
L_Lcd_Out11:
0x022F	0x1283      	BCF        STATUS, 5
0x0230	0x1303      	BCF        STATUS, 6
0x0231	0x0869      	MOVF       FARG_Lcd_Out_row, 0
0x0232	0x3A01      	XORLW      1
0x0233	0x1903      	BTFSC      STATUS, 2
0x0234	0x2A1E      	GOTO       L_Lcd_Out13
0x0235	0x0869      	MOVF       FARG_Lcd_Out_row, 0
0x0236	0x3A02      	XORLW      2
0x0237	0x1903      	BTFSC      STATUS, 2
0x0238	0x2A23      	GOTO       L_Lcd_Out14
0x0239	0x0869      	MOVF       FARG_Lcd_Out_row, 0
0x023A	0x3A03      	XORLW      3
0x023B	0x1903      	BTFSC      STATUS, 2
0x023C	0x2A26      	GOTO       L_Lcd_Out15
0x023D	0x0869      	MOVF       FARG_Lcd_Out_row, 0
0x023E	0x3A04      	XORLW      4
0x023F	0x1903      	BTFSC      STATUS, 2
0x0240	0x2A29      	GOTO       L_Lcd_Out16
0x0241	0x2A2C      	GOTO       L_Lcd_Out17
L_Lcd_Out12:
;__Lib_Lcd.c,194 :: 		
0x0242	0x036A      	DECF       FARG_Lcd_Out_column, 0
0x0243	0x00F0      	MOVWF      R0
0x0244	0x0869      	MOVF       FARG_Lcd_Out_row, 0
0x0245	0x07F0      	ADDWF      R0, 1
0x0246	0x0870      	MOVF       R0, 0
0x0247	0x00E9      	MOVWF      FARG_Lcd_Out_row
;__Lib_Lcd.c,196 :: 		
0x0248	0x0870      	MOVF       R0, 0
0x0249	0x1683      	BSF        STATUS, 5
0x024A	0x00A7      	MOVWF      FARG_Lcd_Cmd_out_char
0x024B	0x201A      	CALL       _Lcd_Cmd
;__Lib_Lcd.c,197 :: 		
0x024C	0x104A      	BCF        __Lib_Lcd_cmd_status, BitPos(__Lib_Lcd_cmd_status+0)
;__Lib_Lcd.c,198 :: 		
0x024D	0x01EC      	CLRF       Lcd_Out_i_L0
;__Lib_Lcd.c,199 :: 		
L_Lcd_Out18:
0x024E	0x086C      	MOVF       Lcd_Out_i_L0, 0
0x024F	0x076B      	ADDWF      FARG_Lcd_Out_text, 0
0x0250	0x0084      	MOVWF      FSR
0x0251	0x0800      	MOVF       INDF, 0
0x0252	0x1903      	BTFSC      STATUS, 2
0x0253	0x2A5D      	GOTO       L_Lcd_Out19
;__Lib_Lcd.c,200 :: 		
0x0254	0x086C      	MOVF       Lcd_Out_i_L0, 0
0x0255	0x076B      	ADDWF      FARG_Lcd_Out_text, 0
0x0256	0x0084      	MOVWF      FSR
0x0257	0x0800      	MOVF       INDF, 0
0x0258	0x1683      	BSF        STATUS, 5
0x0259	0x00A2      	MOVWF      FARG_Lcd_Chr_CP_out_char
0x025A	0x20D7      	CALL       _Lcd_Chr_CP
0x025B	0x0AEC      	INCF       Lcd_Out_i_L0, 1
0x025C	0x2A4E      	GOTO       L_Lcd_Out18
L_Lcd_Out19:
;__Lib_Lcd.c,201 :: 		
0x025D	0x144A      	BSF        __Lib_Lcd_cmd_status, BitPos(__Lib_Lcd_cmd_status+0)
;__Lib_Lcd.c,202 :: 		
L_end_Lcd_Out:
0x025E	0x0008      	RETURN
; end of _Lcd_Out
_UART1_Init:
;__Lib_UART_c67.c,2 :: 		
;__Lib_UART_c67.c,5 :: 		
0x025F	0x1683      	BSF        STATUS, 5
0x0260	0x1303      	BCF        STATUS, 6
0x0261	0x1698      	BSF        TXSTA, 5
;__Lib_UART_c67.c,6 :: 		
0x0262	0x3090      	MOVLW      144
0x0263	0x1283      	BCF        STATUS, 5
0x0264	0x0098      	MOVWF      RCSTA
;__Lib_UART_c67.c,7 :: 		
0x0265	0x1683      	BSF        STATUS, 5
0x0266	0x1787      	BSF        TRISC7_bit, BitPos(TRISC7_bit+0)
;__Lib_UART_c67.c,8 :: 		
0x0267	0x1307      	BCF        TRISC6_bit, BitPos(TRISC6_bit+0)
;__Lib_UART_c67.c,10 :: 		
L_UART1_Init0:
0x0268	0x1283      	BCF        STATUS, 5
0x0269	0x1E8C      	BTFSS      PIR1, 5
0x026A	0x2A6E      	GOTO       L_UART1_Init1
;__Lib_UART_c67.c,11 :: 		
0x026B	0x081A      	MOVF       RCREG, 0
0x026C	0x00F0      	MOVWF      R0
0x026D	0x2A68      	GOTO       L_UART1_Init0
L_UART1_Init1:
;__Lib_UART_c67.c,12 :: 		
L_end_UART1_Init:
0x026E	0x0008      	RETURN
; end of _UART1_Init
_Lcd_Init:
;__Lib_Lcd.c,84 :: 		
;__Lib_Lcd.c,86 :: 		
0x026F	0x1683      	BSF        STATUS, 5
0x0270	0x1303      	BCF        STATUS, 6
0x0271	0x1186      	BCF        LCD_EN_Direction, BitPos(LCD_EN_Direction+0)
;__Lib_Lcd.c,87 :: 		
0x0272	0x1106      	BCF        LCD_RS_Direction, BitPos(LCD_RS_Direction+0)
;__Lib_Lcd.c,88 :: 		
0x0273	0x1206      	BCF        LCD_D4_Direction, BitPos(LCD_D4_Direction+0)
;__Lib_Lcd.c,89 :: 		
0x0274	0x1286      	BCF        LCD_D5_Direction, BitPos(LCD_D5_Direction+0)
;__Lib_Lcd.c,90 :: 		
0x0275	0x1306      	BCF        LCD_D6_Direction, BitPos(LCD_D6_Direction+0)
;__Lib_Lcd.c,91 :: 		
0x0276	0x1386      	BCF        LCD_D7_Direction, BitPos(LCD_D7_Direction+0)
;__Lib_Lcd.c,93 :: 		
0x0277	0x1283      	BCF        STATUS, 5
0x0278	0x1186      	BCF        LCD_EN, BitPos(LCD_EN+0)
;__Lib_Lcd.c,94 :: 		
0x0279	0x1106      	BCF        LCD_RS, BitPos(LCD_RS+0)
;__Lib_Lcd.c,95 :: 		
0x027A	0x1386      	BCF        LCD_D7, BitPos(LCD_D7+0)
;__Lib_Lcd.c,96 :: 		
0x027B	0x1306      	BCF        LCD_D6, BitPos(LCD_D6+0)
;__Lib_Lcd.c,97 :: 		
0x027C	0x1286      	BCF        LCD_D5, BitPos(LCD_D5+0)
;__Lib_Lcd.c,98 :: 		
0x027D	0x1206      	BCF        LCD_D4, BitPos(LCD_D4+0)
;__Lib_Lcd.c,100 :: 		
0x027E	0x200A      	CALL       _Delay_5500us
;__Lib_Lcd.c,101 :: 		
0x027F	0x200A      	CALL       _Delay_5500us
;__Lib_Lcd.c,102 :: 		
0x0280	0x200A      	CALL       _Delay_5500us
;__Lib_Lcd.c,105 :: 		
0x0281	0x1686      	BSF        LCD_D5, BitPos(LCD_D5+0)
;__Lib_Lcd.c,106 :: 		
0x0282	0x1606      	BSF        LCD_D4, BitPos(LCD_D4+0)
;__Lib_Lcd.c,107 :: 		
0x0283	0x1586      	BSF        LCD_EN, BitPos(LCD_EN+0)
;__Lib_Lcd.c,108 :: 		
0x0284	0x2017      	CALL       _Delay_1us
;__Lib_Lcd.c,109 :: 		
0x0285	0x1186      	BCF        LCD_EN, BitPos(LCD_EN+0)
;__Lib_Lcd.c,110 :: 		
0x0286	0x200A      	CALL       _Delay_5500us
;__Lib_Lcd.c,112 :: 		
0x0287	0x1586      	BSF        LCD_EN, BitPos(LCD_EN+0)
;__Lib_Lcd.c,113 :: 		
0x0288	0x2017      	CALL       _Delay_1us
;__Lib_Lcd.c,114 :: 		
0x0289	0x1186      	BCF        LCD_EN, BitPos(LCD_EN+0)
;__Lib_Lcd.c,115 :: 		
0x028A	0x200A      	CALL       _Delay_5500us
;__Lib_Lcd.c,117 :: 		
0x028B	0x1586      	BSF        LCD_EN, BitPos(LCD_EN+0)
;__Lib_Lcd.c,118 :: 		
0x028C	0x2017      	CALL       _Delay_1us
;__Lib_Lcd.c,119 :: 		
0x028D	0x1186      	BCF        LCD_EN, BitPos(LCD_EN+0)
;__Lib_Lcd.c,120 :: 		
0x028E	0x200A      	CALL       _Delay_5500us
;__Lib_Lcd.c,123 :: 		
0x028F	0x1206      	BCF        LCD_D4, BitPos(LCD_D4+0)
;__Lib_Lcd.c,124 :: 		
0x0290	0x1586      	BSF        LCD_EN, BitPos(LCD_EN+0)
;__Lib_Lcd.c,125 :: 		
0x0291	0x2017      	CALL       _Delay_1us
;__Lib_Lcd.c,126 :: 		
0x0292	0x1186      	BCF        LCD_EN, BitPos(LCD_EN+0)
;__Lib_Lcd.c,127 :: 		
0x0293	0x200A      	CALL       _Delay_5500us
;__Lib_Lcd.c,130 :: 		
0x0294	0x1586      	BSF        LCD_EN, BitPos(LCD_EN+0)
;__Lib_Lcd.c,131 :: 		
0x0295	0x2017      	CALL       _Delay_1us
;__Lib_Lcd.c,132 :: 		
0x0296	0x1186      	BCF        LCD_EN, BitPos(LCD_EN+0)
;__Lib_Lcd.c,134 :: 		
0x0297	0x1286      	BCF        LCD_D5, BitPos(LCD_D5+0)
;__Lib_Lcd.c,135 :: 		
0x0298	0x1786      	BSF        LCD_D7, BitPos(LCD_D7+0)
;__Lib_Lcd.c,136 :: 		
0x0299	0x1586      	BSF        LCD_EN, BitPos(LCD_EN+0)
;__Lib_Lcd.c,137 :: 		
0x029A	0x2017      	CALL       _Delay_1us
;__Lib_Lcd.c,138 :: 		
0x029B	0x1186      	BCF        LCD_EN, BitPos(LCD_EN+0)
;__Lib_Lcd.c,139 :: 		
0x029C	0x200A      	CALL       _Delay_5500us
;__Lib_Lcd.c,142 :: 		
0x029D	0x1386      	BCF        LCD_D7, BitPos(LCD_D7+0)
;__Lib_Lcd.c,143 :: 		
0x029E	0x1606      	BSF        LCD_D4, BitPos(LCD_D4+0)
;__Lib_Lcd.c,144 :: 		
0x029F	0x1586      	BSF        LCD_EN, BitPos(LCD_EN+0)
;__Lib_Lcd.c,145 :: 		
0x02A0	0x2017      	CALL       _Delay_1us
;__Lib_Lcd.c,146 :: 		
0x02A1	0x1186      	BCF        LCD_EN, BitPos(LCD_EN+0)
;__Lib_Lcd.c,148 :: 		
0x02A2	0x1206      	BCF        LCD_D4, BitPos(LCD_D4+0)
;__Lib_Lcd.c,149 :: 		
0x02A3	0x1586      	BSF        LCD_EN, BitPos(LCD_EN+0)
;__Lib_Lcd.c,150 :: 		
0x02A4	0x2017      	CALL       _Delay_1us
;__Lib_Lcd.c,151 :: 		
0x02A5	0x1186      	BCF        LCD_EN, BitPos(LCD_EN+0)
;__Lib_Lcd.c,152 :: 		
0x02A6	0x200A      	CALL       _Delay_5500us
;__Lib_Lcd.c,155 :: 		
0x02A7	0x1586      	BSF        LCD_EN, BitPos(LCD_EN+0)
;__Lib_Lcd.c,156 :: 		
0x02A8	0x2017      	CALL       _Delay_1us
;__Lib_Lcd.c,157 :: 		
0x02A9	0x1186      	BCF        LCD_EN, BitPos(LCD_EN+0)
;__Lib_Lcd.c,159 :: 		
0x02AA	0x1606      	BSF        LCD_D4, BitPos(LCD_D4+0)
;__Lib_Lcd.c,160 :: 		
0x02AB	0x1586      	BSF        LCD_EN, BitPos(LCD_EN+0)
;__Lib_Lcd.c,161 :: 		
0x02AC	0x2017      	CALL       _Delay_1us
;__Lib_Lcd.c,162 :: 		
0x02AD	0x1186      	BCF        LCD_EN, BitPos(LCD_EN+0)
;__Lib_Lcd.c,163 :: 		
0x02AE	0x200A      	CALL       _Delay_5500us
;__Lib_Lcd.c,166 :: 		
0x02AF	0x1206      	BCF        LCD_D4, BitPos(LCD_D4+0)
;__Lib_Lcd.c,167 :: 		
0x02B0	0x1586      	BSF        LCD_EN, BitPos(LCD_EN+0)
;__Lib_Lcd.c,168 :: 		
0x02B1	0x2017      	CALL       _Delay_1us
;__Lib_Lcd.c,169 :: 		
0x02B2	0x1186      	BCF        LCD_EN, BitPos(LCD_EN+0)
;__Lib_Lcd.c,171 :: 		
0x02B3	0x1786      	BSF        LCD_D7, BitPos(LCD_D7+0)
;__Lib_Lcd.c,172 :: 		
0x02B4	0x1706      	BSF        LCD_D6, BitPos(LCD_D6+0)
;__Lib_Lcd.c,173 :: 		
0x02B5	0x1686      	BSF        LCD_D5, BitPos(LCD_D5+0)
;__Lib_Lcd.c,174 :: 		
0x02B6	0x1606      	BSF        LCD_D4, BitPos(LCD_D4+0)
;__Lib_Lcd.c,175 :: 		
0x02B7	0x1586      	BSF        LCD_EN, BitPos(LCD_EN+0)
;__Lib_Lcd.c,176 :: 		
0x02B8	0x2017      	CALL       _Delay_1us
;__Lib_Lcd.c,177 :: 		
0x02B9	0x1186      	BCF        LCD_EN, BitPos(LCD_EN+0)
;__Lib_Lcd.c,179 :: 		
0x02BA	0x200A      	CALL       _Delay_5500us
;__Lib_Lcd.c,181 :: 		
0x02BB	0x144A      	BSF        __Lib_Lcd_cmd_status, BitPos(__Lib_Lcd_cmd_status+0)
;__Lib_Lcd.c,182 :: 		
L_end_Lcd_Init:
0x02BC	0x0008      	RETURN
; end of _Lcd_Init
_ADC_Read:
;__Lib_ADC_A_C.c,68 :: 		
;__Lib_ADC_A_C.c,70 :: 		
0x02BD	0x1283      	BCF        STATUS, 5
0x02BE	0x1303      	BCF        STATUS, 6
0x02BF	0x019F      	CLRF       ADCON0
;__Lib_ADC_A_C.c,71 :: 		
0x02C0	0x30C0      	MOVLW      192
0x02C1	0x049F      	IORWF      ADCON0, 1
;__Lib_ADC_A_C.c,72 :: 		
0x02C2	0x0935      	COMF       _vref_mask, 0
0x02C3	0x00F0      	MOVWF      R0
0x02C4	0x0870      	MOVF       R0, 0
0x02C5	0x1683      	BSF        STATUS, 5
0x02C6	0x059F      	ANDWF      ADCON1, 1
;__Lib_ADC_A_C.c,73 :: 		
0x02C7	0x171F      	BSF        ADCON1, 6
;__Lib_ADC_A_C.c,74 :: 		
0x02C8	0x179F      	BSF        ADCON1, 7
;__Lib_ADC_A_C.c,75 :: 		
0x02C9	0x1283      	BCF        STATUS, 5
0x02CA	0x0869      	MOVF       FARG_ADC_Read_channel, 0
0x02CB	0x00F0      	MOVWF      R0
0x02CC	0x0DF0      	RLF        R0, 1
0x02CD	0x1070      	BCF        R0, 0
0x02CE	0x0DF0      	RLF        R0, 1
0x02CF	0x1070      	BCF        R0, 0
0x02D0	0x0DF0      	RLF        R0, 1
0x02D1	0x1070      	BCF        R0, 0
0x02D2	0x0870      	MOVF       R0, 0
0x02D3	0x049F      	IORWF      ADCON0, 1
;__Lib_ADC_A_C.c,78 :: 		
0x02D4	0x141F      	BSF        ADCON0, 0
;__Lib_ADC_A_C.c,81 :: 		
0x02D5	0x20E0      	CALL       _Delay_22us
;__Lib_ADC_A_C.c,84 :: 		
0x02D6	0x151F      	BSF        ADCON0, 2
;__Lib_ADC_A_C.c,87 :: 		
L_ADC_Read2:
0x02D7	0x1D1F      	BTFSS      ADCON0, 2
0x02D8	0x2ADB      	GOTO       L_ADC_Read3
;__Lib_ADC_A_C.c,88 :: 		
0x02D9	0x0000      	NOP
0x02DA	0x2AD7      	GOTO       L_ADC_Read2
L_ADC_Read3:
;__Lib_ADC_A_C.c,91 :: 		
0x02DB	0x101F      	BCF        ADCON0, 0
;__Lib_ADC_A_C.c,94 :: 		
0x02DC	0x081E      	MOVF       ADRESH, 0
0x02DD	0x00F1      	MOVWF      R0+1
0x02DE	0x01F0      	CLRF       R0
0x02DF	0x1683      	BSF        STATUS, 5
0x02E0	0x081E      	MOVF       ADRESL, 0
0x02E1	0x04F0      	IORWF      R0, 1
0x02E2	0x3000      	MOVLW      0
0x02E3	0x04F1      	IORWF      R0+1, 1
;__Lib_ADC_A_C.c,95 :: 		
L_end_ADC_Read:
0x02E4	0x0008      	RETURN
; end of _ADC_Read
___CC2DW:
;__Lib_System.c,134 :: 		
;__Lib_System.c,137 :: 		
_CC2D_Loop1:
;__Lib_System.c,139 :: 		
0x02E5	0x20D0      	CALL       _____DoICP
0x02E6	0x118A      	BCF        PCLATH, 3
0x02E7	0x120A      	BCF        PCLATH, 4
;__Lib_System.c,141 :: 		
0x02E8	0x0080      	MOVWF      INDF
;__Lib_System.c,142 :: 		
0x02E9	0x0A84      	INCF       FSR, 1
;__Lib_System.c,143 :: 		
0x02EA	0x0ACD      	INCF       ___DoICPAddr, 1
;__Lib_System.c,145 :: 		
0x02EB	0x1903      	BTFSC      STATUS, 2
;__Lib_System.c,146 :: 		
0x02EC	0x0ACE      	INCF       ___DoICPAddr+1, 1
;__Lib_System.c,147 :: 		
0x02ED	0x03F0      	DECF       R0, 1
;__Lib_System.c,149 :: 		
0x02EE	0x1D03      	BTFSS      STATUS, 2
;__Lib_System.c,150 :: 		
0x02EF	0x2AE5      	GOTO       _CC2D_Loop1
;__Lib_System.c,152 :: 		
L_end___CC2DW:
0x02F0	0x0008      	RETURN
; end of ___CC2DW
_main:
0x02F1	0x236A      	CALL       874
;Temperature_sensor.c,19 :: 		void main(){
;Temperature_sensor.c,20 :: 		UART1_Init(9600); // Initialize UART module with baud rate 9600
0x02F2	0x3033      	MOVLW      51
0x02F3	0x1683      	BSF        STATUS, 5
0x02F4	0x1303      	BCF        STATUS, 6
0x02F5	0x0099      	MOVWF      SPBRG
0x02F6	0x1518      	BSF        TXSTA, 2
0x02F7	0x225F      	CALL       _UART1_Init
;Temperature_sensor.c,21 :: 		Lcd_Init();                        // Initialize LCD
0x02F8	0x226F      	CALL       _Lcd_Init
;Temperature_sensor.c,22 :: 		Lcd_Cmd(_LCD_CLEAR);               // Clear display
0x02F9	0x3001      	MOVLW      1
0x02FA	0x1683      	BSF        STATUS, 5
0x02FB	0x00A7      	MOVWF      FARG_Lcd_Cmd_out_char
0x02FC	0x201A      	CALL       _Lcd_Cmd
;Temperature_sensor.c,23 :: 		Lcd_Cmd(_LCD_CURSOR_OFF);          // Cursor off
0x02FD	0x300C      	MOVLW      12
0x02FE	0x1683      	BSF        STATUS, 5
0x02FF	0x00A7      	MOVWF      FARG_Lcd_Cmd_out_char
0x0300	0x201A      	CALL       _Lcd_Cmd
;Temperature_sensor.c,25 :: 		i = 0;
0x0301	0x01CB      	CLRF       _i
0x0302	0x01CC      	CLRF       _i+1
;Temperature_sensor.c,26 :: 		while(1) {
L_main0:
;Temperature_sensor.c,28 :: 		valADC = ADC_Read(0);
0x0303	0x01E9      	CLRF       FARG_ADC_Read_channel
0x0304	0x22BD      	CALL       _ADC_Read
0x0305	0x0870      	MOVF       R0, 0
0x0306	0x1283      	BCF        STATUS, 5
0x0307	0x00E7      	MOVWF      FLOC__main
0x0308	0x0871      	MOVF       R0+1, 0
0x0309	0x00E8      	MOVWF      FLOC__main+1
0x030A	0x0867      	MOVF       FLOC__main, 0
0x030B	0x00CF      	MOVWF      _valADC
0x030C	0x0868      	MOVF       FLOC__main+1, 0
0x030D	0x00D0      	MOVWF      _valADC+1
;Temperature_sensor.c,29 :: 		farhen = (valADC * 9/5) + 32;
0x030E	0x0867      	MOVF       FLOC__main, 0
0x030F	0x00F0      	MOVWF      R0
0x0310	0x0868      	MOVF       FLOC__main+1, 0
0x0311	0x00F1      	MOVWF      R0+1
0x0312	0x3009      	MOVLW      9
0x0313	0x00F4      	MOVWF      R4
0x0314	0x3000      	MOVLW      0
0x0315	0x00F5      	MOVWF      R4+1
0x0316	0x21F2      	CALL       _Mul_16X16_U
0x0317	0x3005      	MOVLW      5
0x0318	0x00F4      	MOVWF      R4
0x0319	0x3000      	MOVLW      0
0x031A	0x00F5      	MOVWF      R4+1
0x031B	0x2189      	CALL       _Div_16x16_S
0x031C	0x3020      	MOVLW      32
0x031D	0x0770      	ADDWF      R0, 0
0x031E	0x00E5      	MOVWF      _farhen
0x031F	0x0871      	MOVF       R0+1, 0
0x0320	0x1803      	BTFSC      STATUS, 0
0x0321	0x3E01      	ADDLW      1
0x0322	0x00E6      	MOVWF      _farhen+1
;Temperature_sensor.c,31 :: 		IntToStr(valADC,cel);
0x0323	0x0867      	MOVF       FLOC__main, 0
0x0324	0x00E9      	MOVWF      FARG_IntToStr_input
0x0325	0x0868      	MOVF       FLOC__main+1, 0
0x0326	0x00EA      	MOVWF      FARG_IntToStr_input+1
0x0327	0x3051      	MOVLW      _cel
0x0328	0x00EB      	MOVWF      FARG_IntToStr_output
0x0329	0x2114      	CALL       _IntToStr
;Temperature_sensor.c,32 :: 		IntToStr(farhen,far);
0x032A	0x0865      	MOVF       _farhen, 0
0x032B	0x00E9      	MOVWF      FARG_IntToStr_input
0x032C	0x0866      	MOVF       _farhen+1, 0
0x032D	0x00EA      	MOVWF      FARG_IntToStr_input+1
0x032E	0x3036      	MOVLW      _far
0x032F	0x00EB      	MOVWF      FARG_IntToStr_output
0x0330	0x2114      	CALL       _IntToStr
;Temperature_sensor.c,34 :: 		Lcd_Out(1,1,"Celsius:");
0x0331	0x3001      	MOVLW      1
0x0332	0x00E9      	MOVWF      FARG_Lcd_Out_row
0x0333	0x3001      	MOVLW      1
0x0334	0x00EA      	MOVWF      FARG_Lcd_Out_column
0x0335	0x3020      	MOVLW      ?lstr1_Temperature_sensor
0x0336	0x00EB      	MOVWF      FARG_Lcd_Out_text
0x0337	0x221D      	CALL       _Lcd_Out
;Temperature_sensor.c,35 :: 		Lcd_Out(1,10,cel);                 // Write text in first row
0x0338	0x3001      	MOVLW      1
0x0339	0x00E9      	MOVWF      FARG_Lcd_Out_row
0x033A	0x300A      	MOVLW      10
0x033B	0x00EA      	MOVWF      FARG_Lcd_Out_column
0x033C	0x3051      	MOVLW      _cel
0x033D	0x00EB      	MOVWF      FARG_Lcd_Out_text
0x033E	0x221D      	CALL       _Lcd_Out
;Temperature_sensor.c,36 :: 		Lcd_Out(2,1,"Fahrenheit:");
0x033F	0x3002      	MOVLW      2
0x0340	0x00E9      	MOVWF      FARG_Lcd_Out_row
0x0341	0x3001      	MOVLW      1
0x0342	0x00EA      	MOVWF      FARG_Lcd_Out_column
0x0343	0x3029      	MOVLW      ?lstr2_Temperature_sensor
0x0344	0x00EB      	MOVWF      FARG_Lcd_Out_text
0x0345	0x221D      	CALL       _Lcd_Out
;Temperature_sensor.c,37 :: 		Lcd_Out(2,10,far);
0x0346	0x3002      	MOVLW      2
0x0347	0x00E9      	MOVWF      FARG_Lcd_Out_row
0x0348	0x300A      	MOVLW      10
0x0349	0x00EA      	MOVWF      FARG_Lcd_Out_column
0x034A	0x3036      	MOVLW      _far
0x034B	0x00EB      	MOVWF      FARG_Lcd_Out_text
0x034C	0x221D      	CALL       _Lcd_Out
;Temperature_sensor.c,38 :: 		}
0x034D	0x2B03      	GOTO       L_main0
;Temperature_sensor.c,39 :: 		}
L_end_main:
0x034E	0x2B4E      	GOTO       $+0
; end of _main
0x036A	0x3020      	MOVLW      32
0x036B	0x0084      	MOVWF      FSR
0x036C	0x3016      	MOVLW      22
0x036D	0x1283      	BCF        STATUS, 5
0x036E	0x1303      	BCF        STATUS, 6
0x036F	0x00F0      	MOVWF      R0
0x0370	0x3054      	MOVLW      84
0x0371	0x00CD      	MOVWF      ___DoICPAddr
0x0372	0x3003      	MOVLW      3
0x0373	0x00CE      	MOVWF      78
0x0374	0x22E5      	CALL       741
0x0375	0x0008      	RETURN
;Temperature_sensor.c,0 :: ?ICS?lstr1_Temperature_sensor
0x0354	0x3443 ;?ICS?lstr1_Temperature_sensor+0
0x0355	0x3465 ;?ICS?lstr1_Temperature_sensor+1
0x0356	0x346C ;?ICS?lstr1_Temperature_sensor+2
0x0357	0x3473 ;?ICS?lstr1_Temperature_sensor+3
0x0358	0x3469 ;?ICS?lstr1_Temperature_sensor+4
0x0359	0x3475 ;?ICS?lstr1_Temperature_sensor+5
0x035A	0x3473 ;?ICS?lstr1_Temperature_sensor+6
0x035B	0x343A ;?ICS?lstr1_Temperature_sensor+7
0x035C	0x3400 ;?ICS?lstr1_Temperature_sensor+8
; end of ?ICS?lstr1_Temperature_sensor
;Temperature_sensor.c,0 :: ?ICS?lstr2_Temperature_sensor
0x035D	0x3446 ;?ICS?lstr2_Temperature_sensor+0
0x035E	0x3461 ;?ICS?lstr2_Temperature_sensor+1
0x035F	0x3468 ;?ICS?lstr2_Temperature_sensor+2
0x0360	0x3472 ;?ICS?lstr2_Temperature_sensor+3
0x0361	0x3465 ;?ICS?lstr2_Temperature_sensor+4
0x0362	0x346E ;?ICS?lstr2_Temperature_sensor+5
0x0363	0x3468 ;?ICS?lstr2_Temperature_sensor+6
0x0364	0x3465 ;?ICS?lstr2_Temperature_sensor+7
0x0365	0x3469 ;?ICS?lstr2_Temperature_sensor+8
0x0366	0x3474 ;?ICS?lstr2_Temperature_sensor+9
0x0367	0x343A ;?ICS?lstr2_Temperature_sensor+10
0x0368	0x3400 ;?ICS?lstr2_Temperature_sensor+11
; end of ?ICS?lstr2_Temperature_sensor
;__Lib_ADC_A_C.c,0 :: ?ICS_vref_mask
0x0369	0x340F ;?ICS_vref_mask+0
; end of ?ICS_vref_mask
Symbol List:
//** Routines locations **
//ADDRESS    SIZE    PROCEDURE
//----------------------------------------------
0x0003       [7]    _Delay_50us
0x000A      [13]    _Delay_5500us
0x0017       [3]    _Delay_1us
0x001A      [87]    _Lcd_Cmd
0x0071      [29]    _Div_16X16_U
0x008E      [66]    _WordToStr
0x00D0       [7]    _____DoICP
0x00D7       [9]    _Lcd_Chr_CP
0x00E0       [8]    _Delay_22us
0x00E8      [44]    _Div_16x16_S_L
0x0114     [117]    _IntToStr
0x0189     [105]    _Div_16x16_S
0x01F2      [43]    _Mul_16X16_U
0x021D      [66]    _Lcd_Out
0x025F      [16]    _UART1_Init
0x026F      [78]    _Lcd_Init
0x02BD      [40]    _ADC_Read
0x02E5      [12]    ___CC2DW
0x02F1      [93]    _main
//** Variables locations ** 
//ADDRESS    SIZE    VARIABLE
//----------------------------------------------
0x0000       [1]    INDF
0x0002       [1]    PCL
0x0003       [1]    STATUS
0x0004       [1]    FSR
0x0006       [0]    RB5_bit
0x0006       [0]    RB4_bit
0x0006       [0]    RB7_bit
0x0006       [0]    RB6_bit
0x0006       [0]    RB3_bit
0x0006       [0]    RB2_bit
0x0006       [0]    LCD_D4
0x0006       [0]    LCD_EN
0x0006       [0]    LCD_RS
0x0006       [0]    LCD_D5
0x0006       [0]    LCD_D7
0x0006       [0]    LCD_D6
0x000A       [1]    PCLATH
0x000C       [1]    PIR1
0x0018       [1]    RCSTA
0x001A       [1]    RCREG
0x001E       [1]    ADRESH
0x001F       [1]    ADCON0
0x0020       [9]    ?lstr1_Temperature_sensor
0x0029      [12]    ?lstr2_Temperature_sensor
0x0035       [1]    _vref_mask
0x0036      [20]    _far
0x004A       [0]    __Lib_Lcd_cmd_status
0x004B       [2]    _i
0x004D       [2]    ___DoICPAddr
0x004F       [2]    _valADC
0x0051      [20]    _cel
0x0065       [2]    _farhen
0x0067       [2]    FLOC__main
0x0069       [1]    FARG_Lcd_Out_row
0x0069       [1]    FARG_ADC_Read_channel
0x0069       [2]    FARG_IntToStr_input
0x006A       [1]    FARG_Lcd_Out_column
0x006B       [1]    FARG_Lcd_Out_text
0x006B       [1]    FARG_IntToStr_output
0x006C       [1]    Lcd_Out_i_L0
0x006C       [2]    IntToStr_i_L0
0x006E       [2]    IntToStr_negative_L0
0x0070       [1]    R0
0x0071       [1]    R1
0x0072       [1]    R2
0x0073       [1]    R3
0x0074       [1]    R4
0x0075       [1]    R5
0x0076       [1]    R6
0x0077       [1]    R7
0x0078       [1]    R8
0x0079       [1]    R9
0x007A       [1]    R10
0x007B       [1]    R11
0x007C       [1]    R12
0x007D       [1]    R13
0x007E       [1]    R14
0x007F       [1]    R15
0x0086       [0]    TRISB3_bit
0x0086       [0]    LCD_RS_Direction
0x0086       [0]    LCD_EN_Direction
0x0086       [0]    TRISB2_bit
0x0086       [0]    LCD_D4_Direction
0x0086       [0]    TRISB5_bit
0x0086       [0]    TRISB6_bit
0x0086       [0]    TRISB7_bit
0x0086       [0]    TRISB4_bit
0x0086       [0]    LCD_D5_Direction
0x0086       [0]    LCD_D6_Direction
0x0086       [0]    LCD_D7_Direction
0x0087       [0]    TRISC7_bit
0x0087       [0]    TRISC6_bit
0x0098       [1]    TXSTA
0x0099       [1]    SPBRG
0x009E       [1]    ADRESL
0x009F       [1]    ADCON1
0x00A0       [2]    IntToStr_inword_L0
0x00A2       [1]    FARG_Lcd_Chr_CP_out_char
0x00A2       [2]    FARG_WordToStr_input
0x00A4       [1]    FARG_WordToStr_output
0x00A5       [1]    WordToStr_len_L0
0x00A6       [1]    FLOC__WordToStr
0x00A7       [1]    FARG_Lcd_Cmd_out_char
//** Constants locations ** 
//ADDRESS    SIZE    CONSTANT
//----------------------------------------------
0x0354       [9]    ?ICS?lstr1_Temperature_sensor
0x035D      [12]    ?ICS?lstr2_Temperature_sensor
0x0369       [1]    ?ICS_vref_mask
